[2023-10-02T00:49:30.919+0000] {taskinstance.py:1103} INFO - Dependencies all met for dep_context=non-requeueable deps ti=<TaskInstance: Load-Green-Taxi-Data-Web-To-GCS-To-Postgres.download_file_from_gcs scheduled__2019-06-02T06:00:00+00:00 [queued]>
[2023-10-02T00:49:30.930+0000] {taskinstance.py:1103} INFO - Dependencies all met for dep_context=requeueable deps ti=<TaskInstance: Load-Green-Taxi-Data-Web-To-GCS-To-Postgres.download_file_from_gcs scheduled__2019-06-02T06:00:00+00:00 [queued]>
[2023-10-02T00:49:30.930+0000] {taskinstance.py:1308} INFO - Starting attempt 1 of 3
[2023-10-02T00:49:30.955+0000] {taskinstance.py:1327} INFO - Executing <Task(GCSToLocalFilesystemOperator): download_file_from_gcs> on 2019-06-02 06:00:00+00:00
[2023-10-02T00:49:30.964+0000] {standard_task_runner.py:57} INFO - Started process 1112 to run task
[2023-10-02T00:49:30.967+0000] {standard_task_runner.py:84} INFO - Running: ['***', 'tasks', 'run', 'Load-Green-Taxi-Data-Web-To-GCS-To-Postgres', 'download_file_from_gcs', 'scheduled__2019-06-02T06:00:00+00:00', '--job-id', '667', '--raw', '--subdir', 'DAGS_FOLDER/web_gcs_pg.py', '--cfg-path', '/tmp/tmpxse3dfkt']
[2023-10-02T00:49:30.970+0000] {standard_task_runner.py:85} INFO - Job 667: Subtask download_file_from_gcs
[2023-10-02T00:49:31.028+0000] {task_command.py:410} INFO - Running <TaskInstance: Load-Green-Taxi-Data-Web-To-GCS-To-Postgres.download_file_from_gcs scheduled__2019-06-02T06:00:00+00:00 [running]> on host 537710aea1a2
[2023-10-02T00:49:31.156+0000] {taskinstance.py:1547} INFO - Exporting env vars: AIRFLOW_CTX_DAG_EMAIL='' AIRFLOW_CTX_DAG_OWNER='***' AIRFLOW_CTX_DAG_ID='Load-Green-Taxi-Data-Web-To-GCS-To-Postgres' AIRFLOW_CTX_TASK_ID='download_file_from_gcs' AIRFLOW_CTX_EXECUTION_DATE='2019-06-02T06:00:00+00:00' AIRFLOW_CTX_TRY_NUMBER='1' AIRFLOW_CTX_DAG_RUN_ID='scheduled__2019-06-02T06:00:00+00:00'
[2023-10-02T00:49:31.157+0000] {gcs_to_local.py:111} INFO - Executing download: practice18, green/green_tripdata_2019-06.csv, /opt/***/green_tripdata_2019-06.csv
[2023-10-02T00:49:31.159+0000] {crypto.py:83} WARNING - empty cryptography key - values will not be stored encrypted.
[2023-10-02T00:49:31.159+0000] {base.py:73} INFO - Using connection ID 'google_cloud_default' for task execution.
[2023-10-02T00:49:53.764+0000] {gcs.py:341} INFO - File downloaded to /opt/***/green_tripdata_2019-06.csv
[2023-10-02T00:49:53.778+0000] {taskinstance.py:1350} INFO - Marking task as SUCCESS. dag_id=Load-Green-Taxi-Data-Web-To-GCS-To-Postgres, task_id=download_file_from_gcs, execution_date=20190602T060000, start_date=20231002T004930, end_date=20231002T004953
[2023-10-02T00:49:53.920+0000] {local_task_job_runner.py:225} INFO - Task exited with return code 0
[2023-10-02T00:49:53.961+0000] {taskinstance.py:2653} INFO - 1 downstream tasks scheduled from follow-on schedule check
[2023-10-02T18:30:56.742+0000] {taskinstance.py:1103} INFO - Dependencies all met for dep_context=non-requeueable deps ti=<TaskInstance: Load-Green-Taxi-Data-Web-To-GCS-To-Postgres.download_file_from_gcs scheduled__2019-06-02T06:00:00+00:00 [queued]>
[2023-10-02T18:30:56.794+0000] {taskinstance.py:1103} INFO - Dependencies all met for dep_context=requeueable deps ti=<TaskInstance: Load-Green-Taxi-Data-Web-To-GCS-To-Postgres.download_file_from_gcs scheduled__2019-06-02T06:00:00+00:00 [queued]>
[2023-10-02T18:30:56.795+0000] {taskinstance.py:1308} INFO - Starting attempt 1 of 3
[2023-10-02T18:30:56.852+0000] {taskinstance.py:1327} INFO - Executing <Task(GCSToLocalFilesystemOperator): download_file_from_gcs> on 2019-06-02 06:00:00+00:00
[2023-10-02T18:30:56.868+0000] {standard_task_runner.py:57} INFO - Started process 9133 to run task
[2023-10-02T18:30:56.872+0000] {standard_task_runner.py:84} INFO - Running: ['***', 'tasks', 'run', 'Load-Green-Taxi-Data-Web-To-GCS-To-Postgres', 'download_file_from_gcs', 'scheduled__2019-06-02T06:00:00+00:00', '--job-id', '1017', '--raw', '--subdir', 'DAGS_FOLDER/web_gcs_pg.py', '--cfg-path', '/tmp/tmp5vo6ktmd']
[2023-10-02T18:30:56.875+0000] {standard_task_runner.py:85} INFO - Job 1017: Subtask download_file_from_gcs
[2023-10-02T18:30:56.969+0000] {task_command.py:410} INFO - Running <TaskInstance: Load-Green-Taxi-Data-Web-To-GCS-To-Postgres.download_file_from_gcs scheduled__2019-06-02T06:00:00+00:00 [running]> on host 537710aea1a2
[2023-10-02T18:30:57.133+0000] {taskinstance.py:1547} INFO - Exporting env vars: AIRFLOW_CTX_DAG_EMAIL='' AIRFLOW_CTX_DAG_OWNER='***' AIRFLOW_CTX_DAG_ID='Load-Green-Taxi-Data-Web-To-GCS-To-Postgres' AIRFLOW_CTX_TASK_ID='download_file_from_gcs' AIRFLOW_CTX_EXECUTION_DATE='2019-06-02T06:00:00+00:00' AIRFLOW_CTX_TRY_NUMBER='1' AIRFLOW_CTX_DAG_RUN_ID='scheduled__2019-06-02T06:00:00+00:00'
[2023-10-02T18:30:57.134+0000] {gcs_to_local.py:111} INFO - Executing download: practice18, green/green_tripdata_2019-06.csv, /opt/***/green_tripdata_2019-06.csv
[2023-10-02T18:30:57.135+0000] {crypto.py:83} WARNING - empty cryptography key - values will not be stored encrypted.
[2023-10-02T18:30:57.136+0000] {base.py:73} INFO - Using connection ID 'google_cloud_default' for task execution.
[2023-10-02T18:31:14.982+0000] {gcs.py:341} INFO - File downloaded to /opt/***/green_tripdata_2019-06.csv
[2023-10-02T18:31:14.995+0000] {taskinstance.py:1350} INFO - Marking task as SUCCESS. dag_id=Load-Green-Taxi-Data-Web-To-GCS-To-Postgres, task_id=download_file_from_gcs, execution_date=20190602T060000, start_date=20231002T183056, end_date=20231002T183114
[2023-10-02T18:31:15.424+0000] {local_task_job_runner.py:225} INFO - Task exited with return code 0
[2023-10-02T18:31:15.471+0000] {taskinstance.py:2653} INFO - 1 downstream tasks scheduled from follow-on schedule check
