[2023-08-26T02:05:56.340+0000] {processor.py:157} INFO - Started process (PID=65) to work on /opt/airflow/dags/web_to_localDB.py
[2023-08-26T02:05:56.341+0000] {processor.py:826} INFO - Processing file /opt/airflow/dags/web_to_localDB.py for tasks to queue
[2023-08-26T02:05:56.342+0000] {logging_mixin.py:150} INFO - [2023-08-26T02:05:56.341+0000] {dagbag.py:541} INFO - Filling up the DagBag from /opt/airflow/dags/web_to_localDB.py
[2023-08-26T02:06:26.752+0000] {logging_mixin.py:150} INFO - [2023-08-26T02:06:26.752+0000] {timeout.py:68} ERROR - Process timed out, PID: 65
[2023-08-26T02:06:27.686+0000] {logging_mixin.py:150} INFO - [2023-08-26T02:06:26.753+0000] {dagbag.py:350} ERROR - Failed to import: /opt/airflow/dags/web_to_localDB.py
Traceback (most recent call last):
  File "/home/airflow/.local/lib/python3.7/site-packages/airflow/models/dagbag.py", line 346, in parse
    loader.exec_module(new_module)
  File "<frozen importlib._bootstrap_external>", line 728, in exec_module
  File "<frozen importlib._bootstrap>", line 219, in _call_with_frames_removed
  File "/opt/airflow/dags/web_to_localDB.py", line 11, in <module>
    from utils.db_ingestion import db_conn_ingestion
  File "/opt/airflow/dags/utils/db_ingestion.py", line 6, in <module>
    import pandas as pd
  File "/home/airflow/.local/lib/python3.7/site-packages/pandas/__init__.py", line 22, in <module>
    from pandas.compat import (
  File "/home/airflow/.local/lib/python3.7/site-packages/pandas/compat/__init__.py", line 15, in <module>
    from pandas.compat.numpy import (
  File "/home/airflow/.local/lib/python3.7/site-packages/pandas/compat/numpy/__init__.py", line 7, in <module>
    from pandas.util.version import Version
  File "/home/airflow/.local/lib/python3.7/site-packages/pandas/util/__init__.py", line 1, in <module>
    from pandas.util._decorators import (  # noqa
  File "/home/airflow/.local/lib/python3.7/site-packages/pandas/util/_decorators.py", line 14, in <module>
    from pandas._libs.properties import cache_readonly  # noqa
  File "/home/airflow/.local/lib/python3.7/site-packages/pandas/_libs/__init__.py", line 13, in <module>
    from pandas._libs.interval import Interval
  File "pandas/_libs/interval.pyx", line 1, in init pandas._libs.interval
  File "pandas/_libs/hashtable.pyx", line 1, in init pandas._libs.hashtable
  File "pandas/_libs/missing.pyx", line 1, in init pandas._libs.missing
  File "/home/airflow/.local/lib/python3.7/site-packages/pandas/_libs/tslibs/__init__.py", line 31, in <module>
    from pandas._libs.tslibs.conversion import (
  File "pandas/_libs/tslibs/conversion.pyx", line 63, in init pandas._libs.tslibs.conversion
  File "pandas/_libs/tslibs/parsing.pyx", line 1, in init pandas._libs.tslibs.parsing
  File "pandas/_libs/tslibs/offsets.pyx", line 35, in init pandas._libs.tslibs.offsets
  File "<frozen importlib._bootstrap>", line 416, in parent
  File "/home/airflow/.local/lib/python3.7/site-packages/airflow/utils/timeout.py", line 69, in handle_timeout
    raise AirflowTaskTimeout(self.error_message)
airflow.exceptions.AirflowTaskTimeout: DagBag import timeout for /opt/airflow/dags/web_to_localDB.py after 30.0s.
Please take a look at these docs to improve your DAG import time:
* https://airflow.apache.org/docs/apache-airflow/2.6.3/best-practices.html#top-level-python-code
* https://airflow.apache.org/docs/apache-airflow/2.6.3/best-practices.html#reducing-dag-complexity, PID: 65
[2023-08-26T02:06:27.687+0000] {processor.py:838} WARNING - No viable dags retrieved from /opt/airflow/dags/web_to_localDB.py
[2023-08-26T02:06:27.795+0000] {processor.py:179} INFO - Processing /opt/airflow/dags/web_to_localDB.py took 31.459 seconds
[2023-08-26T02:06:58.072+0000] {processor.py:157} INFO - Started process (PID=83) to work on /opt/airflow/dags/web_to_localDB.py
[2023-08-26T02:06:58.206+0000] {processor.py:826} INFO - Processing file /opt/airflow/dags/web_to_localDB.py for tasks to queue
[2023-08-26T02:06:58.207+0000] {logging_mixin.py:150} INFO - [2023-08-26T02:06:58.206+0000] {dagbag.py:541} INFO - Filling up the DagBag from /opt/airflow/dags/web_to_localDB.py
[2023-08-26T02:08:21.223+0000] {processor.py:157} INFO - Started process (PID=94) to work on /opt/airflow/dags/web_to_localDB.py
[2023-08-26T02:08:21.618+0000] {processor.py:826} INFO - Processing file /opt/airflow/dags/web_to_localDB.py for tasks to queue
[2023-08-26T02:08:24.332+0000] {logging_mixin.py:150} INFO - [2023-08-26T02:08:23.983+0000] {dagbag.py:541} INFO - Filling up the DagBag from /opt/airflow/dags/web_to_localDB.py
[2023-08-26T10:55:48.238+0000] {processor.py:157} INFO - Started process (PID=66) to work on /opt/airflow/dags/web_to_localDB.py
[2023-08-26T10:55:48.545+0000] {processor.py:826} INFO - Processing file /opt/airflow/dags/web_to_localDB.py for tasks to queue
[2023-08-26T10:55:48.546+0000] {logging_mixin.py:150} INFO - [2023-08-26T10:55:48.545+0000] {dagbag.py:541} INFO - Filling up the DagBag from /opt/airflow/dags/web_to_localDB.py
[2023-08-26T10:56:18.902+0000] {logging_mixin.py:150} INFO - [2023-08-26T10:56:18.901+0000] {timeout.py:68} ERROR - Process timed out, PID: 66
[2023-08-26T10:56:21.197+0000] {logging_mixin.py:150} INFO - [2023-08-26T10:56:18.902+0000] {dagbag.py:350} ERROR - Failed to import: /opt/airflow/dags/web_to_localDB.py
Traceback (most recent call last):
  File "/home/airflow/.local/lib/python3.7/site-packages/airflow/models/dagbag.py", line 346, in parse
    loader.exec_module(new_module)
  File "<frozen importlib._bootstrap_external>", line 728, in exec_module
  File "<frozen importlib._bootstrap>", line 219, in _call_with_frames_removed
  File "/opt/airflow/dags/web_to_localDB.py", line 11, in <module>
    from utils.db_ingestion import db_conn_ingestion
  File "/opt/airflow/dags/utils/db_ingestion.py", line 6, in <module>
    import pandas as pd
  File "/home/airflow/.local/lib/python3.7/site-packages/pandas/__init__.py", line 22, in <module>
    from pandas.compat import (
  File "/home/airflow/.local/lib/python3.7/site-packages/pandas/compat/__init__.py", line 15, in <module>
    from pandas.compat.numpy import (
  File "/home/airflow/.local/lib/python3.7/site-packages/pandas/compat/numpy/__init__.py", line 7, in <module>
    from pandas.util.version import Version
  File "/home/airflow/.local/lib/python3.7/site-packages/pandas/util/__init__.py", line 1, in <module>
    from pandas.util._decorators import (  # noqa
  File "/home/airflow/.local/lib/python3.7/site-packages/pandas/util/_decorators.py", line 14, in <module>
    from pandas._libs.properties import cache_readonly  # noqa
  File "/home/airflow/.local/lib/python3.7/site-packages/pandas/_libs/__init__.py", line 13, in <module>
    from pandas._libs.interval import Interval
  File "<frozen importlib._bootstrap>", line 416, in parent
  File "/home/airflow/.local/lib/python3.7/site-packages/airflow/utils/timeout.py", line 69, in handle_timeout
    raise AirflowTaskTimeout(self.error_message)
airflow.exceptions.AirflowTaskTimeout: DagBag import timeout for /opt/airflow/dags/web_to_localDB.py after 30.0s.
Please take a look at these docs to improve your DAG import time:
* https://airflow.apache.org/docs/apache-airflow/2.6.3/best-practices.html#top-level-python-code
* https://airflow.apache.org/docs/apache-airflow/2.6.3/best-practices.html#reducing-dag-complexity, PID: 66
[2023-08-26T10:56:21.202+0000] {processor.py:838} WARNING - No viable dags retrieved from /opt/airflow/dags/web_to_localDB.py
[2023-08-26T10:56:21.828+0000] {processor.py:179} INFO - Processing /opt/airflow/dags/web_to_localDB.py took 33.601 seconds
[2023-08-26T12:54:32.139+0000] {processor.py:157} INFO - Started process (PID=52) to work on /opt/airflow/dags/web_to_localDB.py
[2023-08-26T12:54:32.329+0000] {processor.py:826} INFO - Processing file /opt/airflow/dags/web_to_localDB.py for tasks to queue
[2023-08-26T12:54:32.330+0000] {logging_mixin.py:150} INFO - [2023-08-26T12:54:32.330+0000] {dagbag.py:541} INFO - Filling up the DagBag from /opt/airflow/dags/web_to_localDB.py
[2023-08-26T12:55:02.508+0000] {logging_mixin.py:150} INFO - [2023-08-26T12:55:02.507+0000] {timeout.py:68} ERROR - Process timed out, PID: 52
[2023-08-26T12:55:03.130+0000] {logging_mixin.py:150} INFO - [2023-08-26T12:55:02.509+0000] {dagbag.py:350} ERROR - Failed to import: /opt/airflow/dags/web_to_localDB.py
Traceback (most recent call last):
  File "/home/airflow/.local/lib/python3.7/site-packages/airflow/models/dagbag.py", line 346, in parse
    loader.exec_module(new_module)
  File "<frozen importlib._bootstrap_external>", line 728, in exec_module
  File "<frozen importlib._bootstrap>", line 219, in _call_with_frames_removed
  File "/opt/airflow/dags/web_to_localDB.py", line 7, in <module>
    from utils.db_ingestion import db_conn_ingestion
  File "/opt/airflow/dags/utils/db_ingestion.py", line 6, in <module>
    import pandas as pd
  File "/home/airflow/.local/lib/python3.7/site-packages/pandas/__init__.py", line 50, in <module>
    from pandas.core.api import (
  File "/home/airflow/.local/lib/python3.7/site-packages/pandas/core/api.py", line 29, in <module>
    from pandas.core.arrays import Categorical
  File "/home/airflow/.local/lib/python3.7/site-packages/pandas/core/arrays/__init__.py", line 20, in <module>
    from pandas.core.arrays.string_arrow import ArrowStringArray
  File "/home/airflow/.local/lib/python3.7/site-packages/pandas/core/arrays/string_arrow.py", line 65, in <module>
    import pyarrow.compute as pc
  File "/home/airflow/.local/lib/python3.7/site-packages/pyarrow/compute.py", line 18, in <module>
    from pyarrow._compute import (  # noqa
  File "<frozen importlib._bootstrap>", line 416, in parent
  File "/home/airflow/.local/lib/python3.7/site-packages/airflow/utils/timeout.py", line 69, in handle_timeout
    raise AirflowTaskTimeout(self.error_message)
airflow.exceptions.AirflowTaskTimeout: DagBag import timeout for /opt/airflow/dags/web_to_localDB.py after 30.0s.
Please take a look at these docs to improve your DAG import time:
* https://airflow.apache.org/docs/apache-airflow/2.6.3/best-practices.html#top-level-python-code
* https://airflow.apache.org/docs/apache-airflow/2.6.3/best-practices.html#reducing-dag-complexity, PID: 52
[2023-08-26T12:55:03.131+0000] {processor.py:838} WARNING - No viable dags retrieved from /opt/airflow/dags/web_to_localDB.py
[2023-08-26T12:55:03.306+0000] {processor.py:179} INFO - Processing /opt/airflow/dags/web_to_localDB.py took 31.170 seconds
[2023-08-26T12:55:33.429+0000] {processor.py:157} INFO - Started process (PID=64) to work on /opt/airflow/dags/web_to_localDB.py
[2023-08-26T12:55:33.452+0000] {processor.py:826} INFO - Processing file /opt/airflow/dags/web_to_localDB.py for tasks to queue
[2023-08-26T12:55:33.548+0000] {logging_mixin.py:150} INFO - [2023-08-26T12:55:33.452+0000] {dagbag.py:541} INFO - Filling up the DagBag from /opt/airflow/dags/web_to_localDB.py
[2023-08-26T12:55:38.558+0000] {processor.py:836} INFO - DAG(s) dict_keys(['LoadDataWebToDB']) retrieved from /opt/airflow/dags/web_to_localDB.py
[2023-08-26T12:55:39.051+0000] {logging_mixin.py:150} INFO - [2023-08-26T12:55:39.050+0000] {dag.py:2742} INFO - Sync 1 DAGs
[2023-08-26T12:55:39.081+0000] {logging_mixin.py:150} INFO - [2023-08-26T12:55:39.080+0000] {dag.py:3508} INFO - Setting next_dagrun for LoadDataWebToDB to 2021-01-02T06:00:00+00:00, run_after=2021-02-02T06:00:00+00:00
[2023-08-26T12:55:39.241+0000] {processor.py:179} INFO - Processing /opt/airflow/dags/web_to_localDB.py took 5.816 seconds
[2023-08-26T12:56:09.426+0000] {processor.py:157} INFO - Started process (PID=83) to work on /opt/airflow/dags/web_to_localDB.py
[2023-08-26T12:56:09.441+0000] {processor.py:826} INFO - Processing file /opt/airflow/dags/web_to_localDB.py for tasks to queue
[2023-08-26T12:56:09.442+0000] {logging_mixin.py:150} INFO - [2023-08-26T12:56:09.442+0000] {dagbag.py:541} INFO - Filling up the DagBag from /opt/airflow/dags/web_to_localDB.py
[2023-08-26T12:56:11.702+0000] {processor.py:836} INFO - DAG(s) dict_keys(['LoadDataWebToDB']) retrieved from /opt/airflow/dags/web_to_localDB.py
[2023-08-26T12:56:11.748+0000] {logging_mixin.py:150} INFO - [2023-08-26T12:56:11.748+0000] {dag.py:2742} INFO - Sync 1 DAGs
[2023-08-26T12:56:11.793+0000] {logging_mixin.py:150} INFO - [2023-08-26T12:56:11.793+0000] {dag.py:3508} INFO - Setting next_dagrun for LoadDataWebToDB to 2021-01-02T06:00:00+00:00, run_after=2021-02-02T06:00:00+00:00
[2023-08-26T12:56:11.819+0000] {processor.py:179} INFO - Processing /opt/airflow/dags/web_to_localDB.py took 2.397 seconds
[2023-08-26T12:56:42.011+0000] {processor.py:157} INFO - Started process (PID=95) to work on /opt/airflow/dags/web_to_localDB.py
[2023-08-26T12:56:42.028+0000] {processor.py:826} INFO - Processing file /opt/airflow/dags/web_to_localDB.py for tasks to queue
[2023-08-26T12:56:42.029+0000] {logging_mixin.py:150} INFO - [2023-08-26T12:56:42.029+0000] {dagbag.py:541} INFO - Filling up the DagBag from /opt/airflow/dags/web_to_localDB.py
[2023-08-26T12:56:42.594+0000] {processor.py:836} INFO - DAG(s) dict_keys(['LoadDataWebToDB']) retrieved from /opt/airflow/dags/web_to_localDB.py
[2023-08-26T12:56:42.632+0000] {logging_mixin.py:150} INFO - [2023-08-26T12:56:42.631+0000] {dag.py:2742} INFO - Sync 1 DAGs
[2023-08-26T12:56:42.663+0000] {logging_mixin.py:150} INFO - [2023-08-26T12:56:42.662+0000] {dag.py:3508} INFO - Setting next_dagrun for LoadDataWebToDB to 2021-01-02T06:00:00+00:00, run_after=2021-02-02T06:00:00+00:00
[2023-08-26T12:56:42.694+0000] {processor.py:179} INFO - Processing /opt/airflow/dags/web_to_localDB.py took 0.686 seconds
[2023-08-26T12:57:13.045+0000] {processor.py:157} INFO - Started process (PID=107) to work on /opt/airflow/dags/web_to_localDB.py
[2023-08-26T12:57:13.059+0000] {processor.py:826} INFO - Processing file /opt/airflow/dags/web_to_localDB.py for tasks to queue
[2023-08-26T12:57:13.061+0000] {logging_mixin.py:150} INFO - [2023-08-26T12:57:13.060+0000] {dagbag.py:541} INFO - Filling up the DagBag from /opt/airflow/dags/web_to_localDB.py
[2023-08-26T12:57:13.547+0000] {processor.py:836} INFO - DAG(s) dict_keys(['LoadDataWebToDB']) retrieved from /opt/airflow/dags/web_to_localDB.py
[2023-08-26T12:57:13.579+0000] {logging_mixin.py:150} INFO - [2023-08-26T12:57:13.579+0000] {dag.py:2742} INFO - Sync 1 DAGs
[2023-08-26T12:57:13.609+0000] {logging_mixin.py:150} INFO - [2023-08-26T12:57:13.609+0000] {dag.py:3508} INFO - Setting next_dagrun for LoadDataWebToDB to 2021-01-02T06:00:00+00:00, run_after=2021-02-02T06:00:00+00:00
[2023-08-26T12:57:13.635+0000] {processor.py:179} INFO - Processing /opt/airflow/dags/web_to_localDB.py took 0.594 seconds
[2023-08-26T12:57:43.822+0000] {processor.py:157} INFO - Started process (PID=119) to work on /opt/airflow/dags/web_to_localDB.py
[2023-08-26T12:57:43.856+0000] {processor.py:826} INFO - Processing file /opt/airflow/dags/web_to_localDB.py for tasks to queue
[2023-08-26T12:57:43.857+0000] {logging_mixin.py:150} INFO - [2023-08-26T12:57:43.857+0000] {dagbag.py:541} INFO - Filling up the DagBag from /opt/airflow/dags/web_to_localDB.py
[2023-08-26T12:57:44.391+0000] {processor.py:836} INFO - DAG(s) dict_keys(['LoadDataWebToDB']) retrieved from /opt/airflow/dags/web_to_localDB.py
[2023-08-26T12:57:44.436+0000] {logging_mixin.py:150} INFO - [2023-08-26T12:57:44.436+0000] {dag.py:2742} INFO - Sync 1 DAGs
[2023-08-26T12:57:44.476+0000] {logging_mixin.py:150} INFO - [2023-08-26T12:57:44.475+0000] {dag.py:3508} INFO - Setting next_dagrun for LoadDataWebToDB to 2021-01-02T06:00:00+00:00, run_after=2021-02-02T06:00:00+00:00
[2023-08-26T12:57:44.560+0000] {processor.py:179} INFO - Processing /opt/airflow/dags/web_to_localDB.py took 0.743 seconds
[2023-08-26T12:58:14.737+0000] {processor.py:157} INFO - Started process (PID=131) to work on /opt/airflow/dags/web_to_localDB.py
[2023-08-26T12:58:14.753+0000] {processor.py:826} INFO - Processing file /opt/airflow/dags/web_to_localDB.py for tasks to queue
[2023-08-26T12:58:14.754+0000] {logging_mixin.py:150} INFO - [2023-08-26T12:58:14.754+0000] {dagbag.py:541} INFO - Filling up the DagBag from /opt/airflow/dags/web_to_localDB.py
[2023-08-26T12:58:15.162+0000] {processor.py:836} INFO - DAG(s) dict_keys(['LoadDataWebToDB']) retrieved from /opt/airflow/dags/web_to_localDB.py
[2023-08-26T12:58:15.192+0000] {logging_mixin.py:150} INFO - [2023-08-26T12:58:15.192+0000] {dag.py:2742} INFO - Sync 1 DAGs
[2023-08-26T12:58:15.223+0000] {logging_mixin.py:150} INFO - [2023-08-26T12:58:15.223+0000] {dag.py:3508} INFO - Setting next_dagrun for LoadDataWebToDB to 2021-01-02T06:00:00+00:00, run_after=2021-02-02T06:00:00+00:00
[2023-08-26T12:58:15.275+0000] {processor.py:179} INFO - Processing /opt/airflow/dags/web_to_localDB.py took 0.542 seconds
[2023-08-26T12:58:45.455+0000] {processor.py:157} INFO - Started process (PID=143) to work on /opt/airflow/dags/web_to_localDB.py
[2023-08-26T12:58:45.482+0000] {processor.py:826} INFO - Processing file /opt/airflow/dags/web_to_localDB.py for tasks to queue
[2023-08-26T12:58:45.483+0000] {logging_mixin.py:150} INFO - [2023-08-26T12:58:45.483+0000] {dagbag.py:541} INFO - Filling up the DagBag from /opt/airflow/dags/web_to_localDB.py
[2023-08-26T12:58:45.887+0000] {processor.py:836} INFO - DAG(s) dict_keys(['LoadDataWebToDB']) retrieved from /opt/airflow/dags/web_to_localDB.py
[2023-08-26T12:58:45.916+0000] {logging_mixin.py:150} INFO - [2023-08-26T12:58:45.916+0000] {dag.py:2742} INFO - Sync 1 DAGs
[2023-08-26T12:58:45.947+0000] {logging_mixin.py:150} INFO - [2023-08-26T12:58:45.946+0000] {dag.py:3508} INFO - Setting next_dagrun for LoadDataWebToDB to 2021-01-02T06:00:00+00:00, run_after=2021-02-02T06:00:00+00:00
[2023-08-26T12:58:46.007+0000] {processor.py:179} INFO - Processing /opt/airflow/dags/web_to_localDB.py took 0.556 seconds
[2023-08-26T12:59:16.086+0000] {processor.py:157} INFO - Started process (PID=155) to work on /opt/airflow/dags/web_to_localDB.py
[2023-08-26T12:59:16.102+0000] {processor.py:826} INFO - Processing file /opt/airflow/dags/web_to_localDB.py for tasks to queue
[2023-08-26T12:59:16.103+0000] {logging_mixin.py:150} INFO - [2023-08-26T12:59:16.103+0000] {dagbag.py:541} INFO - Filling up the DagBag from /opt/airflow/dags/web_to_localDB.py
[2023-08-26T12:59:16.490+0000] {processor.py:836} INFO - DAG(s) dict_keys(['LoadDataWebToDB']) retrieved from /opt/airflow/dags/web_to_localDB.py
[2023-08-26T12:59:16.518+0000] {logging_mixin.py:150} INFO - [2023-08-26T12:59:16.518+0000] {dag.py:2742} INFO - Sync 1 DAGs
[2023-08-26T12:59:16.548+0000] {logging_mixin.py:150} INFO - [2023-08-26T12:59:16.547+0000] {dag.py:3508} INFO - Setting next_dagrun for LoadDataWebToDB to 2021-01-02T06:00:00+00:00, run_after=2021-02-02T06:00:00+00:00
[2023-08-26T12:59:16.580+0000] {processor.py:179} INFO - Processing /opt/airflow/dags/web_to_localDB.py took 0.498 seconds
[2023-08-26T12:59:46.791+0000] {processor.py:157} INFO - Started process (PID=167) to work on /opt/airflow/dags/web_to_localDB.py
[2023-08-26T12:59:46.821+0000] {processor.py:826} INFO - Processing file /opt/airflow/dags/web_to_localDB.py for tasks to queue
[2023-08-26T12:59:46.823+0000] {logging_mixin.py:150} INFO - [2023-08-26T12:59:46.822+0000] {dagbag.py:541} INFO - Filling up the DagBag from /opt/airflow/dags/web_to_localDB.py
[2023-08-26T12:59:47.317+0000] {processor.py:836} INFO - DAG(s) dict_keys(['LoadDataWebToDB']) retrieved from /opt/airflow/dags/web_to_localDB.py
[2023-08-26T12:59:47.348+0000] {logging_mixin.py:150} INFO - [2023-08-26T12:59:47.348+0000] {dag.py:2742} INFO - Sync 1 DAGs
[2023-08-26T12:59:47.398+0000] {logging_mixin.py:150} INFO - [2023-08-26T12:59:47.398+0000] {dag.py:3508} INFO - Setting next_dagrun for LoadDataWebToDB to 2021-01-02T06:00:00+00:00, run_after=2021-02-02T06:00:00+00:00
[2023-08-26T12:59:47.446+0000] {processor.py:179} INFO - Processing /opt/airflow/dags/web_to_localDB.py took 0.660 seconds
[2023-08-26T13:00:17.543+0000] {processor.py:157} INFO - Started process (PID=179) to work on /opt/airflow/dags/web_to_localDB.py
[2023-08-26T13:00:17.552+0000] {processor.py:826} INFO - Processing file /opt/airflow/dags/web_to_localDB.py for tasks to queue
[2023-08-26T13:00:17.553+0000] {logging_mixin.py:150} INFO - [2023-08-26T13:00:17.553+0000] {dagbag.py:541} INFO - Filling up the DagBag from /opt/airflow/dags/web_to_localDB.py
[2023-08-26T13:00:17.982+0000] {processor.py:836} INFO - DAG(s) dict_keys(['LoadDataWebToDB']) retrieved from /opt/airflow/dags/web_to_localDB.py
[2023-08-26T13:00:18.014+0000] {logging_mixin.py:150} INFO - [2023-08-26T13:00:18.014+0000] {dag.py:2742} INFO - Sync 1 DAGs
[2023-08-26T13:00:18.049+0000] {logging_mixin.py:150} INFO - [2023-08-26T13:00:18.049+0000] {dag.py:3508} INFO - Setting next_dagrun for LoadDataWebToDB to 2021-01-02T06:00:00+00:00, run_after=2021-02-02T06:00:00+00:00
[2023-08-26T13:00:18.100+0000] {processor.py:179} INFO - Processing /opt/airflow/dags/web_to_localDB.py took 0.561 seconds
[2023-08-26T13:00:48.299+0000] {processor.py:157} INFO - Started process (PID=191) to work on /opt/airflow/dags/web_to_localDB.py
[2023-08-26T13:00:48.311+0000] {processor.py:826} INFO - Processing file /opt/airflow/dags/web_to_localDB.py for tasks to queue
[2023-08-26T13:00:48.312+0000] {logging_mixin.py:150} INFO - [2023-08-26T13:00:48.312+0000] {dagbag.py:541} INFO - Filling up the DagBag from /opt/airflow/dags/web_to_localDB.py
[2023-08-26T13:00:48.739+0000] {processor.py:836} INFO - DAG(s) dict_keys(['LoadDataWebToDB']) retrieved from /opt/airflow/dags/web_to_localDB.py
[2023-08-26T13:00:48.770+0000] {logging_mixin.py:150} INFO - [2023-08-26T13:00:48.770+0000] {dag.py:2742} INFO - Sync 1 DAGs
[2023-08-26T13:00:48.801+0000] {logging_mixin.py:150} INFO - [2023-08-26T13:00:48.800+0000] {dag.py:3508} INFO - Setting next_dagrun for LoadDataWebToDB to 2021-01-02T06:00:00+00:00, run_after=2021-02-02T06:00:00+00:00
[2023-08-26T13:00:48.845+0000] {processor.py:179} INFO - Processing /opt/airflow/dags/web_to_localDB.py took 0.550 seconds
[2023-08-26T13:01:19.004+0000] {processor.py:157} INFO - Started process (PID=203) to work on /opt/airflow/dags/web_to_localDB.py
[2023-08-26T13:01:19.020+0000] {processor.py:826} INFO - Processing file /opt/airflow/dags/web_to_localDB.py for tasks to queue
[2023-08-26T13:01:19.021+0000] {logging_mixin.py:150} INFO - [2023-08-26T13:01:19.021+0000] {dagbag.py:541} INFO - Filling up the DagBag from /opt/airflow/dags/web_to_localDB.py
[2023-08-26T13:01:19.456+0000] {processor.py:836} INFO - DAG(s) dict_keys(['LoadDataWebToDB']) retrieved from /opt/airflow/dags/web_to_localDB.py
[2023-08-26T13:01:19.494+0000] {logging_mixin.py:150} INFO - [2023-08-26T13:01:19.494+0000] {dag.py:2742} INFO - Sync 1 DAGs
[2023-08-26T13:01:19.530+0000] {logging_mixin.py:150} INFO - [2023-08-26T13:01:19.529+0000] {dag.py:3508} INFO - Setting next_dagrun for LoadDataWebToDB to 2021-01-02T06:00:00+00:00, run_after=2021-02-02T06:00:00+00:00
[2023-08-26T13:01:19.794+0000] {processor.py:179} INFO - Processing /opt/airflow/dags/web_to_localDB.py took 0.795 seconds
[2023-08-26T13:01:49.998+0000] {processor.py:157} INFO - Started process (PID=215) to work on /opt/airflow/dags/web_to_localDB.py
[2023-08-26T13:01:50.017+0000] {processor.py:826} INFO - Processing file /opt/airflow/dags/web_to_localDB.py for tasks to queue
[2023-08-26T13:01:50.018+0000] {logging_mixin.py:150} INFO - [2023-08-26T13:01:50.017+0000] {dagbag.py:541} INFO - Filling up the DagBag from /opt/airflow/dags/web_to_localDB.py
[2023-08-26T13:01:51.640+0000] {processor.py:836} INFO - DAG(s) dict_keys(['LoadDataWebToDB']) retrieved from /opt/airflow/dags/web_to_localDB.py
[2023-08-26T13:01:51.670+0000] {logging_mixin.py:150} INFO - [2023-08-26T13:01:51.669+0000] {dag.py:2742} INFO - Sync 1 DAGs
[2023-08-26T13:01:51.782+0000] {processor.py:179} INFO - Processing /opt/airflow/dags/web_to_localDB.py took 1.789 seconds
[2023-08-26T13:02:21.949+0000] {processor.py:157} INFO - Started process (PID=227) to work on /opt/airflow/dags/web_to_localDB.py
[2023-08-26T13:02:22.012+0000] {processor.py:826} INFO - Processing file /opt/airflow/dags/web_to_localDB.py for tasks to queue
[2023-08-26T13:02:22.014+0000] {logging_mixin.py:150} INFO - [2023-08-26T13:02:22.013+0000] {dagbag.py:541} INFO - Filling up the DagBag from /opt/airflow/dags/web_to_localDB.py
[2023-08-26T13:02:25.881+0000] {processor.py:836} INFO - DAG(s) dict_keys(['LoadDataWebToDB']) retrieved from /opt/airflow/dags/web_to_localDB.py
[2023-08-26T13:02:26.163+0000] {logging_mixin.py:150} INFO - [2023-08-26T13:02:26.163+0000] {dag.py:2742} INFO - Sync 1 DAGs
[2023-08-26T13:02:26.884+0000] {processor.py:179} INFO - Processing /opt/airflow/dags/web_to_localDB.py took 4.939 seconds
[2023-08-26T13:02:57.067+0000] {processor.py:157} INFO - Started process (PID=239) to work on /opt/airflow/dags/web_to_localDB.py
[2023-08-26T13:02:57.444+0000] {processor.py:826} INFO - Processing file /opt/airflow/dags/web_to_localDB.py for tasks to queue
[2023-08-26T13:02:57.445+0000] {logging_mixin.py:150} INFO - [2023-08-26T13:02:57.445+0000] {dagbag.py:541} INFO - Filling up the DagBag from /opt/airflow/dags/web_to_localDB.py
[2023-08-26T13:03:16.318+0000] {processor.py:836} INFO - DAG(s) dict_keys(['LoadDataWebToDB']) retrieved from /opt/airflow/dags/web_to_localDB.py
[2023-08-26T13:03:16.458+0000] {logging_mixin.py:150} INFO - [2023-08-26T13:03:16.458+0000] {dag.py:2742} INFO - Sync 1 DAGs
[2023-08-26T13:03:24.040+0000] {processor.py:179} INFO - Processing /opt/airflow/dags/web_to_localDB.py took 26.978 seconds
[2023-08-26T13:03:57.656+0000] {processor.py:157} INFO - Started process (PID=251) to work on /opt/airflow/dags/web_to_localDB.py
[2023-08-26T13:03:57.680+0000] {processor.py:826} INFO - Processing file /opt/airflow/dags/web_to_localDB.py for tasks to queue
[2023-08-26T13:03:57.682+0000] {logging_mixin.py:150} INFO - [2023-08-26T13:03:57.681+0000] {dagbag.py:541} INFO - Filling up the DagBag from /opt/airflow/dags/web_to_localDB.py
[2023-08-26T13:04:31.425+0000] {logging_mixin.py:150} INFO - [2023-08-26T13:04:31.424+0000] {timeout.py:68} ERROR - Process timed out, PID: 251
[2023-08-26T13:04:32.561+0000] {logging_mixin.py:150} INFO - [2023-08-26T13:04:31.426+0000] {dagbag.py:350} ERROR - Failed to import: /opt/airflow/dags/web_to_localDB.py
Traceback (most recent call last):
  File "/home/airflow/.local/lib/python3.7/site-packages/airflow/models/dagbag.py", line 346, in parse
    loader.exec_module(new_module)
  File "<frozen importlib._bootstrap_external>", line 728, in exec_module
  File "<frozen importlib._bootstrap>", line 219, in _call_with_frames_removed
  File "/opt/airflow/dags/web_to_localDB.py", line 7, in <module>
    from utils.db_ingestion import db_conn_ingestion
  File "/opt/airflow/dags/utils/db_ingestion.py", line 6, in <module>
    import pandas as pd
  File "/home/airflow/.local/lib/python3.7/site-packages/pandas/__init__.py", line 50, in <module>
    from pandas.core.api import (
  File "/home/airflow/.local/lib/python3.7/site-packages/pandas/core/api.py", line 29, in <module>
    from pandas.core.arrays import Categorical
  File "/home/airflow/.local/lib/python3.7/site-packages/pandas/core/arrays/__init__.py", line 20, in <module>
    from pandas.core.arrays.string_arrow import ArrowStringArray
  File "/home/airflow/.local/lib/python3.7/site-packages/pandas/core/arrays/string_arrow.py", line 65, in <module>
    import pyarrow.compute as pc
  File "/home/airflow/.local/lib/python3.7/site-packages/pyarrow/compute.py", line 18, in <module>
    from pyarrow._compute import (  # noqa
  File "pyarrow/_compute.pyx", line 1418, in init pyarrow._compute
  File "pyarrow/_compute.pyx", line 799, in pyarrow._compute._min_count_doc
  File "/home/airflow/.local/lib/python3.7/site-packages/airflow/utils/timeout.py", line 69, in handle_timeout
    raise AirflowTaskTimeout(self.error_message)
airflow.exceptions.AirflowTaskTimeout: DagBag import timeout for /opt/airflow/dags/web_to_localDB.py after 30.0s.
Please take a look at these docs to improve your DAG import time:
* https://airflow.apache.org/docs/apache-airflow/2.6.3/best-practices.html#top-level-python-code
* https://airflow.apache.org/docs/apache-airflow/2.6.3/best-practices.html#reducing-dag-complexity, PID: 251
[2023-08-26T13:04:32.561+0000] {processor.py:838} WARNING - No viable dags retrieved from /opt/airflow/dags/web_to_localDB.py
[2023-08-26T13:04:32.967+0000] {processor.py:179} INFO - Processing /opt/airflow/dags/web_to_localDB.py took 35.319 seconds
[2023-08-26T13:05:03.604+0000] {processor.py:157} INFO - Started process (PID=276) to work on /opt/airflow/dags/web_to_localDB.py
[2023-08-26T13:05:03.924+0000] {processor.py:826} INFO - Processing file /opt/airflow/dags/web_to_localDB.py for tasks to queue
[2023-08-26T13:05:03.925+0000] {logging_mixin.py:150} INFO - [2023-08-26T13:05:03.924+0000] {dagbag.py:541} INFO - Filling up the DagBag from /opt/airflow/dags/web_to_localDB.py
[2023-08-26T13:05:33.559+0000] {processor.py:836} INFO - DAG(s) dict_keys(['LoadDataWebToDB']) retrieved from /opt/airflow/dags/web_to_localDB.py
[2023-08-26T13:05:45.698+0000] {logging_mixin.py:150} INFO - [2023-08-26T13:05:45.697+0000] {dag.py:2742} INFO - Sync 1 DAGs
[2023-08-26T13:05:47.437+0000] {processor.py:179} INFO - Processing /opt/airflow/dags/web_to_localDB.py took 43.838 seconds
[2023-08-26T13:06:17.599+0000] {processor.py:157} INFO - Started process (PID=295) to work on /opt/airflow/dags/web_to_localDB.py
[2023-08-26T13:06:17.844+0000] {processor.py:826} INFO - Processing file /opt/airflow/dags/web_to_localDB.py for tasks to queue
[2023-08-26T13:06:17.846+0000] {logging_mixin.py:150} INFO - [2023-08-26T13:06:17.845+0000] {dagbag.py:541} INFO - Filling up the DagBag from /opt/airflow/dags/web_to_localDB.py
[2023-08-26T13:06:26.518+0000] {processor.py:836} INFO - DAG(s) dict_keys(['LoadDataWebToDB']) retrieved from /opt/airflow/dags/web_to_localDB.py
[2023-08-26T13:06:26.801+0000] {logging_mixin.py:150} INFO - [2023-08-26T13:06:26.801+0000] {dag.py:2742} INFO - Sync 1 DAGs
[2023-08-26T13:06:27.776+0000] {processor.py:179} INFO - Processing /opt/airflow/dags/web_to_localDB.py took 10.180 seconds
[2023-08-26T13:06:58.754+0000] {processor.py:157} INFO - Started process (PID=307) to work on /opt/airflow/dags/web_to_localDB.py
[2023-08-26T13:06:58.957+0000] {processor.py:826} INFO - Processing file /opt/airflow/dags/web_to_localDB.py for tasks to queue
[2023-08-26T13:06:58.958+0000] {logging_mixin.py:150} INFO - [2023-08-26T13:06:58.957+0000] {dagbag.py:541} INFO - Filling up the DagBag from /opt/airflow/dags/web_to_localDB.py
[2023-08-26T13:07:06.428+0000] {processor.py:836} INFO - DAG(s) dict_keys(['LoadDataWebToDB']) retrieved from /opt/airflow/dags/web_to_localDB.py
[2023-08-26T13:07:06.455+0000] {logging_mixin.py:150} INFO - [2023-08-26T13:07:06.455+0000] {dag.py:2742} INFO - Sync 1 DAGs
[2023-08-26T13:07:07.181+0000] {processor.py:179} INFO - Processing /opt/airflow/dags/web_to_localDB.py took 8.899 seconds
[2023-08-26T13:07:37.526+0000] {processor.py:157} INFO - Started process (PID=319) to work on /opt/airflow/dags/web_to_localDB.py
[2023-08-26T13:07:37.598+0000] {processor.py:826} INFO - Processing file /opt/airflow/dags/web_to_localDB.py for tasks to queue
[2023-08-26T13:07:37.599+0000] {logging_mixin.py:150} INFO - [2023-08-26T13:07:37.598+0000] {dagbag.py:541} INFO - Filling up the DagBag from /opt/airflow/dags/web_to_localDB.py
[2023-08-26T13:07:46.780+0000] {processor.py:836} INFO - DAG(s) dict_keys(['LoadDataWebToDB']) retrieved from /opt/airflow/dags/web_to_localDB.py
[2023-08-26T13:07:46.819+0000] {logging_mixin.py:150} INFO - [2023-08-26T13:07:46.819+0000] {dag.py:2742} INFO - Sync 1 DAGs
[2023-08-26T13:07:47.912+0000] {processor.py:179} INFO - Processing /opt/airflow/dags/web_to_localDB.py took 10.390 seconds
[2023-08-26T13:08:19.171+0000] {processor.py:157} INFO - Started process (PID=331) to work on /opt/airflow/dags/web_to_localDB.py
[2023-08-26T13:08:19.401+0000] {processor.py:826} INFO - Processing file /opt/airflow/dags/web_to_localDB.py for tasks to queue
[2023-08-26T13:08:19.403+0000] {logging_mixin.py:150} INFO - [2023-08-26T13:08:19.402+0000] {dagbag.py:541} INFO - Filling up the DagBag from /opt/airflow/dags/web_to_localDB.py
[2023-08-26T13:08:44.369+0000] {processor.py:836} INFO - DAG(s) dict_keys(['LoadDataWebToDB']) retrieved from /opt/airflow/dags/web_to_localDB.py
[2023-08-26T13:08:50.061+0000] {logging_mixin.py:150} INFO - [2023-08-26T13:08:50.061+0000] {dag.py:2742} INFO - Sync 1 DAGs
[2023-08-26T13:08:53.661+0000] {processor.py:179} INFO - Processing /opt/airflow/dags/web_to_localDB.py took 34.493 seconds
[2023-08-26T13:09:23.836+0000] {processor.py:157} INFO - Started process (PID=348) to work on /opt/airflow/dags/web_to_localDB.py
[2023-08-26T13:09:24.324+0000] {processor.py:826} INFO - Processing file /opt/airflow/dags/web_to_localDB.py for tasks to queue
[2023-08-26T13:09:24.325+0000] {logging_mixin.py:150} INFO - [2023-08-26T13:09:24.325+0000] {dagbag.py:541} INFO - Filling up the DagBag from /opt/airflow/dags/web_to_localDB.py
[2023-08-26T13:09:35.556+0000] {processor.py:836} INFO - DAG(s) dict_keys(['LoadDataWebToDB']) retrieved from /opt/airflow/dags/web_to_localDB.py
[2023-08-26T13:09:35.585+0000] {logging_mixin.py:150} INFO - [2023-08-26T13:09:35.584+0000] {dag.py:2742} INFO - Sync 1 DAGs
[2023-08-26T13:09:36.953+0000] {processor.py:179} INFO - Processing /opt/airflow/dags/web_to_localDB.py took 13.120 seconds
[2023-08-26T13:10:07.127+0000] {processor.py:157} INFO - Started process (PID=360) to work on /opt/airflow/dags/web_to_localDB.py
[2023-08-26T13:10:07.261+0000] {processor.py:826} INFO - Processing file /opt/airflow/dags/web_to_localDB.py for tasks to queue
[2023-08-26T13:10:07.263+0000] {logging_mixin.py:150} INFO - [2023-08-26T13:10:07.263+0000] {dagbag.py:541} INFO - Filling up the DagBag from /opt/airflow/dags/web_to_localDB.py
[2023-08-26T13:10:07.673+0000] {processor.py:836} INFO - DAG(s) dict_keys(['LoadDataWebToDB']) retrieved from /opt/airflow/dags/web_to_localDB.py
[2023-08-26T13:10:07.702+0000] {logging_mixin.py:150} INFO - [2023-08-26T13:10:07.701+0000] {dag.py:2742} INFO - Sync 1 DAGs
[2023-08-26T13:10:09.216+0000] {processor.py:179} INFO - Processing /opt/airflow/dags/web_to_localDB.py took 2.092 seconds
[2023-08-26T13:10:39.326+0000] {processor.py:157} INFO - Started process (PID=372) to work on /opt/airflow/dags/web_to_localDB.py
[2023-08-26T13:10:39.368+0000] {processor.py:826} INFO - Processing file /opt/airflow/dags/web_to_localDB.py for tasks to queue
[2023-08-26T13:10:39.369+0000] {logging_mixin.py:150} INFO - [2023-08-26T13:10:39.369+0000] {dagbag.py:541} INFO - Filling up the DagBag from /opt/airflow/dags/web_to_localDB.py
[2023-08-26T13:10:39.808+0000] {processor.py:836} INFO - DAG(s) dict_keys(['LoadDataWebToDB']) retrieved from /opt/airflow/dags/web_to_localDB.py
[2023-08-26T13:10:39.840+0000] {logging_mixin.py:150} INFO - [2023-08-26T13:10:39.840+0000] {dag.py:2742} INFO - Sync 1 DAGs
[2023-08-26T13:10:40.079+0000] {processor.py:179} INFO - Processing /opt/airflow/dags/web_to_localDB.py took 0.757 seconds
[2023-08-26T13:11:10.270+0000] {processor.py:157} INFO - Started process (PID=384) to work on /opt/airflow/dags/web_to_localDB.py
[2023-08-26T13:11:10.271+0000] {processor.py:826} INFO - Processing file /opt/airflow/dags/web_to_localDB.py for tasks to queue
[2023-08-26T13:11:10.272+0000] {logging_mixin.py:150} INFO - [2023-08-26T13:11:10.272+0000] {dagbag.py:541} INFO - Filling up the DagBag from /opt/airflow/dags/web_to_localDB.py
[2023-08-26T13:11:10.670+0000] {processor.py:836} INFO - DAG(s) dict_keys(['LoadDataWebToDB']) retrieved from /opt/airflow/dags/web_to_localDB.py
[2023-08-26T13:11:10.698+0000] {logging_mixin.py:150} INFO - [2023-08-26T13:11:10.698+0000] {dag.py:2742} INFO - Sync 1 DAGs
[2023-08-26T13:11:10.954+0000] {processor.py:179} INFO - Processing /opt/airflow/dags/web_to_localDB.py took 0.687 seconds
[2023-08-26T13:11:41.136+0000] {processor.py:157} INFO - Started process (PID=396) to work on /opt/airflow/dags/web_to_localDB.py
[2023-08-26T13:11:41.137+0000] {processor.py:826} INFO - Processing file /opt/airflow/dags/web_to_localDB.py for tasks to queue
[2023-08-26T13:11:41.138+0000] {logging_mixin.py:150} INFO - [2023-08-26T13:11:41.137+0000] {dagbag.py:541} INFO - Filling up the DagBag from /opt/airflow/dags/web_to_localDB.py
[2023-08-26T13:11:41.560+0000] {processor.py:836} INFO - DAG(s) dict_keys(['LoadDataWebToDB']) retrieved from /opt/airflow/dags/web_to_localDB.py
[2023-08-26T13:11:41.590+0000] {logging_mixin.py:150} INFO - [2023-08-26T13:11:41.589+0000] {dag.py:2742} INFO - Sync 1 DAGs
[2023-08-26T13:11:42.242+0000] {processor.py:179} INFO - Processing /opt/airflow/dags/web_to_localDB.py took 1.111 seconds
[2023-08-26T13:12:12.310+0000] {processor.py:157} INFO - Started process (PID=409) to work on /opt/airflow/dags/web_to_localDB.py
[2023-08-26T13:12:12.537+0000] {processor.py:826} INFO - Processing file /opt/airflow/dags/web_to_localDB.py for tasks to queue
[2023-08-26T13:12:12.538+0000] {logging_mixin.py:150} INFO - [2023-08-26T13:12:12.538+0000] {dagbag.py:541} INFO - Filling up the DagBag from /opt/airflow/dags/web_to_localDB.py
[2023-08-26T13:12:13.054+0000] {processor.py:836} INFO - DAG(s) dict_keys(['LoadDataWebToDB']) retrieved from /opt/airflow/dags/web_to_localDB.py
[2023-08-26T13:12:13.090+0000] {logging_mixin.py:150} INFO - [2023-08-26T13:12:13.090+0000] {dag.py:2742} INFO - Sync 1 DAGs
[2023-08-26T13:12:14.068+0000] {processor.py:179} INFO - Processing /opt/airflow/dags/web_to_localDB.py took 1.761 seconds
[2023-08-26T13:12:44.252+0000] {processor.py:157} INFO - Started process (PID=421) to work on /opt/airflow/dags/web_to_localDB.py
[2023-08-26T13:12:44.323+0000] {processor.py:826} INFO - Processing file /opt/airflow/dags/web_to_localDB.py for tasks to queue
[2023-08-26T13:12:44.324+0000] {logging_mixin.py:150} INFO - [2023-08-26T13:12:44.324+0000] {dagbag.py:541} INFO - Filling up the DagBag from /opt/airflow/dags/web_to_localDB.py
[2023-08-26T13:12:44.736+0000] {processor.py:836} INFO - DAG(s) dict_keys(['LoadDataWebToDB']) retrieved from /opt/airflow/dags/web_to_localDB.py
[2023-08-26T13:12:44.765+0000] {logging_mixin.py:150} INFO - [2023-08-26T13:12:44.765+0000] {dag.py:2742} INFO - Sync 1 DAGs
[2023-08-26T13:12:45.121+0000] {processor.py:179} INFO - Processing /opt/airflow/dags/web_to_localDB.py took 0.872 seconds
[2023-08-26T13:13:15.341+0000] {processor.py:157} INFO - Started process (PID=433) to work on /opt/airflow/dags/web_to_localDB.py
[2023-08-26T13:13:15.464+0000] {processor.py:826} INFO - Processing file /opt/airflow/dags/web_to_localDB.py for tasks to queue
[2023-08-26T13:13:15.465+0000] {logging_mixin.py:150} INFO - [2023-08-26T13:13:15.465+0000] {dagbag.py:541} INFO - Filling up the DagBag from /opt/airflow/dags/web_to_localDB.py
[2023-08-26T13:13:15.868+0000] {processor.py:836} INFO - DAG(s) dict_keys(['LoadDataWebToDB']) retrieved from /opt/airflow/dags/web_to_localDB.py
[2023-08-26T13:13:16.125+0000] {logging_mixin.py:150} INFO - [2023-08-26T13:13:16.125+0000] {dag.py:2742} INFO - Sync 1 DAGs
[2023-08-26T13:13:16.500+0000] {processor.py:179} INFO - Processing /opt/airflow/dags/web_to_localDB.py took 1.163 seconds
[2023-08-26T13:13:46.670+0000] {processor.py:157} INFO - Started process (PID=444) to work on /opt/airflow/dags/web_to_localDB.py
[2023-08-26T13:13:46.794+0000] {processor.py:826} INFO - Processing file /opt/airflow/dags/web_to_localDB.py for tasks to queue
[2023-08-26T13:13:46.795+0000] {logging_mixin.py:150} INFO - [2023-08-26T13:13:46.795+0000] {dagbag.py:541} INFO - Filling up the DagBag from /opt/airflow/dags/web_to_localDB.py
[2023-08-26T13:13:47.330+0000] {processor.py:836} INFO - DAG(s) dict_keys(['LoadDataWebToDB']) retrieved from /opt/airflow/dags/web_to_localDB.py
[2023-08-26T13:13:47.359+0000] {logging_mixin.py:150} INFO - [2023-08-26T13:13:47.359+0000] {dag.py:2742} INFO - Sync 1 DAGs
[2023-08-26T13:13:47.563+0000] {processor.py:179} INFO - Processing /opt/airflow/dags/web_to_localDB.py took 0.897 seconds
[2023-08-26T13:14:17.697+0000] {processor.py:157} INFO - Started process (PID=456) to work on /opt/airflow/dags/web_to_localDB.py
[2023-08-26T13:14:17.859+0000] {processor.py:826} INFO - Processing file /opt/airflow/dags/web_to_localDB.py for tasks to queue
[2023-08-26T13:14:17.860+0000] {logging_mixin.py:150} INFO - [2023-08-26T13:14:17.860+0000] {dagbag.py:541} INFO - Filling up the DagBag from /opt/airflow/dags/web_to_localDB.py
[2023-08-26T13:14:18.261+0000] {processor.py:836} INFO - DAG(s) dict_keys(['LoadDataWebToDB']) retrieved from /opt/airflow/dags/web_to_localDB.py
[2023-08-26T13:14:18.288+0000] {logging_mixin.py:150} INFO - [2023-08-26T13:14:18.288+0000] {dag.py:2742} INFO - Sync 1 DAGs
[2023-08-26T13:14:18.527+0000] {processor.py:179} INFO - Processing /opt/airflow/dags/web_to_localDB.py took 0.834 seconds
[2023-08-26T13:14:48.742+0000] {processor.py:157} INFO - Started process (PID=469) to work on /opt/airflow/dags/web_to_localDB.py
[2023-08-26T13:14:48.834+0000] {processor.py:826} INFO - Processing file /opt/airflow/dags/web_to_localDB.py for tasks to queue
[2023-08-26T13:14:48.836+0000] {logging_mixin.py:150} INFO - [2023-08-26T13:14:48.835+0000] {dagbag.py:541} INFO - Filling up the DagBag from /opt/airflow/dags/web_to_localDB.py
[2023-08-26T13:14:49.392+0000] {processor.py:836} INFO - DAG(s) dict_keys(['LoadDataWebToDB']) retrieved from /opt/airflow/dags/web_to_localDB.py
[2023-08-26T13:14:49.429+0000] {logging_mixin.py:150} INFO - [2023-08-26T13:14:49.428+0000] {dag.py:2742} INFO - Sync 1 DAGs
[2023-08-26T13:14:49.574+0000] {processor.py:179} INFO - Processing /opt/airflow/dags/web_to_localDB.py took 0.836 seconds
[2023-08-26T13:15:19.794+0000] {processor.py:157} INFO - Started process (PID=481) to work on /opt/airflow/dags/web_to_localDB.py
[2023-08-26T13:15:19.822+0000] {processor.py:826} INFO - Processing file /opt/airflow/dags/web_to_localDB.py for tasks to queue
[2023-08-26T13:15:19.823+0000] {logging_mixin.py:150} INFO - [2023-08-26T13:15:19.823+0000] {dagbag.py:541} INFO - Filling up the DagBag from /opt/airflow/dags/web_to_localDB.py
[2023-08-26T13:15:20.236+0000] {processor.py:836} INFO - DAG(s) dict_keys(['LoadDataWebToDB']) retrieved from /opt/airflow/dags/web_to_localDB.py
[2023-08-26T13:15:20.268+0000] {logging_mixin.py:150} INFO - [2023-08-26T13:15:20.268+0000] {dag.py:2742} INFO - Sync 1 DAGs
[2023-08-26T13:15:20.544+0000] {processor.py:179} INFO - Processing /opt/airflow/dags/web_to_localDB.py took 0.754 seconds
[2023-08-26T13:15:50.710+0000] {processor.py:157} INFO - Started process (PID=492) to work on /opt/airflow/dags/web_to_localDB.py
[2023-08-26T13:15:50.806+0000] {processor.py:826} INFO - Processing file /opt/airflow/dags/web_to_localDB.py for tasks to queue
[2023-08-26T13:15:50.807+0000] {logging_mixin.py:150} INFO - [2023-08-26T13:15:50.807+0000] {dagbag.py:541} INFO - Filling up the DagBag from /opt/airflow/dags/web_to_localDB.py
[2023-08-26T13:15:51.367+0000] {processor.py:836} INFO - DAG(s) dict_keys(['LoadDataWebToDB']) retrieved from /opt/airflow/dags/web_to_localDB.py
[2023-08-26T13:15:51.395+0000] {logging_mixin.py:150} INFO - [2023-08-26T13:15:51.395+0000] {dag.py:2742} INFO - Sync 1 DAGs
[2023-08-26T13:15:52.537+0000] {processor.py:179} INFO - Processing /opt/airflow/dags/web_to_localDB.py took 1.831 seconds
[2023-08-26T13:16:23.167+0000] {processor.py:157} INFO - Started process (PID=504) to work on /opt/airflow/dags/web_to_localDB.py
[2023-08-26T13:16:23.324+0000] {processor.py:826} INFO - Processing file /opt/airflow/dags/web_to_localDB.py for tasks to queue
[2023-08-26T13:16:23.411+0000] {logging_mixin.py:150} INFO - [2023-08-26T13:16:23.325+0000] {dagbag.py:541} INFO - Filling up the DagBag from /opt/airflow/dags/web_to_localDB.py
[2023-08-26T13:16:43.677+0000] {processor.py:836} INFO - DAG(s) dict_keys(['LoadDataWebToDB']) retrieved from /opt/airflow/dags/web_to_localDB.py
[2023-08-26T13:16:51.314+0000] {logging_mixin.py:150} INFO - [2023-08-26T13:16:51.314+0000] {dag.py:2742} INFO - Sync 1 DAGs
[2023-08-26T13:16:52.767+0000] {processor.py:179} INFO - Processing /opt/airflow/dags/web_to_localDB.py took 29.822 seconds
[2023-08-26T13:17:23.447+0000] {processor.py:157} INFO - Started process (PID=516) to work on /opt/airflow/dags/web_to_localDB.py
[2023-08-26T13:17:24.086+0000] {processor.py:826} INFO - Processing file /opt/airflow/dags/web_to_localDB.py for tasks to queue
[2023-08-26T13:17:24.087+0000] {logging_mixin.py:150} INFO - [2023-08-26T13:17:24.087+0000] {dagbag.py:541} INFO - Filling up the DagBag from /opt/airflow/dags/web_to_localDB.py
[2023-08-26T13:17:40.826+0000] {processor.py:836} INFO - DAG(s) dict_keys(['LoadDataWebToDB']) retrieved from /opt/airflow/dags/web_to_localDB.py
[2023-08-26T13:17:40.859+0000] {logging_mixin.py:150} INFO - [2023-08-26T13:17:40.859+0000] {dag.py:2742} INFO - Sync 1 DAGs
[2023-08-26T13:17:41.261+0000] {processor.py:179} INFO - Processing /opt/airflow/dags/web_to_localDB.py took 17.818 seconds
[2023-08-26T13:18:12.317+0000] {processor.py:157} INFO - Started process (PID=534) to work on /opt/airflow/dags/web_to_localDB.py
[2023-08-26T13:18:12.731+0000] {processor.py:826} INFO - Processing file /opt/airflow/dags/web_to_localDB.py for tasks to queue
[2023-08-26T13:18:12.733+0000] {logging_mixin.py:150} INFO - [2023-08-26T13:18:12.732+0000] {dagbag.py:541} INFO - Filling up the DagBag from /opt/airflow/dags/web_to_localDB.py
[2023-08-26T13:18:18.847+0000] {processor.py:836} INFO - DAG(s) dict_keys(['LoadDataWebToDB']) retrieved from /opt/airflow/dags/web_to_localDB.py
[2023-08-26T13:18:19.692+0000] {logging_mixin.py:150} INFO - [2023-08-26T13:18:19.692+0000] {dag.py:2742} INFO - Sync 1 DAGs
[2023-08-26T13:18:19.814+0000] {logging_mixin.py:150} INFO - [2023-08-26T13:18:19.814+0000] {dag.py:3508} INFO - Setting next_dagrun for LoadDataWebToDB to 2021-02-02T06:00:00+00:00, run_after=2021-03-02T06:00:00+00:00
[2023-08-26T13:18:21.359+0000] {processor.py:179} INFO - Processing /opt/airflow/dags/web_to_localDB.py took 9.047 seconds
[2023-08-26T13:18:56.221+0000] {processor.py:157} INFO - Started process (PID=546) to work on /opt/airflow/dags/web_to_localDB.py
[2023-08-26T13:18:56.254+0000] {processor.py:826} INFO - Processing file /opt/airflow/dags/web_to_localDB.py for tasks to queue
[2023-08-26T13:18:56.255+0000] {logging_mixin.py:150} INFO - [2023-08-26T13:18:56.255+0000] {dagbag.py:541} INFO - Filling up the DagBag from /opt/airflow/dags/web_to_localDB.py
[2023-08-26T13:19:26.342+0000] {logging_mixin.py:150} INFO - [2023-08-26T13:19:26.340+0000] {timeout.py:68} ERROR - Process timed out, PID: 546
[2023-08-26T13:19:27.951+0000] {logging_mixin.py:150} INFO - [2023-08-26T13:19:26.342+0000] {dagbag.py:350} ERROR - Failed to import: /opt/airflow/dags/web_to_localDB.py
Traceback (most recent call last):
  File "/home/airflow/.local/lib/python3.7/site-packages/airflow/models/dagbag.py", line 346, in parse
    loader.exec_module(new_module)
  File "<frozen importlib._bootstrap_external>", line 728, in exec_module
  File "<frozen importlib._bootstrap>", line 219, in _call_with_frames_removed
  File "/opt/airflow/dags/web_to_localDB.py", line 7, in <module>
    from utils.db_ingestion import db_conn_ingestion
  File "/opt/airflow/dags/utils/db_ingestion.py", line 6, in <module>
    import pandas as pd
  File "/home/airflow/.local/lib/python3.7/site-packages/pandas/__init__.py", line 22, in <module>
    from pandas.compat import (
  File "/home/airflow/.local/lib/python3.7/site-packages/pandas/compat/__init__.py", line 15, in <module>
    from pandas.compat.numpy import (
  File "/home/airflow/.local/lib/python3.7/site-packages/pandas/compat/numpy/__init__.py", line 7, in <module>
    from pandas.util.version import Version
  File "/home/airflow/.local/lib/python3.7/site-packages/pandas/util/__init__.py", line 7, in <module>
    from pandas.core.util.hashing import (  # noqa
  File "/home/airflow/.local/lib/python3.7/site-packages/pandas/core/util/hashing.py", line 24, in <module>
    from pandas.core.dtypes.common import (
  File "<frozen importlib._bootstrap>", line 983, in _find_and_load
  File "<frozen importlib._bootstrap>", line 967, in _find_and_load_unlocked
  File "<frozen importlib._bootstrap>", line 677, in _load_unlocked
  File "<frozen importlib._bootstrap_external>", line 724, in exec_module
  File "<frozen importlib._bootstrap_external>", line 818, in get_code
  File "<frozen importlib._bootstrap_external>", line 917, in get_data
  File "/home/airflow/.local/lib/python3.7/site-packages/airflow/utils/timeout.py", line 69, in handle_timeout
    raise AirflowTaskTimeout(self.error_message)
airflow.exceptions.AirflowTaskTimeout: DagBag import timeout for /opt/airflow/dags/web_to_localDB.py after 30.0s.
Please take a look at these docs to improve your DAG import time:
* https://airflow.apache.org/docs/apache-airflow/2.6.3/best-practices.html#top-level-python-code
* https://airflow.apache.org/docs/apache-airflow/2.6.3/best-practices.html#reducing-dag-complexity, PID: 546
[2023-08-26T13:19:27.952+0000] {processor.py:838} WARNING - No viable dags retrieved from /opt/airflow/dags/web_to_localDB.py
[2023-08-26T13:19:33.718+0000] {processor.py:179} INFO - Processing /opt/airflow/dags/web_to_localDB.py took 37.542 seconds
[2023-08-26T13:20:04.828+0000] {processor.py:157} INFO - Started process (PID=558) to work on /opt/airflow/dags/web_to_localDB.py
[2023-08-26T13:20:05.212+0000] {processor.py:826} INFO - Processing file /opt/airflow/dags/web_to_localDB.py for tasks to queue
[2023-08-26T13:20:05.213+0000] {logging_mixin.py:150} INFO - [2023-08-26T13:20:05.212+0000] {dagbag.py:541} INFO - Filling up the DagBag from /opt/airflow/dags/web_to_localDB.py
[2023-08-26T13:20:35.458+0000] {logging_mixin.py:150} INFO - [2023-08-26T13:20:35.457+0000] {timeout.py:68} ERROR - Process timed out, PID: 558
[2023-08-26T13:20:36.413+0000] {logging_mixin.py:150} INFO - [2023-08-26T13:20:35.459+0000] {dagbag.py:350} ERROR - Failed to import: /opt/airflow/dags/web_to_localDB.py
Traceback (most recent call last):
  File "/home/airflow/.local/lib/python3.7/site-packages/airflow/models/dagbag.py", line 346, in parse
    loader.exec_module(new_module)
  File "<frozen importlib._bootstrap_external>", line 728, in exec_module
  File "<frozen importlib._bootstrap>", line 219, in _call_with_frames_removed
  File "/opt/airflow/dags/web_to_localDB.py", line 7, in <module>
    from utils.db_ingestion import db_conn_ingestion
  File "/opt/airflow/dags/utils/db_ingestion.py", line 6, in <module>
    import pandas as pd
  File "/home/airflow/.local/lib/python3.7/site-packages/pandas/__init__.py", line 50, in <module>
    from pandas.core.api import (
  File "/home/airflow/.local/lib/python3.7/site-packages/pandas/core/api.py", line 48, in <module>
    from pandas.core.groupby import (
  File "/home/airflow/.local/lib/python3.7/site-packages/pandas/core/groupby/__init__.py", line 1, in <module>
    from pandas.core.groupby.generic import (
  File "/home/airflow/.local/lib/python3.7/site-packages/pandas/core/groupby/generic.py", line 64, in <module>
    from pandas.core.aggregation import (
  File "/home/airflow/.local/lib/python3.7/site-packages/pandas/core/aggregation.py", line 33, in <module>
    from pandas.core.indexes.api import Index
  File "/home/airflow/.local/lib/python3.7/site-packages/pandas/core/indexes/api.py", line 29, in <module>
    from pandas.core.indexes.range import RangeIndex
  File "<frozen importlib._bootstrap>", line 983, in _find_and_load
  File "<frozen importlib._bootstrap>", line 967, in _find_and_load_unlocked
  File "<frozen importlib._bootstrap>", line 677, in _load_unlocked
  File "<frozen importlib._bootstrap_external>", line 724, in exec_module
  File "<frozen importlib._bootstrap_external>", line 818, in get_code
  File "<frozen importlib._bootstrap_external>", line 917, in get_data
  File "/home/airflow/.local/lib/python3.7/site-packages/airflow/utils/timeout.py", line 69, in handle_timeout
    raise AirflowTaskTimeout(self.error_message)
airflow.exceptions.AirflowTaskTimeout: DagBag import timeout for /opt/airflow/dags/web_to_localDB.py after 30.0s.
Please take a look at these docs to improve your DAG import time:
* https://airflow.apache.org/docs/apache-airflow/2.6.3/best-practices.html#top-level-python-code
* https://airflow.apache.org/docs/apache-airflow/2.6.3/best-practices.html#reducing-dag-complexity, PID: 558
[2023-08-26T13:20:36.414+0000] {processor.py:838} WARNING - No viable dags retrieved from /opt/airflow/dags/web_to_localDB.py
[2023-08-26T13:20:36.864+0000] {processor.py:179} INFO - Processing /opt/airflow/dags/web_to_localDB.py took 32.419 seconds
[2023-08-26T13:21:07.046+0000] {processor.py:157} INFO - Started process (PID=578) to work on /opt/airflow/dags/web_to_localDB.py
[2023-08-26T13:21:07.217+0000] {processor.py:826} INFO - Processing file /opt/airflow/dags/web_to_localDB.py for tasks to queue
[2023-08-26T13:21:07.219+0000] {logging_mixin.py:150} INFO - [2023-08-26T13:21:07.218+0000] {dagbag.py:541} INFO - Filling up the DagBag from /opt/airflow/dags/web_to_localDB.py
[2023-08-26T13:21:23.519+0000] {processor.py:836} INFO - DAG(s) dict_keys(['LoadDataWebToDB']) retrieved from /opt/airflow/dags/web_to_localDB.py
[2023-08-26T13:21:41.706+0000] {logging_mixin.py:150} INFO - [2023-08-26T13:21:41.706+0000] {dag.py:2742} INFO - Sync 1 DAGs
[2023-08-26T13:21:42.376+0000] {processor.py:179} INFO - Processing /opt/airflow/dags/web_to_localDB.py took 35.334 seconds
[2023-08-26T13:22:12.537+0000] {processor.py:157} INFO - Started process (PID=596) to work on /opt/airflow/dags/web_to_localDB.py
[2023-08-26T13:22:12.700+0000] {processor.py:826} INFO - Processing file /opt/airflow/dags/web_to_localDB.py for tasks to queue
[2023-08-26T13:22:12.701+0000] {logging_mixin.py:150} INFO - [2023-08-26T13:22:12.700+0000] {dagbag.py:541} INFO - Filling up the DagBag from /opt/airflow/dags/web_to_localDB.py
[2023-08-26T13:22:15.477+0000] {processor.py:836} INFO - DAG(s) dict_keys(['LoadDataWebToDB']) retrieved from /opt/airflow/dags/web_to_localDB.py
[2023-08-26T13:22:15.904+0000] {logging_mixin.py:150} INFO - [2023-08-26T13:22:15.904+0000] {dag.py:2742} INFO - Sync 1 DAGs
[2023-08-26T13:22:17.445+0000] {processor.py:179} INFO - Processing /opt/airflow/dags/web_to_localDB.py took 4.912 seconds
[2023-08-26T13:22:48.308+0000] {processor.py:157} INFO - Started process (PID=608) to work on /opt/airflow/dags/web_to_localDB.py
[2023-08-26T13:22:48.323+0000] {processor.py:826} INFO - Processing file /opt/airflow/dags/web_to_localDB.py for tasks to queue
[2023-08-26T13:22:48.324+0000] {logging_mixin.py:150} INFO - [2023-08-26T13:22:48.324+0000] {dagbag.py:541} INFO - Filling up the DagBag from /opt/airflow/dags/web_to_localDB.py
[2023-08-26T13:22:49.016+0000] {processor.py:836} INFO - DAG(s) dict_keys(['LoadDataWebToDB']) retrieved from /opt/airflow/dags/web_to_localDB.py
[2023-08-26T13:22:49.057+0000] {logging_mixin.py:150} INFO - [2023-08-26T13:22:49.057+0000] {dag.py:2742} INFO - Sync 1 DAGs
[2023-08-26T13:22:49.630+0000] {processor.py:179} INFO - Processing /opt/airflow/dags/web_to_localDB.py took 1.327 seconds
[2023-08-26T13:23:20.142+0000] {processor.py:157} INFO - Started process (PID=620) to work on /opt/airflow/dags/web_to_localDB.py
[2023-08-26T13:23:20.197+0000] {processor.py:826} INFO - Processing file /opt/airflow/dags/web_to_localDB.py for tasks to queue
[2023-08-26T13:23:20.198+0000] {logging_mixin.py:150} INFO - [2023-08-26T13:23:20.198+0000] {dagbag.py:541} INFO - Filling up the DagBag from /opt/airflow/dags/web_to_localDB.py
[2023-08-26T13:23:20.667+0000] {processor.py:836} INFO - DAG(s) dict_keys(['LoadDataWebToDB']) retrieved from /opt/airflow/dags/web_to_localDB.py
[2023-08-26T13:23:20.704+0000] {logging_mixin.py:150} INFO - [2023-08-26T13:23:20.704+0000] {dag.py:2742} INFO - Sync 1 DAGs
[2023-08-26T13:23:21.550+0000] {processor.py:179} INFO - Processing /opt/airflow/dags/web_to_localDB.py took 1.412 seconds
[2023-08-26T13:23:51.639+0000] {processor.py:157} INFO - Started process (PID=632) to work on /opt/airflow/dags/web_to_localDB.py
[2023-08-26T13:23:51.794+0000] {processor.py:826} INFO - Processing file /opt/airflow/dags/web_to_localDB.py for tasks to queue
[2023-08-26T13:23:51.795+0000] {logging_mixin.py:150} INFO - [2023-08-26T13:23:51.795+0000] {dagbag.py:541} INFO - Filling up the DagBag from /opt/airflow/dags/web_to_localDB.py
[2023-08-26T13:23:52.250+0000] {processor.py:836} INFO - DAG(s) dict_keys(['LoadDataWebToDB']) retrieved from /opt/airflow/dags/web_to_localDB.py
[2023-08-26T13:23:52.294+0000] {logging_mixin.py:150} INFO - [2023-08-26T13:23:52.293+0000] {dag.py:2742} INFO - Sync 1 DAGs
[2023-08-26T13:23:53.582+0000] {processor.py:179} INFO - Processing /opt/airflow/dags/web_to_localDB.py took 1.947 seconds
[2023-08-26T13:24:23.778+0000] {processor.py:157} INFO - Started process (PID=644) to work on /opt/airflow/dags/web_to_localDB.py
[2023-08-26T13:24:23.911+0000] {processor.py:826} INFO - Processing file /opt/airflow/dags/web_to_localDB.py for tasks to queue
[2023-08-26T13:24:23.912+0000] {logging_mixin.py:150} INFO - [2023-08-26T13:24:23.911+0000] {dagbag.py:541} INFO - Filling up the DagBag from /opt/airflow/dags/web_to_localDB.py
[2023-08-26T13:24:26.322+0000] {processor.py:836} INFO - DAG(s) dict_keys(['LoadDataWebToDB']) retrieved from /opt/airflow/dags/web_to_localDB.py
[2023-08-26T13:24:26.357+0000] {logging_mixin.py:150} INFO - [2023-08-26T13:24:26.357+0000] {dag.py:2742} INFO - Sync 1 DAGs
[2023-08-26T13:24:27.063+0000] {processor.py:179} INFO - Processing /opt/airflow/dags/web_to_localDB.py took 3.290 seconds
[2023-08-26T13:24:57.182+0000] {processor.py:157} INFO - Started process (PID=655) to work on /opt/airflow/dags/web_to_localDB.py
[2023-08-26T13:24:57.291+0000] {processor.py:826} INFO - Processing file /opt/airflow/dags/web_to_localDB.py for tasks to queue
[2023-08-26T13:24:57.292+0000] {logging_mixin.py:150} INFO - [2023-08-26T13:24:57.292+0000] {dagbag.py:541} INFO - Filling up the DagBag from /opt/airflow/dags/web_to_localDB.py
[2023-08-26T13:24:57.824+0000] {processor.py:836} INFO - DAG(s) dict_keys(['LoadDataWebToDB']) retrieved from /opt/airflow/dags/web_to_localDB.py
[2023-08-26T13:24:57.872+0000] {logging_mixin.py:150} INFO - [2023-08-26T13:24:57.872+0000] {dag.py:2742} INFO - Sync 1 DAGs
[2023-08-26T13:24:58.393+0000] {processor.py:179} INFO - Processing /opt/airflow/dags/web_to_localDB.py took 1.215 seconds
[2023-08-26T13:25:28.561+0000] {processor.py:157} INFO - Started process (PID=667) to work on /opt/airflow/dags/web_to_localDB.py
[2023-08-26T13:25:28.827+0000] {processor.py:826} INFO - Processing file /opt/airflow/dags/web_to_localDB.py for tasks to queue
[2023-08-26T13:25:28.828+0000] {logging_mixin.py:150} INFO - [2023-08-26T13:25:28.828+0000] {dagbag.py:541} INFO - Filling up the DagBag from /opt/airflow/dags/web_to_localDB.py
[2023-08-26T13:25:29.441+0000] {processor.py:836} INFO - DAG(s) dict_keys(['LoadDataWebToDB']) retrieved from /opt/airflow/dags/web_to_localDB.py
[2023-08-26T13:25:29.469+0000] {logging_mixin.py:150} INFO - [2023-08-26T13:25:29.469+0000] {dag.py:2742} INFO - Sync 1 DAGs
[2023-08-26T13:25:29.750+0000] {processor.py:179} INFO - Processing /opt/airflow/dags/web_to_localDB.py took 1.193 seconds
[2023-08-26T13:25:59.918+0000] {processor.py:157} INFO - Started process (PID=679) to work on /opt/airflow/dags/web_to_localDB.py
[2023-08-26T13:25:59.919+0000] {processor.py:826} INFO - Processing file /opt/airflow/dags/web_to_localDB.py for tasks to queue
[2023-08-26T13:25:59.921+0000] {logging_mixin.py:150} INFO - [2023-08-26T13:25:59.920+0000] {dagbag.py:541} INFO - Filling up the DagBag from /opt/airflow/dags/web_to_localDB.py
[2023-08-26T13:26:00.394+0000] {processor.py:836} INFO - DAG(s) dict_keys(['LoadDataWebToDB']) retrieved from /opt/airflow/dags/web_to_localDB.py
[2023-08-26T13:26:00.426+0000] {logging_mixin.py:150} INFO - [2023-08-26T13:26:00.426+0000] {dag.py:2742} INFO - Sync 1 DAGs
[2023-08-26T13:26:00.586+0000] {processor.py:179} INFO - Processing /opt/airflow/dags/web_to_localDB.py took 0.672 seconds
[2023-08-26T13:26:31.278+0000] {processor.py:157} INFO - Started process (PID=691) to work on /opt/airflow/dags/web_to_localDB.py
[2023-08-26T13:26:31.321+0000] {processor.py:826} INFO - Processing file /opt/airflow/dags/web_to_localDB.py for tasks to queue
[2023-08-26T13:26:31.322+0000] {logging_mixin.py:150} INFO - [2023-08-26T13:26:31.321+0000] {dagbag.py:541} INFO - Filling up the DagBag from /opt/airflow/dags/web_to_localDB.py
[2023-08-26T13:26:32.407+0000] {processor.py:836} INFO - DAG(s) dict_keys(['LoadDataWebToDB']) retrieved from /opt/airflow/dags/web_to_localDB.py
[2023-08-26T13:26:32.439+0000] {logging_mixin.py:150} INFO - [2023-08-26T13:26:32.439+0000] {dag.py:2742} INFO - Sync 1 DAGs
[2023-08-26T13:26:32.564+0000] {processor.py:179} INFO - Processing /opt/airflow/dags/web_to_localDB.py took 1.291 seconds
[2023-08-26T13:27:02.728+0000] {processor.py:157} INFO - Started process (PID=703) to work on /opt/airflow/dags/web_to_localDB.py
[2023-08-26T13:27:02.762+0000] {processor.py:826} INFO - Processing file /opt/airflow/dags/web_to_localDB.py for tasks to queue
[2023-08-26T13:27:02.762+0000] {logging_mixin.py:150} INFO - [2023-08-26T13:27:02.762+0000] {dagbag.py:541} INFO - Filling up the DagBag from /opt/airflow/dags/web_to_localDB.py
[2023-08-26T13:27:03.480+0000] {processor.py:836} INFO - DAG(s) dict_keys(['LoadDataWebToDB']) retrieved from /opt/airflow/dags/web_to_localDB.py
[2023-08-26T13:27:03.512+0000] {logging_mixin.py:150} INFO - [2023-08-26T13:27:03.512+0000] {dag.py:2742} INFO - Sync 1 DAGs
[2023-08-26T13:27:03.999+0000] {processor.py:179} INFO - Processing /opt/airflow/dags/web_to_localDB.py took 1.275 seconds
[2023-08-26T13:27:34.235+0000] {processor.py:157} INFO - Started process (PID=716) to work on /opt/airflow/dags/web_to_localDB.py
[2023-08-26T13:27:34.279+0000] {processor.py:826} INFO - Processing file /opt/airflow/dags/web_to_localDB.py for tasks to queue
[2023-08-26T13:27:34.280+0000] {logging_mixin.py:150} INFO - [2023-08-26T13:27:34.280+0000] {dagbag.py:541} INFO - Filling up the DagBag from /opt/airflow/dags/web_to_localDB.py
[2023-08-26T13:27:34.941+0000] {processor.py:836} INFO - DAG(s) dict_keys(['LoadDataWebToDB']) retrieved from /opt/airflow/dags/web_to_localDB.py
[2023-08-26T13:27:34.975+0000] {logging_mixin.py:150} INFO - [2023-08-26T13:27:34.975+0000] {dag.py:2742} INFO - Sync 1 DAGs
[2023-08-26T13:27:35.262+0000] {processor.py:179} INFO - Processing /opt/airflow/dags/web_to_localDB.py took 1.031 seconds
[2023-08-26T13:28:05.393+0000] {processor.py:157} INFO - Started process (PID=728) to work on /opt/airflow/dags/web_to_localDB.py
[2023-08-26T13:28:05.436+0000] {processor.py:826} INFO - Processing file /opt/airflow/dags/web_to_localDB.py for tasks to queue
[2023-08-26T13:28:05.438+0000] {logging_mixin.py:150} INFO - [2023-08-26T13:28:05.438+0000] {dagbag.py:541} INFO - Filling up the DagBag from /opt/airflow/dags/web_to_localDB.py
[2023-08-26T13:28:06.137+0000] {processor.py:836} INFO - DAG(s) dict_keys(['LoadDataWebToDB']) retrieved from /opt/airflow/dags/web_to_localDB.py
[2023-08-26T13:28:06.181+0000] {logging_mixin.py:150} INFO - [2023-08-26T13:28:06.181+0000] {dag.py:2742} INFO - Sync 1 DAGs
[2023-08-26T13:28:06.845+0000] {processor.py:179} INFO - Processing /opt/airflow/dags/web_to_localDB.py took 1.456 seconds
[2023-08-26T13:28:37.050+0000] {processor.py:157} INFO - Started process (PID=739) to work on /opt/airflow/dags/web_to_localDB.py
[2023-08-26T13:28:37.088+0000] {processor.py:826} INFO - Processing file /opt/airflow/dags/web_to_localDB.py for tasks to queue
[2023-08-26T13:28:37.103+0000] {logging_mixin.py:150} INFO - [2023-08-26T13:28:37.102+0000] {dagbag.py:541} INFO - Filling up the DagBag from /opt/airflow/dags/web_to_localDB.py
[2023-08-26T13:28:37.716+0000] {processor.py:836} INFO - DAG(s) dict_keys(['LoadDataWebToDB']) retrieved from /opt/airflow/dags/web_to_localDB.py
[2023-08-26T13:28:37.794+0000] {logging_mixin.py:150} INFO - [2023-08-26T13:28:37.794+0000] {dag.py:2742} INFO - Sync 1 DAGs
[2023-08-26T13:28:38.022+0000] {processor.py:179} INFO - Processing /opt/airflow/dags/web_to_localDB.py took 0.977 seconds
[2023-08-26T13:29:08.235+0000] {processor.py:157} INFO - Started process (PID=751) to work on /opt/airflow/dags/web_to_localDB.py
[2023-08-26T13:29:08.236+0000] {processor.py:826} INFO - Processing file /opt/airflow/dags/web_to_localDB.py for tasks to queue
[2023-08-26T13:29:08.237+0000] {logging_mixin.py:150} INFO - [2023-08-26T13:29:08.236+0000] {dagbag.py:541} INFO - Filling up the DagBag from /opt/airflow/dags/web_to_localDB.py
[2023-08-26T13:29:08.736+0000] {processor.py:836} INFO - DAG(s) dict_keys(['LoadDataWebToDB']) retrieved from /opt/airflow/dags/web_to_localDB.py
[2023-08-26T13:29:08.764+0000] {logging_mixin.py:150} INFO - [2023-08-26T13:29:08.764+0000] {dag.py:2742} INFO - Sync 1 DAGs
[2023-08-26T13:29:08.907+0000] {processor.py:179} INFO - Processing /opt/airflow/dags/web_to_localDB.py took 0.675 seconds
[2023-08-26T13:29:39.128+0000] {processor.py:157} INFO - Started process (PID=764) to work on /opt/airflow/dags/web_to_localDB.py
[2023-08-26T13:29:39.193+0000] {processor.py:826} INFO - Processing file /opt/airflow/dags/web_to_localDB.py for tasks to queue
[2023-08-26T13:29:39.194+0000] {logging_mixin.py:150} INFO - [2023-08-26T13:29:39.194+0000] {dagbag.py:541} INFO - Filling up the DagBag from /opt/airflow/dags/web_to_localDB.py
[2023-08-26T13:29:39.636+0000] {processor.py:836} INFO - DAG(s) dict_keys(['LoadDataWebToDB']) retrieved from /opt/airflow/dags/web_to_localDB.py
[2023-08-26T13:29:39.664+0000] {logging_mixin.py:150} INFO - [2023-08-26T13:29:39.664+0000] {dag.py:2742} INFO - Sync 1 DAGs
[2023-08-26T13:29:40.069+0000] {processor.py:179} INFO - Processing /opt/airflow/dags/web_to_localDB.py took 0.944 seconds
[2023-08-26T13:30:10.270+0000] {processor.py:157} INFO - Started process (PID=777) to work on /opt/airflow/dags/web_to_localDB.py
[2023-08-26T13:30:10.326+0000] {processor.py:826} INFO - Processing file /opt/airflow/dags/web_to_localDB.py for tasks to queue
[2023-08-26T13:30:10.327+0000] {logging_mixin.py:150} INFO - [2023-08-26T13:30:10.327+0000] {dagbag.py:541} INFO - Filling up the DagBag from /opt/airflow/dags/web_to_localDB.py
[2023-08-26T13:30:11.406+0000] {processor.py:836} INFO - DAG(s) dict_keys(['LoadDataWebToDB']) retrieved from /opt/airflow/dags/web_to_localDB.py
[2023-08-26T13:30:11.436+0000] {logging_mixin.py:150} INFO - [2023-08-26T13:30:11.436+0000] {dag.py:2742} INFO - Sync 1 DAGs
[2023-08-26T13:30:11.542+0000] {processor.py:179} INFO - Processing /opt/airflow/dags/web_to_localDB.py took 1.276 seconds
[2023-08-26T13:30:41.698+0000] {processor.py:157} INFO - Started process (PID=790) to work on /opt/airflow/dags/web_to_localDB.py
[2023-08-26T13:30:41.815+0000] {processor.py:826} INFO - Processing file /opt/airflow/dags/web_to_localDB.py for tasks to queue
[2023-08-26T13:30:41.816+0000] {logging_mixin.py:150} INFO - [2023-08-26T13:30:41.816+0000] {dagbag.py:541} INFO - Filling up the DagBag from /opt/airflow/dags/web_to_localDB.py
[2023-08-26T13:30:42.957+0000] {processor.py:836} INFO - DAG(s) dict_keys(['LoadDataWebToDB']) retrieved from /opt/airflow/dags/web_to_localDB.py
[2023-08-26T13:30:42.988+0000] {logging_mixin.py:150} INFO - [2023-08-26T13:30:42.988+0000] {dag.py:2742} INFO - Sync 1 DAGs
[2023-08-26T13:30:43.172+0000] {processor.py:179} INFO - Processing /opt/airflow/dags/web_to_localDB.py took 1.478 seconds
[2023-08-26T13:31:13.467+0000] {processor.py:157} INFO - Started process (PID=802) to work on /opt/airflow/dags/web_to_localDB.py
[2023-08-26T13:31:14.014+0000] {processor.py:826} INFO - Processing file /opt/airflow/dags/web_to_localDB.py for tasks to queue
[2023-08-26T13:31:14.016+0000] {logging_mixin.py:150} INFO - [2023-08-26T13:31:14.015+0000] {dagbag.py:541} INFO - Filling up the DagBag from /opt/airflow/dags/web_to_localDB.py
[2023-08-26T13:31:34.627+0000] {processor.py:836} INFO - DAG(s) dict_keys(['LoadDataWebToDB']) retrieved from /opt/airflow/dags/web_to_localDB.py
[2023-08-26T13:31:34.668+0000] {logging_mixin.py:150} INFO - [2023-08-26T13:31:34.668+0000] {dag.py:2742} INFO - Sync 1 DAGs
[2023-08-26T13:31:35.926+0000] {processor.py:179} INFO - Processing /opt/airflow/dags/web_to_localDB.py took 22.462 seconds
[2023-08-26T13:32:06.299+0000] {processor.py:157} INFO - Started process (PID=814) to work on /opt/airflow/dags/web_to_localDB.py
[2023-08-26T13:32:06.519+0000] {processor.py:826} INFO - Processing file /opt/airflow/dags/web_to_localDB.py for tasks to queue
[2023-08-26T13:32:06.521+0000] {logging_mixin.py:150} INFO - [2023-08-26T13:32:06.520+0000] {dagbag.py:541} INFO - Filling up the DagBag from /opt/airflow/dags/web_to_localDB.py
[2023-08-26T13:32:13.761+0000] {processor.py:836} INFO - DAG(s) dict_keys(['LoadDataWebToDB']) retrieved from /opt/airflow/dags/web_to_localDB.py
[2023-08-26T13:32:13.790+0000] {logging_mixin.py:150} INFO - [2023-08-26T13:32:13.789+0000] {dag.py:2742} INFO - Sync 1 DAGs
[2023-08-26T13:32:14.246+0000] {processor.py:179} INFO - Processing /opt/airflow/dags/web_to_localDB.py took 7.952 seconds
[2023-08-26T13:32:44.387+0000] {processor.py:157} INFO - Started process (PID=832) to work on /opt/airflow/dags/web_to_localDB.py
[2023-08-26T13:32:44.735+0000] {processor.py:826} INFO - Processing file /opt/airflow/dags/web_to_localDB.py for tasks to queue
[2023-08-26T13:32:44.736+0000] {logging_mixin.py:150} INFO - [2023-08-26T13:32:44.736+0000] {dagbag.py:541} INFO - Filling up the DagBag from /opt/airflow/dags/web_to_localDB.py
[2023-08-26T13:33:14.835+0000] {logging_mixin.py:150} INFO - [2023-08-26T13:33:14.833+0000] {timeout.py:68} ERROR - Process timed out, PID: 832
[2023-08-26T13:33:16.940+0000] {logging_mixin.py:150} INFO - [2023-08-26T13:33:14.844+0000] {dagbag.py:350} ERROR - Failed to import: /opt/airflow/dags/web_to_localDB.py
Traceback (most recent call last):
  File "/home/airflow/.local/lib/python3.7/site-packages/airflow/models/dagbag.py", line 346, in parse
    loader.exec_module(new_module)
  File "<frozen importlib._bootstrap_external>", line 728, in exec_module
  File "<frozen importlib._bootstrap>", line 219, in _call_with_frames_removed
  File "/opt/airflow/dags/web_to_localDB.py", line 7, in <module>
    from utils.db_ingestion import db_conn_ingestion
  File "/opt/airflow/dags/utils/db_ingestion.py", line 6, in <module>
    import pandas as pd
  File "/home/airflow/.local/lib/python3.7/site-packages/pandas/__init__.py", line 22, in <module>
    from pandas.compat import (
  File "/home/airflow/.local/lib/python3.7/site-packages/pandas/compat/__init__.py", line 23, in <module>
    from pandas.compat.pyarrow import (
  File "/home/airflow/.local/lib/python3.7/site-packages/pandas/compat/pyarrow.py", line 6, in <module>
    import pyarrow as pa
  File "/home/airflow/.local/lib/python3.7/site-packages/pyarrow/__init__.py", line 65, in <module>
    import pyarrow.lib as _lib
  File "pyarrow/config.pxi", line 56, in init pyarrow.lib
  File "pyarrow/config.pxi", line 41, in pyarrow.lib._build_info
  File "<string>", line 1, in __new__
  File "/home/airflow/.local/lib/python3.7/site-packages/airflow/utils/timeout.py", line 69, in handle_timeout
    raise AirflowTaskTimeout(self.error_message)
airflow.exceptions.AirflowTaskTimeout: DagBag import timeout for /opt/airflow/dags/web_to_localDB.py after 30.0s.
Please take a look at these docs to improve your DAG import time:
* https://airflow.apache.org/docs/apache-airflow/2.6.3/best-practices.html#top-level-python-code
* https://airflow.apache.org/docs/apache-airflow/2.6.3/best-practices.html#reducing-dag-complexity, PID: 832
[2023-08-26T13:33:16.941+0000] {processor.py:838} WARNING - No viable dags retrieved from /opt/airflow/dags/web_to_localDB.py
[2023-08-26T13:33:17.883+0000] {processor.py:179} INFO - Processing /opt/airflow/dags/web_to_localDB.py took 33.499 seconds
[2023-08-26T13:33:50.044+0000] {processor.py:157} INFO - Started process (PID=845) to work on /opt/airflow/dags/web_to_localDB.py
[2023-08-26T13:33:50.329+0000] {processor.py:826} INFO - Processing file /opt/airflow/dags/web_to_localDB.py for tasks to queue
[2023-08-26T13:33:50.330+0000] {logging_mixin.py:150} INFO - [2023-08-26T13:33:50.330+0000] {dagbag.py:541} INFO - Filling up the DagBag from /opt/airflow/dags/web_to_localDB.py
[2023-08-26T13:34:21.035+0000] {logging_mixin.py:150} INFO - [2023-08-26T13:34:21.031+0000] {timeout.py:68} ERROR - Process timed out, PID: 845
[2023-08-26T13:34:23.160+0000] {logging_mixin.py:150} INFO - [2023-08-26T13:34:21.036+0000] {dagbag.py:350} ERROR - Failed to import: /opt/airflow/dags/web_to_localDB.py
Traceback (most recent call last):
  File "/home/airflow/.local/lib/python3.7/site-packages/airflow/models/dagbag.py", line 346, in parse
    loader.exec_module(new_module)
  File "<frozen importlib._bootstrap_external>", line 728, in exec_module
  File "<frozen importlib._bootstrap>", line 219, in _call_with_frames_removed
  File "/opt/airflow/dags/web_to_localDB.py", line 7, in <module>
    from utils.db_ingestion import db_conn_ingestion
  File "/opt/airflow/dags/utils/db_ingestion.py", line 6, in <module>
    import pandas as pd
  File "/home/airflow/.local/lib/python3.7/site-packages/pandas/__init__.py", line 50, in <module>
    from pandas.core.api import (
  File "/home/airflow/.local/lib/python3.7/site-packages/pandas/core/api.py", line 29, in <module>
    from pandas.core.arrays import Categorical
  File "/home/airflow/.local/lib/python3.7/site-packages/pandas/core/arrays/__init__.py", line 8, in <module>
    from pandas.core.arrays.datetimes import DatetimeArray
  File "/home/airflow/.local/lib/python3.7/site-packages/pandas/core/arrays/datetimes.py", line 72, in <module>
    from pandas.core.arrays.integer import IntegerArray
  File "/home/airflow/.local/lib/python3.7/site-packages/pandas/core/arrays/integer.py", line 45, in <module>
    from pandas.core.tools.numeric import to_numeric
  File "<frozen importlib._bootstrap>", line 983, in _find_and_load
  File "<frozen importlib._bootstrap>", line 963, in _find_and_load_unlocked
  File "<frozen importlib._bootstrap>", line 906, in _find_spec
  File "<frozen importlib._bootstrap_external>", line 1280, in find_spec
  File "<frozen importlib._bootstrap_external>", line 1252, in _get_spec
  File "<frozen importlib._bootstrap_external>", line 1368, in find_spec
  File "<frozen importlib._bootstrap_external>", line 1408, in _fill_cache
  File "/home/airflow/.local/lib/python3.7/site-packages/airflow/utils/timeout.py", line 69, in handle_timeout
    raise AirflowTaskTimeout(self.error_message)
airflow.exceptions.AirflowTaskTimeout: DagBag import timeout for /opt/airflow/dags/web_to_localDB.py after 30.0s.
Please take a look at these docs to improve your DAG import time:
* https://airflow.apache.org/docs/apache-airflow/2.6.3/best-practices.html#top-level-python-code
* https://airflow.apache.org/docs/apache-airflow/2.6.3/best-practices.html#reducing-dag-complexity, PID: 845
[2023-08-26T13:34:23.161+0000] {processor.py:838} WARNING - No viable dags retrieved from /opt/airflow/dags/web_to_localDB.py
[2023-08-26T13:34:23.966+0000] {processor.py:179} INFO - Processing /opt/airflow/dags/web_to_localDB.py took 33.926 seconds
[2023-08-26T13:34:54.466+0000] {processor.py:157} INFO - Started process (PID=864) to work on /opt/airflow/dags/web_to_localDB.py
[2023-08-26T13:34:54.613+0000] {processor.py:826} INFO - Processing file /opt/airflow/dags/web_to_localDB.py for tasks to queue
[2023-08-26T13:34:54.614+0000] {logging_mixin.py:150} INFO - [2023-08-26T13:34:54.614+0000] {dagbag.py:541} INFO - Filling up the DagBag from /opt/airflow/dags/web_to_localDB.py
[2023-08-26T13:35:05.448+0000] {processor.py:836} INFO - DAG(s) dict_keys(['LoadDataWebToDB']) retrieved from /opt/airflow/dags/web_to_localDB.py
[2023-08-26T13:35:12.649+0000] {logging_mixin.py:150} INFO - [2023-08-26T13:35:12.649+0000] {dag.py:2742} INFO - Sync 1 DAGs
[2023-08-26T13:35:21.573+0000] {processor.py:179} INFO - Processing /opt/airflow/dags/web_to_localDB.py took 27.111 seconds
[2023-08-26T13:35:54.474+0000] {processor.py:157} INFO - Started process (PID=876) to work on /opt/airflow/dags/web_to_localDB.py
[2023-08-26T13:35:54.599+0000] {processor.py:826} INFO - Processing file /opt/airflow/dags/web_to_localDB.py for tasks to queue
[2023-08-26T13:35:54.600+0000] {logging_mixin.py:150} INFO - [2023-08-26T13:35:54.600+0000] {dagbag.py:541} INFO - Filling up the DagBag from /opt/airflow/dags/web_to_localDB.py
[2023-08-26T13:35:55.032+0000] {processor.py:836} INFO - DAG(s) dict_keys(['LoadDataWebToDB']) retrieved from /opt/airflow/dags/web_to_localDB.py
[2023-08-26T13:35:55.076+0000] {logging_mixin.py:150} INFO - [2023-08-26T13:35:55.075+0000] {dag.py:2742} INFO - Sync 1 DAGs
[2023-08-26T13:35:55.700+0000] {processor.py:179} INFO - Processing /opt/airflow/dags/web_to_localDB.py took 1.229 seconds
[2023-08-26T13:36:26.010+0000] {processor.py:157} INFO - Started process (PID=888) to work on /opt/airflow/dags/web_to_localDB.py
[2023-08-26T13:36:26.042+0000] {processor.py:826} INFO - Processing file /opt/airflow/dags/web_to_localDB.py for tasks to queue
[2023-08-26T13:36:26.043+0000] {logging_mixin.py:150} INFO - [2023-08-26T13:36:26.042+0000] {dagbag.py:541} INFO - Filling up the DagBag from /opt/airflow/dags/web_to_localDB.py
[2023-08-26T13:36:26.512+0000] {processor.py:836} INFO - DAG(s) dict_keys(['LoadDataWebToDB']) retrieved from /opt/airflow/dags/web_to_localDB.py
[2023-08-26T13:36:26.541+0000] {logging_mixin.py:150} INFO - [2023-08-26T13:36:26.540+0000] {dag.py:2742} INFO - Sync 1 DAGs
[2023-08-26T13:36:27.682+0000] {processor.py:179} INFO - Processing /opt/airflow/dags/web_to_localDB.py took 1.677 seconds
[2023-08-26T13:36:57.850+0000] {processor.py:157} INFO - Started process (PID=900) to work on /opt/airflow/dags/web_to_localDB.py
[2023-08-26T13:36:57.994+0000] {processor.py:826} INFO - Processing file /opt/airflow/dags/web_to_localDB.py for tasks to queue
[2023-08-26T13:36:57.995+0000] {logging_mixin.py:150} INFO - [2023-08-26T13:36:57.995+0000] {dagbag.py:541} INFO - Filling up the DagBag from /opt/airflow/dags/web_to_localDB.py
[2023-08-26T13:36:58.467+0000] {processor.py:836} INFO - DAG(s) dict_keys(['LoadDataWebToDB']) retrieved from /opt/airflow/dags/web_to_localDB.py
[2023-08-26T13:36:58.933+0000] {logging_mixin.py:150} INFO - [2023-08-26T13:36:58.933+0000] {dag.py:2742} INFO - Sync 1 DAGs
[2023-08-26T13:36:59.591+0000] {processor.py:179} INFO - Processing /opt/airflow/dags/web_to_localDB.py took 1.745 seconds
                                                                                                                                                                                                                                                                                                                                                                                                                                                                                                                                                                                                                                                                                                                                                                                                                                                              