[2023-10-02T15:07:37.532+0000] {taskinstance.py:1103} INFO - Dependencies all met for dep_context=non-requeueable deps ti=<TaskInstance: Load-Green-Taxi-Data-Web-To-GCS-To-Postgres.load_to_postgres scheduled__2019-03-02T06:00:00+00:00 [queued]>
[2023-10-02T15:07:37.550+0000] {taskinstance.py:1103} INFO - Dependencies all met for dep_context=requeueable deps ti=<TaskInstance: Load-Green-Taxi-Data-Web-To-GCS-To-Postgres.load_to_postgres scheduled__2019-03-02T06:00:00+00:00 [queued]>
[2023-10-02T15:07:37.550+0000] {taskinstance.py:1308} INFO - Starting attempt 1 of 3
[2023-10-02T15:07:37.690+0000] {taskinstance.py:1327} INFO - Executing <Task(PythonOperator): load_to_postgres> on 2019-03-02 06:00:00+00:00
[2023-10-02T15:07:37.701+0000] {standard_task_runner.py:57} INFO - Started process 5669 to run task
[2023-10-02T15:07:37.705+0000] {standard_task_runner.py:84} INFO - Running: ['***', 'tasks', 'run', 'Load-Green-Taxi-Data-Web-To-GCS-To-Postgres', 'load_to_postgres', 'scheduled__2019-03-02T06:00:00+00:00', '--job-id', '904', '--raw', '--subdir', 'DAGS_FOLDER/web_gcs_pg.py', '--cfg-path', '/tmp/tmpas0mh6nm']
[2023-10-02T15:07:37.710+0000] {standard_task_runner.py:85} INFO - Job 904: Subtask load_to_postgres
[2023-10-02T15:07:37.802+0000] {task_command.py:410} INFO - Running <TaskInstance: Load-Green-Taxi-Data-Web-To-GCS-To-Postgres.load_to_postgres scheduled__2019-03-02T06:00:00+00:00 [running]> on host 537710aea1a2
[2023-10-02T15:07:38.245+0000] {taskinstance.py:1547} INFO - Exporting env vars: AIRFLOW_CTX_DAG_EMAIL='' AIRFLOW_CTX_DAG_OWNER='***' AIRFLOW_CTX_DAG_ID='Load-Green-Taxi-Data-Web-To-GCS-To-Postgres' AIRFLOW_CTX_TASK_ID='load_to_postgres' AIRFLOW_CTX_EXECUTION_DATE='2019-03-02T06:00:00+00:00' AIRFLOW_CTX_TRY_NUMBER='1' AIRFLOW_CTX_DAG_RUN_ID='scheduled__2019-03-02T06:00:00+00:00'
[2023-10-02T15:07:38.247+0000] {postgres.py:159} INFO - Running copy expert: COPY green_taxi FROM STDIN WITH CSV;, filename: /opt/***/green_tripdata_2019-03.csv
[2023-10-02T15:07:38.259+0000] {base.py:73} INFO - Using connection ID 'my_postgres_conn' for task execution.
[2023-10-02T15:07:43.396+0000] {taskinstance.py:1824} ERROR - Task failed with exception
Traceback (most recent call last):
  File "/home/airflow/.local/lib/python3.7/site-packages/airflow/operators/python.py", line 181, in execute
    return_value = self.execute_callable()
  File "/home/airflow/.local/lib/python3.7/site-packages/airflow/operators/python.py", line 198, in execute_callable
    return self.python_callable(*self.op_args, **self.op_kwargs)
  File "/opt/airflow/dags/web_gcs_pg.py", line 75, in load_data_to_postgres
    postgres_hook.copy_expert(sql, file_path)
  File "/home/airflow/.local/lib/python3.7/site-packages/airflow/providers/postgres/hooks/postgres.py", line 167, in copy_expert
    cur.copy_expert(sql, file)
psycopg2.errors.InvalidTextRepresentation: invalid input syntax for type integer: "VendorID"
CONTEXT:  COPY green_taxi, line 1, column vendorid: "VendorID"

[2023-10-02T15:07:43.760+0000] {taskinstance.py:1350} INFO - Marking task as UP_FOR_RETRY. dag_id=Load-Green-Taxi-Data-Web-To-GCS-To-Postgres, task_id=load_to_postgres, execution_date=20190302T060000, start_date=20231002T150737, end_date=20231002T150743
[2023-10-02T15:07:43.927+0000] {standard_task_runner.py:109} ERROR - Failed to execute job 904 for task load_to_postgres (invalid input syntax for type integer: "VendorID"
CONTEXT:  COPY green_taxi, line 1, column vendorid: "VendorID"
; 5669)
[2023-10-02T15:07:43.952+0000] {local_task_job_runner.py:225} INFO - Task exited with return code 1
[2023-10-02T15:07:43.994+0000] {taskinstance.py:2653} INFO - 0 downstream tasks scheduled from follow-on schedule check
