[2023-10-02T03:18:07.485+0000] {taskinstance.py:1103} INFO - Dependencies all met for dep_context=non-requeueable deps ti=<TaskInstance: Load-Green-Taxi-Data-Web-To-GCS-To-Postgres.extract_to_gcs scheduled__2020-11-02T06:00:00+00:00 [queued]>
[2023-10-02T03:18:07.495+0000] {taskinstance.py:1103} INFO - Dependencies all met for dep_context=requeueable deps ti=<TaskInstance: Load-Green-Taxi-Data-Web-To-GCS-To-Postgres.extract_to_gcs scheduled__2020-11-02T06:00:00+00:00 [queued]>
[2023-10-02T03:18:07.496+0000] {taskinstance.py:1308} INFO - Starting attempt 1 of 3
[2023-10-02T03:18:07.518+0000] {taskinstance.py:1327} INFO - Executing <Task(WebToGCSHKOperator): extract_to_gcs> on 2020-11-02 06:00:00+00:00
[2023-10-02T03:18:07.526+0000] {standard_task_runner.py:57} INFO - Started process 3860 to run task
[2023-10-02T03:18:07.529+0000] {standard_task_runner.py:84} INFO - Running: ['***', 'tasks', 'run', 'Load-Green-Taxi-Data-Web-To-GCS-To-Postgres', 'extract_to_gcs', 'scheduled__2020-11-02T06:00:00+00:00', '--job-id', '738', '--raw', '--subdir', 'DAGS_FOLDER/web_gcs_pg.py', '--cfg-path', '/tmp/tmphhdrlrlu']
[2023-10-02T03:18:07.531+0000] {standard_task_runner.py:85} INFO - Job 738: Subtask extract_to_gcs
[2023-10-02T03:18:07.589+0000] {task_command.py:410} INFO - Running <TaskInstance: Load-Green-Taxi-Data-Web-To-GCS-To-Postgres.extract_to_gcs scheduled__2020-11-02T06:00:00+00:00 [running]> on host 537710aea1a2
[2023-10-02T03:18:07.753+0000] {taskinstance.py:1547} INFO - Exporting env vars: AIRFLOW_CTX_DAG_EMAIL='' AIRFLOW_CTX_DAG_OWNER='***' AIRFLOW_CTX_DAG_ID='Load-Green-Taxi-Data-Web-To-GCS-To-Postgres' AIRFLOW_CTX_TASK_ID='extract_to_gcs' AIRFLOW_CTX_EXECUTION_DATE='2020-11-02T06:00:00+00:00' AIRFLOW_CTX_TRY_NUMBER='1' AIRFLOW_CTX_DAG_RUN_ID='scheduled__2020-11-02T06:00:00+00:00'
[2023-10-02T03:18:07.754+0000] {crypto.py:83} WARNING - empty cryptography key - values will not be stored encrypted.
[2023-10-02T03:18:07.755+0000] {base.py:73} INFO - Using connection ID 'google_cloud_default' for task execution.
[2023-10-02T03:18:07.755+0000] {Web_To_GCS_Hook.py:67} INFO - Execute downloading of file from https://github.com/DataTalksClub/nyc-tlc-data/releases/download/green/green_tripdata_2020-11.csv.gz to gs://practice18//green_tripdata_2020-11.csv.gz
[2023-10-02T03:18:12.670+0000] {Web_To_GCS_Hook.py:79} INFO - File written to temporary directory: /tmp/tmp0foew2xf/green_tripdata_2020-11.csv.gz
[2023-10-02T03:18:12.917+0000] {warnings.py:110} WARNING - /opt/***/plugins/web/operators/Web_To_GCS_Hook.py:58: DtypeWarning: Columns (3) have mixed types.Specify dtype option on import or set low_memory=False.
  self._copy_file_object(gcs_hook)

[2023-10-02T03:18:12.965+0000] {logging_mixin.py:150} INFO -    VendorID lpep_pickup_datetime  ... trip_type congestion_surcharge
0       2.0  2020-11-01 00:08:23  ...       1.0                 2.75
1       2.0  2020-11-01 00:23:32  ...       1.0                 0.00
2       2.0  2020-11-01 00:43:14  ...       1.0                 0.00
3       2.0  2020-11-01 00:33:13  ...       1.0                 0.00
4       2.0  2020-11-01 00:49:28  ...       1.0                 0.00

[5 rows x 20 columns]
[2023-10-02T03:18:12.965+0000] {logging_mixin.py:150} INFO - (88605, 20)
[2023-10-02T03:18:13.758+0000] {Web_To_GCS_Hook.py:90} INFO - Parquet: green_tripdata_2020-11.csv
[2023-10-02T03:18:22.777+0000] {gcs.py:538} INFO - File /tmp/tmp0foew2xf/green_tripdata_2020-11.csv uploaded to green/green_tripdata_2020-11.csv in practice18 bucket
[2023-10-02T03:18:22.777+0000] {Web_To_GCS_Hook.py:105} INFO - Loaded file from https://github.com/DataTalksClub/nyc-tlc-data/releases/download/green/green_tripdata_2020-11.csv.gz to gs://practice18//green/green_tripdata_2020-11.csv
[2023-10-02T03:18:22.802+0000] {taskinstance.py:1350} INFO - Marking task as SUCCESS. dag_id=Load-Green-Taxi-Data-Web-To-GCS-To-Postgres, task_id=extract_to_gcs, execution_date=20201102T060000, start_date=20231002T031807, end_date=20231002T031822
[2023-10-02T03:18:22.849+0000] {local_task_job_runner.py:225} INFO - Task exited with return code 0
[2023-10-02T03:18:22.886+0000] {taskinstance.py:2653} INFO - 1 downstream tasks scheduled from follow-on schedule check
