[2023-10-02T02:50:20.842+0000] {taskinstance.py:1103} INFO - Dependencies all met for dep_context=non-requeueable deps ti=<TaskInstance: Load-Green-Taxi-Data-Web-To-GCS-To-Postgres.extract_to_gcs scheduled__2020-06-02T06:00:00+00:00 [queued]>
[2023-10-02T02:50:20.854+0000] {taskinstance.py:1103} INFO - Dependencies all met for dep_context=requeueable deps ti=<TaskInstance: Load-Green-Taxi-Data-Web-To-GCS-To-Postgres.extract_to_gcs scheduled__2020-06-02T06:00:00+00:00 [queued]>
[2023-10-02T02:50:20.854+0000] {taskinstance.py:1308} INFO - Starting attempt 1 of 3
[2023-10-02T02:50:21.227+0000] {taskinstance.py:1327} INFO - Executing <Task(WebToGCSHKOperator): extract_to_gcs> on 2020-06-02 06:00:00+00:00
[2023-10-02T02:50:21.237+0000] {standard_task_runner.py:57} INFO - Started process 3339 to run task
[2023-10-02T02:50:21.243+0000] {standard_task_runner.py:84} INFO - Running: ['***', 'tasks', 'run', 'Load-Green-Taxi-Data-Web-To-GCS-To-Postgres', 'extract_to_gcs', 'scheduled__2020-06-02T06:00:00+00:00', '--job-id', '722', '--raw', '--subdir', 'DAGS_FOLDER/web_gcs_pg.py', '--cfg-path', '/tmp/tmpadyz9pof']
[2023-10-02T02:50:21.247+0000] {standard_task_runner.py:85} INFO - Job 722: Subtask extract_to_gcs
[2023-10-02T02:50:21.333+0000] {task_command.py:410} INFO - Running <TaskInstance: Load-Green-Taxi-Data-Web-To-GCS-To-Postgres.extract_to_gcs scheduled__2020-06-02T06:00:00+00:00 [running]> on host 537710aea1a2
[2023-10-02T02:50:21.485+0000] {taskinstance.py:1547} INFO - Exporting env vars: AIRFLOW_CTX_DAG_EMAIL='' AIRFLOW_CTX_DAG_OWNER='***' AIRFLOW_CTX_DAG_ID='Load-Green-Taxi-Data-Web-To-GCS-To-Postgres' AIRFLOW_CTX_TASK_ID='extract_to_gcs' AIRFLOW_CTX_EXECUTION_DATE='2020-06-02T06:00:00+00:00' AIRFLOW_CTX_TRY_NUMBER='1' AIRFLOW_CTX_DAG_RUN_ID='scheduled__2020-06-02T06:00:00+00:00'
[2023-10-02T02:50:21.487+0000] {crypto.py:83} WARNING - empty cryptography key - values will not be stored encrypted.
[2023-10-02T02:50:21.488+0000] {base.py:73} INFO - Using connection ID 'google_cloud_default' for task execution.
[2023-10-02T02:50:21.488+0000] {Web_To_GCS_Hook.py:67} INFO - Execute downloading of file from https://github.com/DataTalksClub/nyc-tlc-data/releases/download/green/green_tripdata_2020-06.csv.gz to gs://practice18//green_tripdata_2020-06.csv.gz
[2023-10-02T02:50:24.564+0000] {Web_To_GCS_Hook.py:79} INFO - File written to temporary directory: /tmp/tmpyosxmx47/green_tripdata_2020-06.csv.gz
[2023-10-02T02:50:24.799+0000] {logging_mixin.py:150} INFO -    VendorID lpep_pickup_datetime  ... trip_type congestion_surcharge
0       1.0  2020-06-01 00:22:07  ...       1.0                 0.00
1       2.0  2020-06-01 00:09:05  ...       1.0                 2.75
2       2.0  2020-06-01 00:20:05  ...       1.0                 0.00
3       2.0  2020-06-01 00:30:50  ...       1.0                 0.00
4       2.0  2020-06-01 00:03:05  ...       1.0                 0.00

[5 rows x 20 columns]
[2023-10-02T02:50:24.799+0000] {logging_mixin.py:150} INFO - (63109, 20)
[2023-10-02T02:50:25.306+0000] {Web_To_GCS_Hook.py:90} INFO - Parquet: green_tripdata_2020-06.csv
[2023-10-02T02:50:30.857+0000] {gcs.py:538} INFO - File /tmp/tmpyosxmx47/green_tripdata_2020-06.csv uploaded to green/green_tripdata_2020-06.csv in practice18 bucket
[2023-10-02T02:50:30.858+0000] {Web_To_GCS_Hook.py:105} INFO - Loaded file from https://github.com/DataTalksClub/nyc-tlc-data/releases/download/green/green_tripdata_2020-06.csv.gz to gs://practice18//green/green_tripdata_2020-06.csv
[2023-10-02T02:50:30.888+0000] {taskinstance.py:1350} INFO - Marking task as SUCCESS. dag_id=Load-Green-Taxi-Data-Web-To-GCS-To-Postgres, task_id=extract_to_gcs, execution_date=20200602T060000, start_date=20231002T025020, end_date=20231002T025030
[2023-10-02T02:50:30.962+0000] {local_task_job_runner.py:225} INFO - Task exited with return code 0
[2023-10-02T02:50:31.008+0000] {taskinstance.py:2653} INFO - 0 downstream tasks scheduled from follow-on schedule check
