[2023-10-02T18:23:43.866+0000] {taskinstance.py:1103} INFO - Dependencies all met for dep_context=non-requeueable deps ti=<TaskInstance: Load-Green-Taxi-Data-Web-To-GCS-To-Postgres.extract_from_web_to_gcs scheduled__2019-05-02T06:00:00+00:00 [queued]>
[2023-10-02T18:23:43.879+0000] {taskinstance.py:1103} INFO - Dependencies all met for dep_context=requeueable deps ti=<TaskInstance: Load-Green-Taxi-Data-Web-To-GCS-To-Postgres.extract_from_web_to_gcs scheduled__2019-05-02T06:00:00+00:00 [queued]>
[2023-10-02T18:23:43.879+0000] {taskinstance.py:1308} INFO - Starting attempt 1 of 3
[2023-10-02T18:23:44.229+0000] {taskinstance.py:1327} INFO - Executing <Task(WebToGCSHKOperator): extract_from_web_to_gcs> on 2019-05-02 06:00:00+00:00
[2023-10-02T18:23:44.238+0000] {standard_task_runner.py:57} INFO - Started process 9012 to run task
[2023-10-02T18:23:44.241+0000] {standard_task_runner.py:84} INFO - Running: ['***', 'tasks', 'run', 'Load-Green-Taxi-Data-Web-To-GCS-To-Postgres', 'extract_from_web_to_gcs', 'scheduled__2019-05-02T06:00:00+00:00', '--job-id', '1012', '--raw', '--subdir', 'DAGS_FOLDER/web_gcs_pg.py', '--cfg-path', '/tmp/tmpzm4m2mu6']
[2023-10-02T18:23:44.244+0000] {standard_task_runner.py:85} INFO - Job 1012: Subtask extract_from_web_to_gcs
[2023-10-02T18:23:44.436+0000] {task_command.py:410} INFO - Running <TaskInstance: Load-Green-Taxi-Data-Web-To-GCS-To-Postgres.extract_from_web_to_gcs scheduled__2019-05-02T06:00:00+00:00 [running]> on host 537710aea1a2
[2023-10-02T18:23:44.725+0000] {taskinstance.py:1547} INFO - Exporting env vars: AIRFLOW_CTX_DAG_EMAIL='' AIRFLOW_CTX_DAG_OWNER='***' AIRFLOW_CTX_DAG_ID='Load-Green-Taxi-Data-Web-To-GCS-To-Postgres' AIRFLOW_CTX_TASK_ID='extract_from_web_to_gcs' AIRFLOW_CTX_EXECUTION_DATE='2019-05-02T06:00:00+00:00' AIRFLOW_CTX_TRY_NUMBER='1' AIRFLOW_CTX_DAG_RUN_ID='scheduled__2019-05-02T06:00:00+00:00'
[2023-10-02T18:23:44.732+0000] {crypto.py:83} WARNING - empty cryptography key - values will not be stored encrypted.
[2023-10-02T18:23:44.733+0000] {base.py:73} INFO - Using connection ID 'google_cloud_default' for task execution.
[2023-10-02T18:23:44.733+0000] {Web_To_GCS_Hook.py:67} INFO - Execute downloading of file from https://github.com/DataTalksClub/nyc-tlc-data/releases/download/green/green_tripdata_2019-05.csv.gz to gs://practice18//green_tripdata_2019-05.csv.gz
[2023-10-02T18:23:51.931+0000] {Web_To_GCS_Hook.py:79} INFO - File written to temporary directory: /tmp/tmprilv3nlv/green_tripdata_2019-05.csv.gz
[2023-10-02T18:23:57.580+0000] {logging_mixin.py:150} INFO -    VendorID lpep_pickup_datetime  ... trip_type congestion_surcharge
0         1  2019-05-01 00:48:55  ...         1                  0.0
1         2  2019-05-01 00:53:04  ...         1                  0.0
2         2  2019-05-01 00:34:24  ...         1                  0.0
3         1  2019-05-01 00:42:50  ...         1                  0.0
4         1  2019-05-01 00:12:53  ...         1                  0.0

[5 rows x 20 columns]
[2023-10-02T18:23:57.681+0000] {logging_mixin.py:150} INFO - (504887, 20)
[2023-10-02T18:24:02.197+0000] {Web_To_GCS_Hook.py:90} INFO - Parquet: green_tripdata_2019-05.csv
[2023-10-02T18:26:25.401+0000] {gcs.py:538} INFO - File /tmp/tmprilv3nlv/green_tripdata_2019-05.csv uploaded to green/green_tripdata_2019-05.csv in practice18 bucket
[2023-10-02T18:26:25.401+0000] {Web_To_GCS_Hook.py:105} INFO - Loaded file from https://github.com/DataTalksClub/nyc-tlc-data/releases/download/green/green_tripdata_2019-05.csv.gz to gs://practice18//green/green_tripdata_2019-05.csv
[2023-10-02T18:26:25.450+0000] {taskinstance.py:1350} INFO - Marking task as SUCCESS. dag_id=Load-Green-Taxi-Data-Web-To-GCS-To-Postgres, task_id=extract_from_web_to_gcs, execution_date=20190502T060000, start_date=20231002T182343, end_date=20231002T182625
[2023-10-02T18:26:25.555+0000] {local_task_job_runner.py:225} INFO - Task exited with return code 0
[2023-10-02T18:26:25.588+0000] {taskinstance.py:2653} INFO - 1 downstream tasks scheduled from follow-on schedule check
