[2023-10-02T01:36:20.070+0000] {taskinstance.py:1103} INFO - Dependencies all met for dep_context=non-requeueable deps ti=<TaskInstance: Load-Green-Taxi-Data-Web-To-GCS-To-Postgres.download_file_from_gcs scheduled__2019-09-02T06:00:00+00:00 [queued]>
[2023-10-02T01:36:20.082+0000] {taskinstance.py:1103} INFO - Dependencies all met for dep_context=requeueable deps ti=<TaskInstance: Load-Green-Taxi-Data-Web-To-GCS-To-Postgres.download_file_from_gcs scheduled__2019-09-02T06:00:00+00:00 [queued]>
[2023-10-02T01:36:20.083+0000] {taskinstance.py:1308} INFO - Starting attempt 1 of 3
[2023-10-02T01:36:20.107+0000] {taskinstance.py:1327} INFO - Executing <Task(GCSToLocalFilesystemOperator): download_file_from_gcs> on 2019-09-02 06:00:00+00:00
[2023-10-02T01:36:20.115+0000] {standard_task_runner.py:57} INFO - Started process 1951 to run task
[2023-10-02T01:36:20.118+0000] {standard_task_runner.py:84} INFO - Running: ['***', 'tasks', 'run', 'Load-Green-Taxi-Data-Web-To-GCS-To-Postgres', 'download_file_from_gcs', 'scheduled__2019-09-02T06:00:00+00:00', '--job-id', '681', '--raw', '--subdir', 'DAGS_FOLDER/web_gcs_pg.py', '--cfg-path', '/tmp/tmpis61a6dt']
[2023-10-02T01:36:20.121+0000] {standard_task_runner.py:85} INFO - Job 681: Subtask download_file_from_gcs
[2023-10-02T01:36:20.184+0000] {task_command.py:410} INFO - Running <TaskInstance: Load-Green-Taxi-Data-Web-To-GCS-To-Postgres.download_file_from_gcs scheduled__2019-09-02T06:00:00+00:00 [running]> on host 537710aea1a2
[2023-10-02T01:36:20.299+0000] {taskinstance.py:1547} INFO - Exporting env vars: AIRFLOW_CTX_DAG_EMAIL='' AIRFLOW_CTX_DAG_OWNER='***' AIRFLOW_CTX_DAG_ID='Load-Green-Taxi-Data-Web-To-GCS-To-Postgres' AIRFLOW_CTX_TASK_ID='download_file_from_gcs' AIRFLOW_CTX_EXECUTION_DATE='2019-09-02T06:00:00+00:00' AIRFLOW_CTX_TRY_NUMBER='1' AIRFLOW_CTX_DAG_RUN_ID='scheduled__2019-09-02T06:00:00+00:00'
[2023-10-02T01:36:20.300+0000] {gcs_to_local.py:111} INFO - Executing download: practice18, green/green_tripdata_2019-09.csv, <TemporaryDirectory '/tmp/tmpllloygwm'>/green_tripdata_2019-09.csv
[2023-10-02T01:36:20.301+0000] {crypto.py:83} WARNING - empty cryptography key - values will not be stored encrypted.
[2023-10-02T01:36:20.301+0000] {base.py:73} INFO - Using connection ID 'google_cloud_default' for task execution.
[2023-10-02T01:36:20.343+0000] {taskinstance.py:1824} ERROR - Task failed with exception
Traceback (most recent call last):
  File "/home/airflow/.local/lib/python3.7/site-packages/airflow/providers/google/cloud/transfers/gcs_to_local.py", line 125, in execute
    hook.download(bucket_name=self.bucket, object_name=self.object_name, filename=self.filename)
  File "/home/airflow/.local/lib/python3.7/site-packages/airflow/providers/google/cloud/hooks/gcs.py", line 340, in download
    blob.download_to_filename(filename, timeout=timeout)
  File "/home/airflow/.local/lib/python3.7/site-packages/google/cloud/storage/blob.py", line 1255, in download_to_filename
    with open(filename, "wb") as file_obj:
FileNotFoundError: [Errno 2] No such file or directory: "<TemporaryDirectory '/tmp/tmpllloygwm'>/green_tripdata_2019-09.csv"
[2023-10-02T01:36:20.440+0000] {taskinstance.py:1350} INFO - Marking task as UP_FOR_RETRY. dag_id=Load-Green-Taxi-Data-Web-To-GCS-To-Postgres, task_id=download_file_from_gcs, execution_date=20190902T060000, start_date=20231002T013620, end_date=20231002T013620
[2023-10-02T01:36:20.473+0000] {standard_task_runner.py:109} ERROR - Failed to execute job 681 for task download_file_from_gcs ([Errno 2] No such file or directory: "<TemporaryDirectory '/tmp/tmpllloygwm'>/green_tripdata_2019-09.csv"; 1951)
[2023-10-02T01:36:20.490+0000] {local_task_job_runner.py:225} INFO - Task exited with return code 1
[2023-10-02T01:36:20.519+0000] {taskinstance.py:2653} INFO - 0 downstream tasks scheduled from follow-on schedule check
[2023-10-02T18:48:43.315+0000] {taskinstance.py:1103} INFO - Dependencies all met for dep_context=non-requeueable deps ti=<TaskInstance: Load-Green-Taxi-Data-Web-To-GCS-To-Postgres.download_file_from_gcs scheduled__2019-09-02T06:00:00+00:00 [queued]>
[2023-10-02T18:48:43.534+0000] {taskinstance.py:1103} INFO - Dependencies all met for dep_context=requeueable deps ti=<TaskInstance: Load-Green-Taxi-Data-Web-To-GCS-To-Postgres.download_file_from_gcs scheduled__2019-09-02T06:00:00+00:00 [queued]>
[2023-10-02T18:48:43.534+0000] {taskinstance.py:1308} INFO - Starting attempt 1 of 3
[2023-10-02T18:48:44.084+0000] {taskinstance.py:1327} INFO - Executing <Task(GCSToLocalFilesystemOperator): download_file_from_gcs> on 2019-09-02 06:00:00+00:00
[2023-10-02T18:48:44.095+0000] {standard_task_runner.py:57} INFO - Started process 9416 to run task
[2023-10-02T18:48:44.099+0000] {standard_task_runner.py:84} INFO - Running: ['***', 'tasks', 'run', 'Load-Green-Taxi-Data-Web-To-GCS-To-Postgres', 'download_file_from_gcs', 'scheduled__2019-09-02T06:00:00+00:00', '--job-id', '1028', '--raw', '--subdir', 'DAGS_FOLDER/web_gcs_pg.py', '--cfg-path', '/tmp/tmp617fqe3j']
[2023-10-02T18:48:44.102+0000] {standard_task_runner.py:85} INFO - Job 1028: Subtask download_file_from_gcs
[2023-10-02T18:48:44.459+0000] {task_command.py:410} INFO - Running <TaskInstance: Load-Green-Taxi-Data-Web-To-GCS-To-Postgres.download_file_from_gcs scheduled__2019-09-02T06:00:00+00:00 [running]> on host 537710aea1a2
[2023-10-02T18:48:45.281+0000] {taskinstance.py:1547} INFO - Exporting env vars: AIRFLOW_CTX_DAG_EMAIL='' AIRFLOW_CTX_DAG_OWNER='***' AIRFLOW_CTX_DAG_ID='Load-Green-Taxi-Data-Web-To-GCS-To-Postgres' AIRFLOW_CTX_TASK_ID='download_file_from_gcs' AIRFLOW_CTX_EXECUTION_DATE='2019-09-02T06:00:00+00:00' AIRFLOW_CTX_TRY_NUMBER='1' AIRFLOW_CTX_DAG_RUN_ID='scheduled__2019-09-02T06:00:00+00:00'
[2023-10-02T18:48:45.282+0000] {gcs_to_local.py:111} INFO - Executing download: practice18, green/green_tripdata_2019-09.csv, /opt/***/green_tripdata_2019-09.csv
[2023-10-02T18:48:45.284+0000] {crypto.py:83} WARNING - empty cryptography key - values will not be stored encrypted.
[2023-10-02T18:48:45.284+0000] {base.py:73} INFO - Using connection ID 'google_cloud_default' for task execution.
[2023-10-02T18:51:49.285+0000] {local_task_job_runner.py:292} WARNING - State of this instance has been externally set to success. Terminating instance.
[2023-10-02T18:51:49.366+0000] {process_utils.py:135} INFO - Sending Signals.SIGTERM to group 9416. PIDs of all processes in the group: [9416]
[2023-10-02T18:51:49.366+0000] {process_utils.py:86} INFO - Sending the signal Signals.SIGTERM to group 9416
[2023-10-02T18:51:49.367+0000] {taskinstance.py:1517} ERROR - Received SIGTERM. Terminating subprocesses.
[2023-10-02T18:51:50.121+0000] {process_utils.py:79} INFO - Process psutil.Process(pid=9416, status='terminated', exitcode=0, started='18:48:43') (9416) terminated with exit code 0
