[2023-10-02T17:39:45.432+0000] {taskinstance.py:1103} INFO - Dependencies all met for dep_context=non-requeueable deps ti=<TaskInstance: Load-Green-Taxi-Data-Web-To-GCS-To-Postgres.extract_from_web_to_gcs scheduled__2019-01-02T06:00:00+00:00 [queued]>
[2023-10-02T17:39:45.449+0000] {taskinstance.py:1103} INFO - Dependencies all met for dep_context=requeueable deps ti=<TaskInstance: Load-Green-Taxi-Data-Web-To-GCS-To-Postgres.extract_from_web_to_gcs scheduled__2019-01-02T06:00:00+00:00 [queued]>
[2023-10-02T17:39:45.450+0000] {taskinstance.py:1308} INFO - Starting attempt 3 of 3
[2023-10-02T17:39:46.504+0000] {taskinstance.py:1327} INFO - Executing <Task(WebToGCSHKOperator): extract_from_web_to_gcs> on 2019-01-02 06:00:00+00:00
[2023-10-02T17:39:46.513+0000] {standard_task_runner.py:57} INFO - Started process 8205 to run task
[2023-10-02T17:39:46.516+0000] {standard_task_runner.py:84} INFO - Running: ['***', 'tasks', 'run', 'Load-Green-Taxi-Data-Web-To-GCS-To-Postgres', 'extract_from_web_to_gcs', 'scheduled__2019-01-02T06:00:00+00:00', '--job-id', '982', '--raw', '--subdir', 'DAGS_FOLDER/web_gcs_pg.py', '--cfg-path', '/tmp/tmpyekh72r7']
[2023-10-02T17:39:46.520+0000] {standard_task_runner.py:85} INFO - Job 982: Subtask extract_from_web_to_gcs
[2023-10-02T17:39:48.096+0000] {task_command.py:410} INFO - Running <TaskInstance: Load-Green-Taxi-Data-Web-To-GCS-To-Postgres.extract_from_web_to_gcs scheduled__2019-01-02T06:00:00+00:00 [running]> on host 537710aea1a2
[2023-10-02T17:39:48.631+0000] {taskinstance.py:1547} INFO - Exporting env vars: AIRFLOW_CTX_DAG_EMAIL='' AIRFLOW_CTX_DAG_OWNER='***' AIRFLOW_CTX_DAG_ID='Load-Green-Taxi-Data-Web-To-GCS-To-Postgres' AIRFLOW_CTX_TASK_ID='extract_from_web_to_gcs' AIRFLOW_CTX_EXECUTION_DATE='2019-01-02T06:00:00+00:00' AIRFLOW_CTX_TRY_NUMBER='3' AIRFLOW_CTX_DAG_RUN_ID='scheduled__2019-01-02T06:00:00+00:00'
[2023-10-02T17:39:49.467+0000] {crypto.py:83} WARNING - empty cryptography key - values will not be stored encrypted.
[2023-10-02T17:39:49.468+0000] {base.py:73} INFO - Using connection ID 'google_cloud_default' for task execution.
[2023-10-02T17:39:49.469+0000] {Web_To_GCS_Hook.py:67} INFO - Execute downloading of file from https://github.com/DataTalksClub/nyc-tlc-data/releases/download/green/green_tripdata_2019-01.csv.gz to gs://practice18//green_tripdata_2019-01.csv.gz
[2023-10-02T17:42:41.386+0000] {Web_To_GCS_Hook.py:79} INFO - File written to temporary directory: /tmp/tmp_uq621s5/green_tripdata_2019-01.csv.gz
[2023-10-02T17:42:46.770+0000] {logging_mixin.py:150} INFO -    VendorID lpep_pickup_datetime  ... trip_type congestion_surcharge
0         2  2018-12-21 15:17:29  ...         1                  NaN
1         2  2019-01-01 00:10:16  ...         1                  NaN
2         2  2019-01-01 00:27:11  ...         1                  NaN
3         2  2019-01-01 00:46:20  ...         1                  NaN
4         2  2019-01-01 00:19:06  ...         1                  NaN

[5 rows x 20 columns]
[2023-10-02T17:42:46.771+0000] {logging_mixin.py:150} INFO - (630918, 20)
[2023-10-02T17:42:52.438+0000] {Web_To_GCS_Hook.py:90} INFO - Parquet: green_tripdata_2019-01.csv
[2023-10-02T17:43:11.199+0000] {gcs.py:538} INFO - File /tmp/tmp_uq621s5/green_tripdata_2019-01.csv uploaded to green/green_tripdata_2019-01.csv in practice18 bucket
[2023-10-02T17:43:11.199+0000] {Web_To_GCS_Hook.py:105} INFO - Loaded file from https://github.com/DataTalksClub/nyc-tlc-data/releases/download/green/green_tripdata_2019-01.csv.gz to gs://practice18//green/green_tripdata_2019-01.csv
[2023-10-02T17:43:11.268+0000] {taskinstance.py:1350} INFO - Marking task as SUCCESS. dag_id=Load-Green-Taxi-Data-Web-To-GCS-To-Postgres, task_id=extract_from_web_to_gcs, execution_date=20190102T060000, start_date=20231002T173945, end_date=20231002T174311
[2023-10-02T17:43:11.337+0000] {local_task_job_runner.py:225} INFO - Task exited with return code 0
[2023-10-02T17:43:11.371+0000] {taskinstance.py:2653} INFO - 1 downstream tasks scheduled from follow-on schedule check
