[2023-10-02T01:18:02.359+0000] {taskinstance.py:1103} INFO - Dependencies all met for dep_context=non-requeueable deps ti=<TaskInstance: Load-Green-Taxi-Data-Web-To-GCS-To-Postgres.extract_to_gcs scheduled__2019-07-02T06:00:00+00:00 [queued]>
[2023-10-02T01:18:02.376+0000] {taskinstance.py:1103} INFO - Dependencies all met for dep_context=requeueable deps ti=<TaskInstance: Load-Green-Taxi-Data-Web-To-GCS-To-Postgres.extract_to_gcs scheduled__2019-07-02T06:00:00+00:00 [queued]>
[2023-10-02T01:18:02.376+0000] {taskinstance.py:1308} INFO - Starting attempt 2 of 3
[2023-10-02T01:18:02.433+0000] {taskinstance.py:1327} INFO - Executing <Task(WebToGCSHKOperator): extract_to_gcs> on 2019-07-02 06:00:00+00:00
[2023-10-02T01:18:02.443+0000] {standard_task_runner.py:57} INFO - Started process 1611 to run task
[2023-10-02T01:18:02.450+0000] {standard_task_runner.py:84} INFO - Running: ['***', 'tasks', 'run', 'Load-Green-Taxi-Data-Web-To-GCS-To-Postgres', 'extract_to_gcs', 'scheduled__2019-07-02T06:00:00+00:00', '--job-id', '671', '--raw', '--subdir', 'DAGS_FOLDER/web_gcs_pg.py', '--cfg-path', '/tmp/tmpfyxd7vg6']
[2023-10-02T01:18:02.454+0000] {standard_task_runner.py:85} INFO - Job 671: Subtask extract_to_gcs
[2023-10-02T01:18:02.532+0000] {task_command.py:410} INFO - Running <TaskInstance: Load-Green-Taxi-Data-Web-To-GCS-To-Postgres.extract_to_gcs scheduled__2019-07-02T06:00:00+00:00 [running]> on host 537710aea1a2
[2023-10-02T01:18:02.696+0000] {taskinstance.py:1547} INFO - Exporting env vars: AIRFLOW_CTX_DAG_EMAIL='' AIRFLOW_CTX_DAG_OWNER='***' AIRFLOW_CTX_DAG_ID='Load-Green-Taxi-Data-Web-To-GCS-To-Postgres' AIRFLOW_CTX_TASK_ID='extract_to_gcs' AIRFLOW_CTX_EXECUTION_DATE='2019-07-02T06:00:00+00:00' AIRFLOW_CTX_TRY_NUMBER='2' AIRFLOW_CTX_DAG_RUN_ID='scheduled__2019-07-02T06:00:00+00:00'
[2023-10-02T01:18:02.698+0000] {crypto.py:83} WARNING - empty cryptography key - values will not be stored encrypted.
[2023-10-02T01:18:02.699+0000] {base.py:73} INFO - Using connection ID 'google_cloud_default' for task execution.
[2023-10-02T01:18:02.700+0000] {Web_To_GCS_Hook.py:67} INFO - Execute downloading of file from https://github.com/DataTalksClub/nyc-tlc-data/releases/download/green/green_tripdata_2019-07.csv.gz to gs://practice18//green_tripdata_2019-07.csv.gz
[2023-10-02T01:18:02.710+0000] {taskinstance.py:1824} ERROR - Task failed with exception
Traceback (most recent call last):
  File "/home/airflow/.local/lib/python3.7/site-packages/urllib3/connection.py", line 175, in _new_conn
    (self._dns_host, self.port), self.timeout, **extra_kw
  File "/home/airflow/.local/lib/python3.7/site-packages/urllib3/util/connection.py", line 72, in create_connection
    for res in socket.getaddrinfo(host, port, family, socket.SOCK_STREAM):
  File "/usr/local/lib/python3.7/socket.py", line 752, in getaddrinfo
    for res in _socket.getaddrinfo(host, port, family, type, proto, flags):
socket.gaierror: [Errno -3] Temporary failure in name resolution

During handling of the above exception, another exception occurred:

Traceback (most recent call last):
  File "/home/airflow/.local/lib/python3.7/site-packages/urllib3/connectionpool.py", line 721, in urlopen
    chunked=chunked,
  File "/home/airflow/.local/lib/python3.7/site-packages/urllib3/connectionpool.py", line 403, in _make_request
    self._validate_conn(conn)
  File "/home/airflow/.local/lib/python3.7/site-packages/urllib3/connectionpool.py", line 1053, in _validate_conn
    conn.connect()
  File "/home/airflow/.local/lib/python3.7/site-packages/urllib3/connection.py", line 363, in connect
    self.sock = conn = self._new_conn()
  File "/home/airflow/.local/lib/python3.7/site-packages/urllib3/connection.py", line 187, in _new_conn
    self, "Failed to establish a new connection: %s" % e
urllib3.exceptions.NewConnectionError: <urllib3.connection.HTTPSConnection object at 0x7f0dcd298450>: Failed to establish a new connection: [Errno -3] Temporary failure in name resolution

During handling of the above exception, another exception occurred:

Traceback (most recent call last):
  File "/home/airflow/.local/lib/python3.7/site-packages/requests/adapters.py", line 497, in send
    chunked=chunked,
  File "/home/airflow/.local/lib/python3.7/site-packages/urllib3/connectionpool.py", line 799, in urlopen
    method, url, error=e, _pool=self, _stacktrace=sys.exc_info()[2]
  File "/home/airflow/.local/lib/python3.7/site-packages/urllib3/util/retry.py", line 592, in increment
    raise MaxRetryError(_pool, url, error or ResponseError(cause))
urllib3.exceptions.MaxRetryError: HTTPSConnectionPool(host='github.com', port=443): Max retries exceeded with url: /DataTalksClub/nyc-tlc-data/releases/download/green/green_tripdata_2019-07.csv.gz (Caused by NewConnectionError('<urllib3.connection.HTTPSConnection object at 0x7f0dcd298450>: Failed to establish a new connection: [Errno -3] Temporary failure in name resolution'))

During handling of the above exception, another exception occurred:

Traceback (most recent call last):
  File "/opt/airflow/plugins/web/operators/Web_To_GCS_Hook.py", line 58, in execute
    self._copy_file_object(gcs_hook)
  File "/opt/airflow/plugins/web/operators/Web_To_GCS_Hook.py", line 75, in _copy_file_object
    r = requests.get(request_url)
  File "/home/airflow/.local/lib/python3.7/site-packages/requests/api.py", line 73, in get
    return request("get", url, params=params, **kwargs)
  File "/home/airflow/.local/lib/python3.7/site-packages/requests/api.py", line 59, in request
    return session.request(method=method, url=url, **kwargs)
  File "/home/airflow/.local/lib/python3.7/site-packages/requests/sessions.py", line 589, in request
    resp = self.send(prep, **send_kwargs)
  File "/home/airflow/.local/lib/python3.7/site-packages/requests/sessions.py", line 703, in send
    r = adapter.send(request, **kwargs)
  File "/home/airflow/.local/lib/python3.7/site-packages/requests/adapters.py", line 519, in send
    raise ConnectionError(e, request=request)
requests.exceptions.ConnectionError: HTTPSConnectionPool(host='github.com', port=443): Max retries exceeded with url: /DataTalksClub/nyc-tlc-data/releases/download/green/green_tripdata_2019-07.csv.gz (Caused by NewConnectionError('<urllib3.connection.HTTPSConnection object at 0x7f0dcd298450>: Failed to establish a new connection: [Errno -3] Temporary failure in name resolution'))
[2023-10-02T01:18:02.727+0000] {taskinstance.py:1350} INFO - Marking task as UP_FOR_RETRY. dag_id=Load-Green-Taxi-Data-Web-To-GCS-To-Postgres, task_id=extract_to_gcs, execution_date=20190702T060000, start_date=20231002T011802, end_date=20231002T011802
[2023-10-02T01:18:02.755+0000] {standard_task_runner.py:109} ERROR - Failed to execute job 671 for task extract_to_gcs (HTTPSConnectionPool(host='github.com', port=443): Max retries exceeded with url: /DataTalksClub/nyc-tlc-data/releases/download/green/green_tripdata_2019-07.csv.gz (Caused by NewConnectionError('<urllib3.connection.HTTPSConnection object at 0x7f0dcd298450>: Failed to establish a new connection: [Errno -3] Temporary failure in name resolution')); 1611)
[2023-10-02T01:18:02.783+0000] {local_task_job_runner.py:225} INFO - Task exited with return code 1
[2023-10-02T01:18:02.840+0000] {taskinstance.py:2653} INFO - 0 downstream tasks scheduled from follow-on schedule check
