[2023-10-01T23:58:19.641+0000] {taskinstance.py:1103} INFO - Dependencies all met for dep_context=non-requeueable deps ti=<TaskInstance: Load-Green-Taxi-Data-Web-To-GCS-To-Postgres.download_file_from_gcs scheduled__2019-01-02T06:00:00+00:00 [queued]>
[2023-10-01T23:58:19.688+0000] {taskinstance.py:1103} INFO - Dependencies all met for dep_context=requeueable deps ti=<TaskInstance: Load-Green-Taxi-Data-Web-To-GCS-To-Postgres.download_file_from_gcs scheduled__2019-01-02T06:00:00+00:00 [queued]>
[2023-10-01T23:58:19.689+0000] {taskinstance.py:1308} INFO - Starting attempt 1 of 3
[2023-10-01T23:58:19.727+0000] {taskinstance.py:1327} INFO - Executing <Task(GCSToLocalFilesystemOperator): download_file_from_gcs> on 2019-01-02 06:00:00+00:00
[2023-10-01T23:58:19.735+0000] {standard_task_runner.py:57} INFO - Started process 188 to run task
[2023-10-01T23:58:19.739+0000] {standard_task_runner.py:84} INFO - Running: ['***', 'tasks', 'run', 'Load-Green-Taxi-Data-Web-To-GCS-To-Postgres', 'download_file_from_gcs', 'scheduled__2019-01-02T06:00:00+00:00', '--job-id', '645', '--raw', '--subdir', 'DAGS_FOLDER/web_gcs_pg.py', '--cfg-path', '/tmp/tmpq1jb1fpu']
[2023-10-01T23:58:19.741+0000] {standard_task_runner.py:85} INFO - Job 645: Subtask download_file_from_gcs
[2023-10-01T23:58:19.826+0000] {task_command.py:410} INFO - Running <TaskInstance: Load-Green-Taxi-Data-Web-To-GCS-To-Postgres.download_file_from_gcs scheduled__2019-01-02T06:00:00+00:00 [running]> on host 537710aea1a2
[2023-10-01T23:58:20.032+0000] {taskinstance.py:1547} INFO - Exporting env vars: AIRFLOW_CTX_DAG_EMAIL='' AIRFLOW_CTX_DAG_OWNER='***' AIRFLOW_CTX_DAG_ID='Load-Green-Taxi-Data-Web-To-GCS-To-Postgres' AIRFLOW_CTX_TASK_ID='download_file_from_gcs' AIRFLOW_CTX_EXECUTION_DATE='2019-01-02T06:00:00+00:00' AIRFLOW_CTX_TRY_NUMBER='1' AIRFLOW_CTX_DAG_RUN_ID='scheduled__2019-01-02T06:00:00+00:00'
[2023-10-01T23:58:20.033+0000] {gcs_to_local.py:111} INFO - Executing download: practice18, green_tripdata2019-01.csv, /opt/***green_tripdata2019-01.csv
[2023-10-01T23:58:20.035+0000] {crypto.py:83} WARNING - empty cryptography key - values will not be stored encrypted.
[2023-10-01T23:58:20.036+0000] {base.py:73} INFO - Using connection ID 'google_cloud_default' for task execution.
[2023-10-01T23:58:20.182+0000] {taskinstance.py:1824} ERROR - Task failed with exception
Traceback (most recent call last):
  File "/home/airflow/.local/lib/python3.7/site-packages/airflow/providers/google/cloud/transfers/gcs_to_local.py", line 125, in execute
    hook.download(bucket_name=self.bucket, object_name=self.object_name, filename=self.filename)
  File "/home/airflow/.local/lib/python3.7/site-packages/airflow/providers/google/cloud/hooks/gcs.py", line 340, in download
    blob.download_to_filename(filename, timeout=timeout)
  File "/home/airflow/.local/lib/python3.7/site-packages/google/cloud/storage/blob.py", line 1255, in download_to_filename
    with open(filename, "wb") as file_obj:
PermissionError: [Errno 13] Permission denied: '/opt/airflowgreen_tripdata2019-01.csv'
[2023-10-01T23:58:20.260+0000] {taskinstance.py:1350} INFO - Marking task as UP_FOR_RETRY. dag_id=Load-Green-Taxi-Data-Web-To-GCS-To-Postgres, task_id=download_file_from_gcs, execution_date=20190102T060000, start_date=20231001T235819, end_date=20231001T235820
[2023-10-01T23:58:20.337+0000] {standard_task_runner.py:109} ERROR - Failed to execute job 645 for task download_file_from_gcs ([Errno 13] Permission denied: '/opt/airflowgreen_tripdata2019-01.csv'; 188)
[2023-10-01T23:58:20.391+0000] {local_task_job_runner.py:225} INFO - Task exited with return code 1
[2023-10-01T23:58:20.441+0000] {taskinstance.py:2653} INFO - 0 downstream tasks scheduled from follow-on schedule check
[2023-10-02T11:43:47.425+0000] {taskinstance.py:1103} INFO - Dependencies all met for dep_context=non-requeueable deps ti=<TaskInstance: Load-Green-Taxi-Data-Web-To-GCS-To-Postgres.download_file_from_gcs scheduled__2019-01-02T06:00:00+00:00 [queued]>
[2023-10-02T11:43:48.114+0000] {taskinstance.py:1103} INFO - Dependencies all met for dep_context=requeueable deps ti=<TaskInstance: Load-Green-Taxi-Data-Web-To-GCS-To-Postgres.download_file_from_gcs scheduled__2019-01-02T06:00:00+00:00 [queued]>
[2023-10-02T11:43:48.114+0000] {taskinstance.py:1308} INFO - Starting attempt 1 of 3
[2023-10-02T11:43:48.356+0000] {taskinstance.py:1327} INFO - Executing <Task(GCSToLocalFilesystemOperator): download_file_from_gcs> on 2019-01-02 06:00:00+00:00
[2023-10-02T11:43:48.366+0000] {standard_task_runner.py:57} INFO - Started process 2044 to run task
[2023-10-02T11:43:48.371+0000] {standard_task_runner.py:84} INFO - Running: ['***', 'tasks', 'run', 'Load-Green-Taxi-Data-Web-To-GCS-To-Postgres', 'download_file_from_gcs', 'scheduled__2019-01-02T06:00:00+00:00', '--job-id', '825', '--raw', '--subdir', 'DAGS_FOLDER/web_gcs_pg.py', '--cfg-path', '/tmp/tmpp2mchast']
[2023-10-02T11:43:48.373+0000] {standard_task_runner.py:85} INFO - Job 825: Subtask download_file_from_gcs
[2023-10-02T11:43:48.651+0000] {task_command.py:410} INFO - Running <TaskInstance: Load-Green-Taxi-Data-Web-To-GCS-To-Postgres.download_file_from_gcs scheduled__2019-01-02T06:00:00+00:00 [running]> on host 537710aea1a2
[2023-10-02T11:43:49.889+0000] {taskinstance.py:1547} INFO - Exporting env vars: AIRFLOW_CTX_DAG_EMAIL='' AIRFLOW_CTX_DAG_OWNER='***' AIRFLOW_CTX_DAG_ID='Load-Green-Taxi-Data-Web-To-GCS-To-Postgres' AIRFLOW_CTX_TASK_ID='download_file_from_gcs' AIRFLOW_CTX_EXECUTION_DATE='2019-01-02T06:00:00+00:00' AIRFLOW_CTX_TRY_NUMBER='1' AIRFLOW_CTX_DAG_RUN_ID='scheduled__2019-01-02T06:00:00+00:00'
[2023-10-02T11:43:49.890+0000] {gcs_to_local.py:111} INFO - Executing download: practice18, green/green_tripdata_2019-01.csv, /opt/***/green_tripdata_2019-01.csv
[2023-10-02T11:43:49.891+0000] {crypto.py:83} WARNING - empty cryptography key - values will not be stored encrypted.
[2023-10-02T11:43:49.891+0000] {base.py:73} INFO - Using connection ID 'google_cloud_default' for task execution.
[2023-10-02T11:45:41.674+0000] {gcs.py:341} INFO - File downloaded to /opt/***/green_tripdata_2019-01.csv
[2023-10-02T11:45:41.686+0000] {taskinstance.py:1350} INFO - Marking task as SUCCESS. dag_id=Load-Green-Taxi-Data-Web-To-GCS-To-Postgres, task_id=download_file_from_gcs, execution_date=20190102T060000, start_date=20231002T114348, end_date=20231002T114541
[2023-10-02T11:45:41.798+0000] {local_task_job_runner.py:225} INFO - Task exited with return code 0
[2023-10-02T11:45:41.837+0000] {taskinstance.py:2653} INFO - 1 downstream tasks scheduled from follow-on schedule check
[2023-10-02T16:31:35.806+0000] {taskinstance.py:1103} INFO - Dependencies all met for dep_context=non-requeueable deps ti=<TaskInstance: Load-Green-Taxi-Data-Web-To-GCS-To-Postgres.download_file_from_gcs scheduled__2019-01-02T06:00:00+00:00 [queued]>
[2023-10-02T16:31:35.833+0000] {taskinstance.py:1103} INFO - Dependencies all met for dep_context=requeueable deps ti=<TaskInstance: Load-Green-Taxi-Data-Web-To-GCS-To-Postgres.download_file_from_gcs scheduled__2019-01-02T06:00:00+00:00 [queued]>
[2023-10-02T16:31:35.833+0000] {taskinstance.py:1308} INFO - Starting attempt 1 of 3
[2023-10-02T16:31:35.868+0000] {taskinstance.py:1327} INFO - Executing <Task(GCSToLocalFilesystemOperator): download_file_from_gcs> on 2019-01-02 06:00:00+00:00
[2023-10-02T16:31:35.878+0000] {standard_task_runner.py:57} INFO - Started process 7126 to run task
[2023-10-02T16:31:35.881+0000] {standard_task_runner.py:84} INFO - Running: ['***', 'tasks', 'run', 'Load-Green-Taxi-Data-Web-To-GCS-To-Postgres', 'download_file_from_gcs', 'scheduled__2019-01-02T06:00:00+00:00', '--job-id', '970', '--raw', '--subdir', 'DAGS_FOLDER/web_gcs_pg.py', '--cfg-path', '/tmp/tmpu5z3zkpm']
[2023-10-02T16:31:35.884+0000] {standard_task_runner.py:85} INFO - Job 970: Subtask download_file_from_gcs
[2023-10-02T16:31:35.972+0000] {task_command.py:410} INFO - Running <TaskInstance: Load-Green-Taxi-Data-Web-To-GCS-To-Postgres.download_file_from_gcs scheduled__2019-01-02T06:00:00+00:00 [running]> on host 537710aea1a2
[2023-10-02T16:31:36.372+0000] {taskinstance.py:1547} INFO - Exporting env vars: AIRFLOW_CTX_DAG_EMAIL='' AIRFLOW_CTX_DAG_OWNER='***' AIRFLOW_CTX_DAG_ID='Load-Green-Taxi-Data-Web-To-GCS-To-Postgres' AIRFLOW_CTX_TASK_ID='download_file_from_gcs' AIRFLOW_CTX_EXECUTION_DATE='2019-01-02T06:00:00+00:00' AIRFLOW_CTX_TRY_NUMBER='1' AIRFLOW_CTX_DAG_RUN_ID='scheduled__2019-01-02T06:00:00+00:00'
[2023-10-02T16:31:36.373+0000] {gcs_to_local.py:111} INFO - Executing download: practice18, green/green_tripdata_2019-01.csv, /opt/***/green_tripdata_2019-01.csv
[2023-10-02T16:31:36.374+0000] {crypto.py:83} WARNING - empty cryptography key - values will not be stored encrypted.
[2023-10-02T16:31:36.375+0000] {base.py:73} INFO - Using connection ID 'google_cloud_default' for task execution.
[2023-10-02T16:31:52.677+0000] {gcs.py:341} INFO - File downloaded to /opt/***/green_tripdata_2019-01.csv
[2023-10-02T16:31:52.696+0000] {taskinstance.py:1350} INFO - Marking task as SUCCESS. dag_id=Load-Green-Taxi-Data-Web-To-GCS-To-Postgres, task_id=download_file_from_gcs, execution_date=20190102T060000, start_date=20231002T163135, end_date=20231002T163152
[2023-10-02T16:31:52.771+0000] {local_task_job_runner.py:225} INFO - Task exited with return code 0
[2023-10-02T16:31:52.834+0000] {taskinstance.py:2653} INFO - 1 downstream tasks scheduled from follow-on schedule check
[2023-10-02T17:43:17.749+0000] {taskinstance.py:1103} INFO - Dependencies all met for dep_context=non-requeueable deps ti=<TaskInstance: Load-Green-Taxi-Data-Web-To-GCS-To-Postgres.download_file_from_gcs scheduled__2019-01-02T06:00:00+00:00 [queued]>
[2023-10-02T17:43:17.843+0000] {taskinstance.py:1103} INFO - Dependencies all met for dep_context=requeueable deps ti=<TaskInstance: Load-Green-Taxi-Data-Web-To-GCS-To-Postgres.download_file_from_gcs scheduled__2019-01-02T06:00:00+00:00 [queued]>
[2023-10-02T17:43:17.844+0000] {taskinstance.py:1308} INFO - Starting attempt 1 of 3
[2023-10-02T17:43:17.910+0000] {taskinstance.py:1327} INFO - Executing <Task(GCSToLocalFilesystemOperator): download_file_from_gcs> on 2019-01-02 06:00:00+00:00
[2023-10-02T17:43:17.922+0000] {standard_task_runner.py:57} INFO - Started process 8271 to run task
[2023-10-02T17:43:17.927+0000] {standard_task_runner.py:84} INFO - Running: ['***', 'tasks', 'run', 'Load-Green-Taxi-Data-Web-To-GCS-To-Postgres', 'download_file_from_gcs', 'scheduled__2019-01-02T06:00:00+00:00', '--job-id', '983', '--raw', '--subdir', 'DAGS_FOLDER/web_gcs_pg.py', '--cfg-path', '/tmp/tmpcohr3kel']
[2023-10-02T17:43:17.930+0000] {standard_task_runner.py:85} INFO - Job 983: Subtask download_file_from_gcs
[2023-10-02T17:43:17.986+0000] {task_command.py:410} INFO - Running <TaskInstance: Load-Green-Taxi-Data-Web-To-GCS-To-Postgres.download_file_from_gcs scheduled__2019-01-02T06:00:00+00:00 [running]> on host 537710aea1a2
[2023-10-02T17:43:18.186+0000] {taskinstance.py:1547} INFO - Exporting env vars: AIRFLOW_CTX_DAG_EMAIL='' AIRFLOW_CTX_DAG_OWNER='***' AIRFLOW_CTX_DAG_ID='Load-Green-Taxi-Data-Web-To-GCS-To-Postgres' AIRFLOW_CTX_TASK_ID='download_file_from_gcs' AIRFLOW_CTX_EXECUTION_DATE='2019-01-02T06:00:00+00:00' AIRFLOW_CTX_TRY_NUMBER='1' AIRFLOW_CTX_DAG_RUN_ID='scheduled__2019-01-02T06:00:00+00:00'
[2023-10-02T17:43:18.187+0000] {gcs_to_local.py:111} INFO - Executing download: practice18, green/green_tripdata_2019-01.csv, /opt/***/green_tripdata_2019-01.csv
[2023-10-02T17:43:18.188+0000] {crypto.py:83} WARNING - empty cryptography key - values will not be stored encrypted.
[2023-10-02T17:43:18.189+0000] {base.py:73} INFO - Using connection ID 'google_cloud_default' for task execution.
[2023-10-02T17:45:09.160+0000] {gcs.py:341} INFO - File downloaded to /opt/***/green_tripdata_2019-01.csv
[2023-10-02T17:45:09.177+0000] {taskinstance.py:1350} INFO - Marking task as SUCCESS. dag_id=Load-Green-Taxi-Data-Web-To-GCS-To-Postgres, task_id=download_file_from_gcs, execution_date=20190102T060000, start_date=20231002T174317, end_date=20231002T174509
[2023-10-02T17:45:09.409+0000] {local_task_job_runner.py:225} INFO - Task exited with return code 0
[2023-10-02T17:45:09.447+0000] {taskinstance.py:2653} INFO - 1 downstream tasks scheduled from follow-on schedule check
