[2023-10-02T11:56:06.772+0000] {taskinstance.py:1103} INFO - Dependencies all met for dep_context=non-requeueable deps ti=<TaskInstance: Load-Green-Taxi-Data-Web-To-GCS-To-Postgres.extract_to_gcs scheduled__2019-02-02T06:00:00+00:00 [queued]>
[2023-10-02T11:56:06.847+0000] {taskinstance.py:1103} INFO - Dependencies all met for dep_context=requeueable deps ti=<TaskInstance: Load-Green-Taxi-Data-Web-To-GCS-To-Postgres.extract_to_gcs scheduled__2019-02-02T06:00:00+00:00 [queued]>
[2023-10-02T11:56:06.848+0000] {taskinstance.py:1308} INFO - Starting attempt 2 of 3
[2023-10-02T11:56:06.910+0000] {taskinstance.py:1327} INFO - Executing <Task(WebToGCSHKOperator): extract_to_gcs> on 2019-02-02 06:00:00+00:00
[2023-10-02T11:56:06.920+0000] {standard_task_runner.py:57} INFO - Started process 2260 to run task
[2023-10-02T11:56:06.923+0000] {standard_task_runner.py:84} INFO - Running: ['***', 'tasks', 'run', 'Load-Green-Taxi-Data-Web-To-GCS-To-Postgres', 'extract_to_gcs', 'scheduled__2019-02-02T06:00:00+00:00', '--job-id', '831', '--raw', '--subdir', 'DAGS_FOLDER/web_gcs_pg.py', '--cfg-path', '/tmp/tmp4mo_91o1']
[2023-10-02T11:56:06.949+0000] {standard_task_runner.py:85} INFO - Job 831: Subtask extract_to_gcs
[2023-10-02T11:56:07.257+0000] {task_command.py:410} INFO - Running <TaskInstance: Load-Green-Taxi-Data-Web-To-GCS-To-Postgres.extract_to_gcs scheduled__2019-02-02T06:00:00+00:00 [running]> on host 537710aea1a2
[2023-10-02T11:56:07.654+0000] {taskinstance.py:1547} INFO - Exporting env vars: AIRFLOW_CTX_DAG_EMAIL='' AIRFLOW_CTX_DAG_OWNER='***' AIRFLOW_CTX_DAG_ID='Load-Green-Taxi-Data-Web-To-GCS-To-Postgres' AIRFLOW_CTX_TASK_ID='extract_to_gcs' AIRFLOW_CTX_EXECUTION_DATE='2019-02-02T06:00:00+00:00' AIRFLOW_CTX_TRY_NUMBER='2' AIRFLOW_CTX_DAG_RUN_ID='scheduled__2019-02-02T06:00:00+00:00'
[2023-10-02T11:56:07.656+0000] {crypto.py:83} WARNING - empty cryptography key - values will not be stored encrypted.
[2023-10-02T11:56:07.657+0000] {base.py:73} INFO - Using connection ID 'google_cloud_default' for task execution.
[2023-10-02T11:56:07.658+0000] {Web_To_GCS_Hook.py:67} INFO - Execute downloading of file from https://github.com/DataTalksClub/nyc-tlc-data/releases/download/green/green_tripdata_2019-02.csv.gz to gs://practice18//green_tripdata_2019-02.csv.gz
[2023-10-02T11:57:21.561+0000] {Web_To_GCS_Hook.py:79} INFO - File written to temporary directory: /tmp/tmp5clzepin/green_tripdata_2019-02.csv.gz
[2023-10-02T11:57:25.721+0000] {logging_mixin.py:150} INFO -    VendorID lpep_pickup_datetime  ... trip_type congestion_surcharge
0         2  2019-02-01 00:10:19  ...         1                  0.0
1         2  2019-02-01 00:02:16  ...         1                  0.0
2         2  2019-02-01 00:37:19  ...         1                  0.0
3         1  2019-02-01 00:10:10  ...         1                  0.0
4         1  2019-02-01 00:30:19  ...         1                  0.0

[5 rows x 20 columns]
[2023-10-02T11:57:25.768+0000] {logging_mixin.py:150} INFO - (575685, 20)
[2023-10-02T11:57:31.962+0000] {Web_To_GCS_Hook.py:90} INFO - Parquet: green_tripdata_2019-02.csv
[2023-10-02T11:58:02.539+0000] {gcs.py:538} INFO - File /tmp/tmp5clzepin/green_tripdata_2019-02.csv uploaded to green/green_tripdata_2019-02.csv in practice18 bucket
[2023-10-02T11:58:02.539+0000] {Web_To_GCS_Hook.py:105} INFO - Loaded file from https://github.com/DataTalksClub/nyc-tlc-data/releases/download/green/green_tripdata_2019-02.csv.gz to gs://practice18//green/green_tripdata_2019-02.csv
[2023-10-02T11:58:03.087+0000] {taskinstance.py:1350} INFO - Marking task as SUCCESS. dag_id=Load-Green-Taxi-Data-Web-To-GCS-To-Postgres, task_id=extract_to_gcs, execution_date=20190202T060000, start_date=20231002T115606, end_date=20231002T115803
[2023-10-02T11:58:03.294+0000] {local_task_job_runner.py:225} INFO - Task exited with return code 0
[2023-10-02T11:58:03.331+0000] {taskinstance.py:2653} INFO - 1 downstream tasks scheduled from follow-on schedule check
