[2023-10-02T00:42:58.109+0000] {taskinstance.py:1103} INFO - Dependencies all met for dep_context=non-requeueable deps ti=<TaskInstance: Load-Green-Taxi-Data-Web-To-GCS-To-Postgres.download_file_from_gcs scheduled__2019-05-02T06:00:00+00:00 [queued]>
[2023-10-02T00:42:58.123+0000] {taskinstance.py:1103} INFO - Dependencies all met for dep_context=requeueable deps ti=<TaskInstance: Load-Green-Taxi-Data-Web-To-GCS-To-Postgres.download_file_from_gcs scheduled__2019-05-02T06:00:00+00:00 [queued]>
[2023-10-02T00:42:58.124+0000] {taskinstance.py:1308} INFO - Starting attempt 1 of 3
[2023-10-02T00:42:58.279+0000] {taskinstance.py:1327} INFO - Executing <Task(GCSToLocalFilesystemOperator): download_file_from_gcs> on 2019-05-02 06:00:00+00:00
[2023-10-02T00:42:58.288+0000] {standard_task_runner.py:57} INFO - Started process 987 to run task
[2023-10-02T00:42:58.292+0000] {standard_task_runner.py:84} INFO - Running: ['***', 'tasks', 'run', 'Load-Green-Taxi-Data-Web-To-GCS-To-Postgres', 'download_file_from_gcs', 'scheduled__2019-05-02T06:00:00+00:00', '--job-id', '662', '--raw', '--subdir', 'DAGS_FOLDER/web_gcs_pg.py', '--cfg-path', '/tmp/tmp4i_9ie6u']
[2023-10-02T00:42:58.294+0000] {standard_task_runner.py:85} INFO - Job 662: Subtask download_file_from_gcs
[2023-10-02T00:42:58.416+0000] {task_command.py:410} INFO - Running <TaskInstance: Load-Green-Taxi-Data-Web-To-GCS-To-Postgres.download_file_from_gcs scheduled__2019-05-02T06:00:00+00:00 [running]> on host 537710aea1a2
[2023-10-02T00:42:58.541+0000] {taskinstance.py:1547} INFO - Exporting env vars: AIRFLOW_CTX_DAG_EMAIL='' AIRFLOW_CTX_DAG_OWNER='***' AIRFLOW_CTX_DAG_ID='Load-Green-Taxi-Data-Web-To-GCS-To-Postgres' AIRFLOW_CTX_TASK_ID='download_file_from_gcs' AIRFLOW_CTX_EXECUTION_DATE='2019-05-02T06:00:00+00:00' AIRFLOW_CTX_TRY_NUMBER='1' AIRFLOW_CTX_DAG_RUN_ID='scheduled__2019-05-02T06:00:00+00:00'
[2023-10-02T00:42:58.542+0000] {gcs_to_local.py:111} INFO - Executing download: practice18, green/green_tripdata_2019-05.csv, /opt/***/green_tripdata_2019-05.csv
[2023-10-02T00:42:58.543+0000] {crypto.py:83} WARNING - empty cryptography key - values will not be stored encrypted.
[2023-10-02T00:42:58.544+0000] {base.py:73} INFO - Using connection ID 'google_cloud_default' for task execution.
[2023-10-02T00:43:22.963+0000] {gcs.py:341} INFO - File downloaded to /opt/***/green_tripdata_2019-05.csv
[2023-10-02T00:43:22.989+0000] {taskinstance.py:1350} INFO - Marking task as SUCCESS. dag_id=Load-Green-Taxi-Data-Web-To-GCS-To-Postgres, task_id=download_file_from_gcs, execution_date=20190502T060000, start_date=20231002T004258, end_date=20231002T004322
[2023-10-02T00:43:23.067+0000] {local_task_job_runner.py:225} INFO - Task exited with return code 0
[2023-10-02T00:43:23.110+0000] {taskinstance.py:2653} INFO - 1 downstream tasks scheduled from follow-on schedule check
[2023-10-02T18:26:33.355+0000] {taskinstance.py:1103} INFO - Dependencies all met for dep_context=non-requeueable deps ti=<TaskInstance: Load-Green-Taxi-Data-Web-To-GCS-To-Postgres.download_file_from_gcs scheduled__2019-05-02T06:00:00+00:00 [queued]>
[2023-10-02T18:26:33.405+0000] {taskinstance.py:1103} INFO - Dependencies all met for dep_context=requeueable deps ti=<TaskInstance: Load-Green-Taxi-Data-Web-To-GCS-To-Postgres.download_file_from_gcs scheduled__2019-05-02T06:00:00+00:00 [queued]>
[2023-10-02T18:26:33.405+0000] {taskinstance.py:1308} INFO - Starting attempt 1 of 3
[2023-10-02T18:26:33.490+0000] {taskinstance.py:1327} INFO - Executing <Task(GCSToLocalFilesystemOperator): download_file_from_gcs> on 2019-05-02 06:00:00+00:00
[2023-10-02T18:26:33.499+0000] {standard_task_runner.py:57} INFO - Started process 9058 to run task
[2023-10-02T18:26:33.503+0000] {standard_task_runner.py:84} INFO - Running: ['***', 'tasks', 'run', 'Load-Green-Taxi-Data-Web-To-GCS-To-Postgres', 'download_file_from_gcs', 'scheduled__2019-05-02T06:00:00+00:00', '--job-id', '1013', '--raw', '--subdir', 'DAGS_FOLDER/web_gcs_pg.py', '--cfg-path', '/tmp/tmpqj6n7rr3']
[2023-10-02T18:26:33.505+0000] {standard_task_runner.py:85} INFO - Job 1013: Subtask download_file_from_gcs
[2023-10-02T18:26:33.613+0000] {task_command.py:410} INFO - Running <TaskInstance: Load-Green-Taxi-Data-Web-To-GCS-To-Postgres.download_file_from_gcs scheduled__2019-05-02T06:00:00+00:00 [running]> on host 537710aea1a2
[2023-10-02T18:26:33.793+0000] {taskinstance.py:1547} INFO - Exporting env vars: AIRFLOW_CTX_DAG_EMAIL='' AIRFLOW_CTX_DAG_OWNER='***' AIRFLOW_CTX_DAG_ID='Load-Green-Taxi-Data-Web-To-GCS-To-Postgres' AIRFLOW_CTX_TASK_ID='download_file_from_gcs' AIRFLOW_CTX_EXECUTION_DATE='2019-05-02T06:00:00+00:00' AIRFLOW_CTX_TRY_NUMBER='1' AIRFLOW_CTX_DAG_RUN_ID='scheduled__2019-05-02T06:00:00+00:00'
[2023-10-02T18:26:33.793+0000] {gcs_to_local.py:111} INFO - Executing download: practice18, green/green_tripdata_2019-05.csv, /opt/***/green_tripdata_2019-05.csv
[2023-10-02T18:26:33.795+0000] {crypto.py:83} WARNING - empty cryptography key - values will not be stored encrypted.
[2023-10-02T18:26:33.795+0000] {base.py:73} INFO - Using connection ID 'google_cloud_default' for task execution.
[2023-10-02T18:27:35.841+0000] {gcs.py:341} INFO - File downloaded to /opt/***/green_tripdata_2019-05.csv
[2023-10-02T18:27:35.853+0000] {taskinstance.py:1350} INFO - Marking task as SUCCESS. dag_id=Load-Green-Taxi-Data-Web-To-GCS-To-Postgres, task_id=download_file_from_gcs, execution_date=20190502T060000, start_date=20231002T182633, end_date=20231002T182735
[2023-10-02T18:27:36.355+0000] {local_task_job_runner.py:225} INFO - Task exited with return code 0
[2023-10-02T18:27:36.394+0000] {taskinstance.py:2653} INFO - 1 downstream tasks scheduled from follow-on schedule check
