[2023-10-02T11:38:42.449+0000] {taskinstance.py:1103} INFO - Dependencies all met for dep_context=non-requeueable deps ti=<TaskInstance: Load-Green-Taxi-Data-Web-To-GCS-To-Postgres.extract_to_gcs scheduled__2019-01-02T06:00:00+00:00 [queued]>
[2023-10-02T11:38:42.461+0000] {taskinstance.py:1103} INFO - Dependencies all met for dep_context=requeueable deps ti=<TaskInstance: Load-Green-Taxi-Data-Web-To-GCS-To-Postgres.extract_to_gcs scheduled__2019-01-02T06:00:00+00:00 [queued]>
[2023-10-02T11:38:42.461+0000] {taskinstance.py:1308} INFO - Starting attempt 2 of 3
[2023-10-02T11:38:42.534+0000] {taskinstance.py:1327} INFO - Executing <Task(WebToGCSHKOperator): extract_to_gcs> on 2019-01-02 06:00:00+00:00
[2023-10-02T11:38:42.543+0000] {standard_task_runner.py:57} INFO - Started process 1971 to run task
[2023-10-02T11:38:42.547+0000] {standard_task_runner.py:84} INFO - Running: ['***', 'tasks', 'run', 'Load-Green-Taxi-Data-Web-To-GCS-To-Postgres', 'extract_to_gcs', 'scheduled__2019-01-02T06:00:00+00:00', '--job-id', '824', '--raw', '--subdir', 'DAGS_FOLDER/web_gcs_pg.py', '--cfg-path', '/tmp/tmpxjiux37t']
[2023-10-02T11:38:42.550+0000] {standard_task_runner.py:85} INFO - Job 824: Subtask extract_to_gcs
[2023-10-02T11:38:42.660+0000] {task_command.py:410} INFO - Running <TaskInstance: Load-Green-Taxi-Data-Web-To-GCS-To-Postgres.extract_to_gcs scheduled__2019-01-02T06:00:00+00:00 [running]> on host 537710aea1a2
[2023-10-02T11:38:42.954+0000] {taskinstance.py:1547} INFO - Exporting env vars: AIRFLOW_CTX_DAG_EMAIL='' AIRFLOW_CTX_DAG_OWNER='***' AIRFLOW_CTX_DAG_ID='Load-Green-Taxi-Data-Web-To-GCS-To-Postgres' AIRFLOW_CTX_TASK_ID='extract_to_gcs' AIRFLOW_CTX_EXECUTION_DATE='2019-01-02T06:00:00+00:00' AIRFLOW_CTX_TRY_NUMBER='2' AIRFLOW_CTX_DAG_RUN_ID='scheduled__2019-01-02T06:00:00+00:00'
[2023-10-02T11:38:42.958+0000] {crypto.py:83} WARNING - empty cryptography key - values will not be stored encrypted.
[2023-10-02T11:38:42.959+0000] {base.py:73} INFO - Using connection ID 'google_cloud_default' for task execution.
[2023-10-02T11:38:42.959+0000] {Web_To_GCS_Hook.py:67} INFO - Execute downloading of file from https://github.com/DataTalksClub/nyc-tlc-data/releases/download/green/green_tripdata_2019-01.csv.gz to gs://practice18//green_tripdata_2019-01.csv.gz
[2023-10-02T11:41:00.083+0000] {Web_To_GCS_Hook.py:79} INFO - File written to temporary directory: /tmp/tmppe1b5i_a/green_tripdata_2019-01.csv.gz
[2023-10-02T11:41:09.506+0000] {logging_mixin.py:150} INFO -    VendorID lpep_pickup_datetime  ... trip_type congestion_surcharge
0         2  2018-12-21 15:17:29  ...         1                  NaN
1         2  2019-01-01 00:10:16  ...         1                  NaN
2         2  2019-01-01 00:27:11  ...         1                  NaN
3         2  2019-01-01 00:46:20  ...         1                  NaN
4         2  2019-01-01 00:19:06  ...         1                  NaN

[5 rows x 20 columns]
[2023-10-02T11:41:09.507+0000] {logging_mixin.py:150} INFO - (630918, 20)
[2023-10-02T11:41:15.340+0000] {Web_To_GCS_Hook.py:90} INFO - Parquet: green_tripdata_2019-01.csv
[2023-10-02T11:41:44.360+0000] {gcs.py:538} INFO - File /tmp/tmppe1b5i_a/green_tripdata_2019-01.csv uploaded to green/green_tripdata_2019-01.csv in practice18 bucket
[2023-10-02T11:41:44.360+0000] {Web_To_GCS_Hook.py:105} INFO - Loaded file from https://github.com/DataTalksClub/nyc-tlc-data/releases/download/green/green_tripdata_2019-01.csv.gz to gs://practice18//green/green_tripdata_2019-01.csv
[2023-10-02T11:41:47.816+0000] {taskinstance.py:1350} INFO - Marking task as SUCCESS. dag_id=Load-Green-Taxi-Data-Web-To-GCS-To-Postgres, task_id=extract_to_gcs, execution_date=20190102T060000, start_date=20231002T113842, end_date=20231002T114147
[2023-10-02T11:41:48.079+0000] {local_task_job_runner.py:225} INFO - Task exited with return code 0
[2023-10-02T11:41:48.110+0000] {taskinstance.py:2653} INFO - 1 downstream tasks scheduled from follow-on schedule check
