[2023-09-04T00:00:14.091+0000] {processor.py:157} INFO - Started process (PID=717) to work on /opt/airflow/dags/load_yellow_tx_web_to_gcs.py
[2023-09-04T00:00:14.092+0000] {processor.py:826} INFO - Processing file /opt/airflow/dags/load_yellow_tx_web_to_gcs.py for tasks to queue
[2023-09-04T00:00:14.093+0000] {logging_mixin.py:150} INFO - [2023-09-04T00:00:14.092+0000] {dagbag.py:541} INFO - Filling up the DagBag from /opt/airflow/dags/load_yellow_tx_web_to_gcs.py
[2023-09-04T00:00:14.112+0000] {processor.py:836} INFO - DAG(s) dict_keys(['Load-Yellow-Taxi-Data-Web-To-GCS']) retrieved from /opt/airflow/dags/load_yellow_tx_web_to_gcs.py
[2023-09-04T00:00:14.147+0000] {logging_mixin.py:150} INFO - [2023-09-04T00:00:14.147+0000] {dag.py:2742} INFO - Sync 1 DAGs
[2023-09-04T00:00:14.182+0000] {logging_mixin.py:150} INFO - [2023-09-04T00:00:14.182+0000] {dag.py:3508} INFO - Setting next_dagrun for Load-Yellow-Taxi-Data-Web-To-GCS to 2023-09-02T06:00:00+00:00, run_after=2023-10-02T06:00:00+00:00
[2023-09-04T00:00:14.234+0000] {processor.py:179} INFO - Processing /opt/airflow/dags/load_yellow_tx_web_to_gcs.py took 0.147 seconds
[2023-09-04T00:00:44.441+0000] {processor.py:157} INFO - Started process (PID=726) to work on /opt/airflow/dags/load_yellow_tx_web_to_gcs.py
[2023-09-04T00:00:44.443+0000] {processor.py:826} INFO - Processing file /opt/airflow/dags/load_yellow_tx_web_to_gcs.py for tasks to queue
[2023-09-04T00:00:44.444+0000] {logging_mixin.py:150} INFO - [2023-09-04T00:00:44.444+0000] {dagbag.py:541} INFO - Filling up the DagBag from /opt/airflow/dags/load_yellow_tx_web_to_gcs.py
[2023-09-04T00:00:44.461+0000] {processor.py:836} INFO - DAG(s) dict_keys(['Load-Yellow-Taxi-Data-Web-To-GCS']) retrieved from /opt/airflow/dags/load_yellow_tx_web_to_gcs.py
[2023-09-04T00:00:44.497+0000] {logging_mixin.py:150} INFO - [2023-09-04T00:00:44.497+0000] {dag.py:2742} INFO - Sync 1 DAGs
[2023-09-04T00:00:44.536+0000] {logging_mixin.py:150} INFO - [2023-09-04T00:00:44.536+0000] {dag.py:3508} INFO - Setting next_dagrun for Load-Yellow-Taxi-Data-Web-To-GCS to 2023-09-02T06:00:00+00:00, run_after=2023-10-02T06:00:00+00:00
[2023-09-04T00:00:44.575+0000] {processor.py:179} INFO - Processing /opt/airflow/dags/load_yellow_tx_web_to_gcs.py took 0.138 seconds
[2023-09-04T00:01:14.780+0000] {processor.py:157} INFO - Started process (PID=735) to work on /opt/airflow/dags/load_yellow_tx_web_to_gcs.py
[2023-09-04T00:01:14.802+0000] {processor.py:826} INFO - Processing file /opt/airflow/dags/load_yellow_tx_web_to_gcs.py for tasks to queue
[2023-09-04T00:01:14.803+0000] {logging_mixin.py:150} INFO - [2023-09-04T00:01:14.803+0000] {dagbag.py:541} INFO - Filling up the DagBag from /opt/airflow/dags/load_yellow_tx_web_to_gcs.py
[2023-09-04T00:01:14.821+0000] {processor.py:836} INFO - DAG(s) dict_keys(['Load-Yellow-Taxi-Data-Web-To-GCS']) retrieved from /opt/airflow/dags/load_yellow_tx_web_to_gcs.py
[2023-09-04T00:01:14.857+0000] {logging_mixin.py:150} INFO - [2023-09-04T00:01:14.857+0000] {dag.py:2742} INFO - Sync 1 DAGs
[2023-09-04T00:01:14.892+0000] {logging_mixin.py:150} INFO - [2023-09-04T00:01:14.892+0000] {dag.py:3508} INFO - Setting next_dagrun for Load-Yellow-Taxi-Data-Web-To-GCS to 2023-09-02T06:00:00+00:00, run_after=2023-10-02T06:00:00+00:00
[2023-09-04T00:01:14.940+0000] {processor.py:179} INFO - Processing /opt/airflow/dags/load_yellow_tx_web_to_gcs.py took 0.163 seconds
[2023-09-04T00:01:45.151+0000] {processor.py:157} INFO - Started process (PID=744) to work on /opt/airflow/dags/load_yellow_tx_web_to_gcs.py
[2023-09-04T00:01:45.152+0000] {processor.py:826} INFO - Processing file /opt/airflow/dags/load_yellow_tx_web_to_gcs.py for tasks to queue
[2023-09-04T00:01:45.153+0000] {logging_mixin.py:150} INFO - [2023-09-04T00:01:45.153+0000] {dagbag.py:541} INFO - Filling up the DagBag from /opt/airflow/dags/load_yellow_tx_web_to_gcs.py
[2023-09-04T00:01:45.178+0000] {processor.py:836} INFO - DAG(s) dict_keys(['Load-Yellow-Taxi-Data-Web-To-GCS']) retrieved from /opt/airflow/dags/load_yellow_tx_web_to_gcs.py
[2023-09-04T00:01:45.237+0000] {logging_mixin.py:150} INFO - [2023-09-04T00:01:45.237+0000] {dag.py:2742} INFO - Sync 1 DAGs
[2023-09-04T00:01:45.324+0000] {logging_mixin.py:150} INFO - [2023-09-04T00:01:45.323+0000] {dag.py:3508} INFO - Setting next_dagrun for Load-Yellow-Taxi-Data-Web-To-GCS to 2023-09-02T06:00:00+00:00, run_after=2023-10-02T06:00:00+00:00
[2023-09-04T00:01:45.412+0000] {processor.py:179} INFO - Processing /opt/airflow/dags/load_yellow_tx_web_to_gcs.py took 0.266 seconds
[2023-09-04T00:02:15.636+0000] {processor.py:157} INFO - Started process (PID=753) to work on /opt/airflow/dags/load_yellow_tx_web_to_gcs.py
[2023-09-04T00:02:15.699+0000] {processor.py:826} INFO - Processing file /opt/airflow/dags/load_yellow_tx_web_to_gcs.py for tasks to queue
[2023-09-04T00:02:15.700+0000] {logging_mixin.py:150} INFO - [2023-09-04T00:02:15.700+0000] {dagbag.py:541} INFO - Filling up the DagBag from /opt/airflow/dags/load_yellow_tx_web_to_gcs.py
[2023-09-04T00:02:15.716+0000] {processor.py:836} INFO - DAG(s) dict_keys(['Load-Yellow-Taxi-Data-Web-To-GCS']) retrieved from /opt/airflow/dags/load_yellow_tx_web_to_gcs.py
[2023-09-04T00:02:15.750+0000] {logging_mixin.py:150} INFO - [2023-09-04T00:02:15.750+0000] {dag.py:2742} INFO - Sync 1 DAGs
[2023-09-04T00:02:15.783+0000] {logging_mixin.py:150} INFO - [2023-09-04T00:02:15.783+0000] {dag.py:3508} INFO - Setting next_dagrun for Load-Yellow-Taxi-Data-Web-To-GCS to 2023-09-02T06:00:00+00:00, run_after=2023-10-02T06:00:00+00:00
[2023-09-04T00:02:15.846+0000] {processor.py:179} INFO - Processing /opt/airflow/dags/load_yellow_tx_web_to_gcs.py took 0.215 seconds
[2023-09-04T00:02:46.085+0000] {processor.py:157} INFO - Started process (PID=762) to work on /opt/airflow/dags/load_yellow_tx_web_to_gcs.py
[2023-09-04T00:02:46.086+0000] {processor.py:826} INFO - Processing file /opt/airflow/dags/load_yellow_tx_web_to_gcs.py for tasks to queue
[2023-09-04T00:02:46.087+0000] {logging_mixin.py:150} INFO - [2023-09-04T00:02:46.087+0000] {dagbag.py:541} INFO - Filling up the DagBag from /opt/airflow/dags/load_yellow_tx_web_to_gcs.py
[2023-09-04T00:02:46.108+0000] {processor.py:836} INFO - DAG(s) dict_keys(['Load-Yellow-Taxi-Data-Web-To-GCS']) retrieved from /opt/airflow/dags/load_yellow_tx_web_to_gcs.py
[2023-09-04T00:02:46.150+0000] {logging_mixin.py:150} INFO - [2023-09-04T00:02:46.150+0000] {dag.py:2742} INFO - Sync 1 DAGs
[2023-09-04T00:02:46.185+0000] {logging_mixin.py:150} INFO - [2023-09-04T00:02:46.185+0000] {dag.py:3508} INFO - Setting next_dagrun for Load-Yellow-Taxi-Data-Web-To-GCS to 2023-09-02T06:00:00+00:00, run_after=2023-10-02T06:00:00+00:00
[2023-09-04T00:02:46.271+0000] {processor.py:179} INFO - Processing /opt/airflow/dags/load_yellow_tx_web_to_gcs.py took 0.192 seconds
[2023-09-04T00:03:16.530+0000] {processor.py:157} INFO - Started process (PID=771) to work on /opt/airflow/dags/load_yellow_tx_web_to_gcs.py
[2023-09-04T00:03:16.551+0000] {processor.py:826} INFO - Processing file /opt/airflow/dags/load_yellow_tx_web_to_gcs.py for tasks to queue
[2023-09-04T00:03:16.552+0000] {logging_mixin.py:150} INFO - [2023-09-04T00:03:16.552+0000] {dagbag.py:541} INFO - Filling up the DagBag from /opt/airflow/dags/load_yellow_tx_web_to_gcs.py
[2023-09-04T00:03:16.570+0000] {processor.py:836} INFO - DAG(s) dict_keys(['Load-Yellow-Taxi-Data-Web-To-GCS']) retrieved from /opt/airflow/dags/load_yellow_tx_web_to_gcs.py
[2023-09-04T00:03:16.617+0000] {logging_mixin.py:150} INFO - [2023-09-04T00:03:16.617+0000] {dag.py:2742} INFO - Sync 1 DAGs
[2023-09-04T00:03:16.666+0000] {logging_mixin.py:150} INFO - [2023-09-04T00:03:16.666+0000] {dag.py:3508} INFO - Setting next_dagrun for Load-Yellow-Taxi-Data-Web-To-GCS to 2023-09-02T06:00:00+00:00, run_after=2023-10-02T06:00:00+00:00
[2023-09-04T00:03:16.706+0000] {processor.py:179} INFO - Processing /opt/airflow/dags/load_yellow_tx_web_to_gcs.py took 0.180 seconds
[2023-09-04T00:03:46.889+0000] {processor.py:157} INFO - Started process (PID=779) to work on /opt/airflow/dags/load_yellow_tx_web_to_gcs.py
[2023-09-04T00:03:46.890+0000] {processor.py:826} INFO - Processing file /opt/airflow/dags/load_yellow_tx_web_to_gcs.py for tasks to queue
[2023-09-04T00:03:46.891+0000] {logging_mixin.py:150} INFO - [2023-09-04T00:03:46.891+0000] {dagbag.py:541} INFO - Filling up the DagBag from /opt/airflow/dags/load_yellow_tx_web_to_gcs.py
[2023-09-04T00:03:46.909+0000] {processor.py:836} INFO - DAG(s) dict_keys(['Load-Yellow-Taxi-Data-Web-To-GCS']) retrieved from /opt/airflow/dags/load_yellow_tx_web_to_gcs.py
[2023-09-04T00:03:46.946+0000] {logging_mixin.py:150} INFO - [2023-09-04T00:03:46.946+0000] {dag.py:2742} INFO - Sync 1 DAGs
[2023-09-04T00:03:46.983+0000] {logging_mixin.py:150} INFO - [2023-09-04T00:03:46.982+0000] {dag.py:3508} INFO - Setting next_dagrun for Load-Yellow-Taxi-Data-Web-To-GCS to 2023-09-02T06:00:00+00:00, run_after=2023-10-02T06:00:00+00:00
[2023-09-04T00:03:47.089+0000] {processor.py:179} INFO - Processing /opt/airflow/dags/load_yellow_tx_web_to_gcs.py took 0.204 seconds
[2023-09-04T00:04:17.340+0000] {processor.py:157} INFO - Started process (PID=788) to work on /opt/airflow/dags/load_yellow_tx_web_to_gcs.py
[2023-09-04T00:04:17.359+0000] {processor.py:826} INFO - Processing file /opt/airflow/dags/load_yellow_tx_web_to_gcs.py for tasks to queue
[2023-09-04T00:04:17.361+0000] {logging_mixin.py:150} INFO - [2023-09-04T00:04:17.360+0000] {dagbag.py:541} INFO - Filling up the DagBag from /opt/airflow/dags/load_yellow_tx_web_to_gcs.py
[2023-09-04T00:04:17.381+0000] {processor.py:836} INFO - DAG(s) dict_keys(['Load-Yellow-Taxi-Data-Web-To-GCS']) retrieved from /opt/airflow/dags/load_yellow_tx_web_to_gcs.py
[2023-09-04T00:04:17.418+0000] {logging_mixin.py:150} INFO - [2023-09-04T00:04:17.418+0000] {dag.py:2742} INFO - Sync 1 DAGs
[2023-09-04T00:04:17.455+0000] {logging_mixin.py:150} INFO - [2023-09-04T00:04:17.455+0000] {dag.py:3508} INFO - Setting next_dagrun for Load-Yellow-Taxi-Data-Web-To-GCS to 2023-09-02T06:00:00+00:00, run_after=2023-10-02T06:00:00+00:00
[2023-09-04T00:04:17.498+0000] {processor.py:179} INFO - Processing /opt/airflow/dags/load_yellow_tx_web_to_gcs.py took 0.162 seconds
[2023-09-04T00:04:47.687+0000] {processor.py:157} INFO - Started process (PID=797) to work on /opt/airflow/dags/load_yellow_tx_web_to_gcs.py
[2023-09-04T00:04:47.687+0000] {processor.py:826} INFO - Processing file /opt/airflow/dags/load_yellow_tx_web_to_gcs.py for tasks to queue
[2023-09-04T00:04:47.688+0000] {logging_mixin.py:150} INFO - [2023-09-04T00:04:47.688+0000] {dagbag.py:541} INFO - Filling up the DagBag from /opt/airflow/dags/load_yellow_tx_web_to_gcs.py
[2023-09-04T00:04:47.704+0000] {processor.py:836} INFO - DAG(s) dict_keys(['Load-Yellow-Taxi-Data-Web-To-GCS']) retrieved from /opt/airflow/dags/load_yellow_tx_web_to_gcs.py
[2023-09-04T00:04:47.746+0000] {logging_mixin.py:150} INFO - [2023-09-04T00:04:47.745+0000] {dag.py:2742} INFO - Sync 1 DAGs
[2023-09-04T00:04:47.803+0000] {logging_mixin.py:150} INFO - [2023-09-04T00:04:47.802+0000] {dag.py:3508} INFO - Setting next_dagrun for Load-Yellow-Taxi-Data-Web-To-GCS to 2023-09-02T06:00:00+00:00, run_after=2023-10-02T06:00:00+00:00
[2023-09-04T00:04:47.907+0000] {processor.py:179} INFO - Processing /opt/airflow/dags/load_yellow_tx_web_to_gcs.py took 0.224 seconds
[2023-09-04T00:05:18.126+0000] {processor.py:157} INFO - Started process (PID=806) to work on /opt/airflow/dags/load_yellow_tx_web_to_gcs.py
[2023-09-04T00:05:18.300+0000] {processor.py:826} INFO - Processing file /opt/airflow/dags/load_yellow_tx_web_to_gcs.py for tasks to queue
[2023-09-04T00:05:18.337+0000] {logging_mixin.py:150} INFO - [2023-09-04T00:05:18.337+0000] {dagbag.py:541} INFO - Filling up the DagBag from /opt/airflow/dags/load_yellow_tx_web_to_gcs.py
[2023-09-04T00:05:18.358+0000] {processor.py:836} INFO - DAG(s) dict_keys(['Load-Yellow-Taxi-Data-Web-To-GCS']) retrieved from /opt/airflow/dags/load_yellow_tx_web_to_gcs.py
[2023-09-04T00:05:18.401+0000] {logging_mixin.py:150} INFO - [2023-09-04T00:05:18.401+0000] {dag.py:2742} INFO - Sync 1 DAGs
[2023-09-04T00:05:18.446+0000] {logging_mixin.py:150} INFO - [2023-09-04T00:05:18.446+0000] {dag.py:3508} INFO - Setting next_dagrun for Load-Yellow-Taxi-Data-Web-To-GCS to 2023-09-02T06:00:00+00:00, run_after=2023-10-02T06:00:00+00:00
[2023-09-04T00:05:18.590+0000] {processor.py:179} INFO - Processing /opt/airflow/dags/load_yellow_tx_web_to_gcs.py took 0.469 seconds
[2023-09-04T00:05:48.843+0000] {processor.py:157} INFO - Started process (PID=815) to work on /opt/airflow/dags/load_yellow_tx_web_to_gcs.py
[2023-09-04T00:05:48.844+0000] {processor.py:826} INFO - Processing file /opt/airflow/dags/load_yellow_tx_web_to_gcs.py for tasks to queue
[2023-09-04T00:05:48.845+0000] {logging_mixin.py:150} INFO - [2023-09-04T00:05:48.845+0000] {dagbag.py:541} INFO - Filling up the DagBag from /opt/airflow/dags/load_yellow_tx_web_to_gcs.py
[2023-09-04T00:05:48.868+0000] {processor.py:836} INFO - DAG(s) dict_keys(['Load-Yellow-Taxi-Data-Web-To-GCS']) retrieved from /opt/airflow/dags/load_yellow_tx_web_to_gcs.py
[2023-09-04T00:05:48.975+0000] {logging_mixin.py:150} INFO - [2023-09-04T00:05:48.974+0000] {dag.py:2742} INFO - Sync 1 DAGs
[2023-09-04T00:05:49.087+0000] {logging_mixin.py:150} INFO - [2023-09-04T00:05:49.087+0000] {dag.py:3508} INFO - Setting next_dagrun for Load-Yellow-Taxi-Data-Web-To-GCS to 2023-09-02T06:00:00+00:00, run_after=2023-10-02T06:00:00+00:00
[2023-09-04T00:05:49.199+0000] {processor.py:179} INFO - Processing /opt/airflow/dags/load_yellow_tx_web_to_gcs.py took 0.369 seconds
[2023-09-04T00:06:19.403+0000] {processor.py:157} INFO - Started process (PID=825) to work on /opt/airflow/dags/load_yellow_tx_web_to_gcs.py
[2023-09-04T00:06:19.421+0000] {processor.py:826} INFO - Processing file /opt/airflow/dags/load_yellow_tx_web_to_gcs.py for tasks to queue
[2023-09-04T00:06:19.423+0000] {logging_mixin.py:150} INFO - [2023-09-04T00:06:19.422+0000] {dagbag.py:541} INFO - Filling up the DagBag from /opt/airflow/dags/load_yellow_tx_web_to_gcs.py
[2023-09-04T00:06:19.447+0000] {processor.py:836} INFO - DAG(s) dict_keys(['Load-Yellow-Taxi-Data-Web-To-GCS']) retrieved from /opt/airflow/dags/load_yellow_tx_web_to_gcs.py
[2023-09-04T00:06:19.499+0000] {logging_mixin.py:150} INFO - [2023-09-04T00:06:19.499+0000] {dag.py:2742} INFO - Sync 1 DAGs
[2023-09-04T00:06:19.556+0000] {logging_mixin.py:150} INFO - [2023-09-04T00:06:19.556+0000] {dag.py:3508} INFO - Setting next_dagrun for Load-Yellow-Taxi-Data-Web-To-GCS to 2023-09-02T06:00:00+00:00, run_after=2023-10-02T06:00:00+00:00
[2023-09-04T00:06:19.616+0000] {processor.py:179} INFO - Processing /opt/airflow/dags/load_yellow_tx_web_to_gcs.py took 0.218 seconds
[2023-09-04T00:06:49.835+0000] {processor.py:157} INFO - Started process (PID=834) to work on /opt/airflow/dags/load_yellow_tx_web_to_gcs.py
[2023-09-04T00:06:49.836+0000] {processor.py:826} INFO - Processing file /opt/airflow/dags/load_yellow_tx_web_to_gcs.py for tasks to queue
[2023-09-04T00:06:49.837+0000] {logging_mixin.py:150} INFO - [2023-09-04T00:06:49.836+0000] {dagbag.py:541} INFO - Filling up the DagBag from /opt/airflow/dags/load_yellow_tx_web_to_gcs.py
[2023-09-04T00:06:49.853+0000] {processor.py:836} INFO - DAG(s) dict_keys(['Load-Yellow-Taxi-Data-Web-To-GCS']) retrieved from /opt/airflow/dags/load_yellow_tx_web_to_gcs.py
[2023-09-04T00:06:49.898+0000] {logging_mixin.py:150} INFO - [2023-09-04T00:06:49.898+0000] {dag.py:2742} INFO - Sync 1 DAGs
[2023-09-04T00:06:49.946+0000] {logging_mixin.py:150} INFO - [2023-09-04T00:06:49.946+0000] {dag.py:3508} INFO - Setting next_dagrun for Load-Yellow-Taxi-Data-Web-To-GCS to 2023-09-02T06:00:00+00:00, run_after=2023-10-02T06:00:00+00:00
[2023-09-04T00:06:50.037+0000] {processor.py:179} INFO - Processing /opt/airflow/dags/load_yellow_tx_web_to_gcs.py took 0.206 seconds
[2023-09-04T00:07:20.270+0000] {processor.py:157} INFO - Started process (PID=843) to work on /opt/airflow/dags/load_yellow_tx_web_to_gcs.py
[2023-09-04T00:07:20.305+0000] {processor.py:826} INFO - Processing file /opt/airflow/dags/load_yellow_tx_web_to_gcs.py for tasks to queue
[2023-09-04T00:07:20.306+0000] {logging_mixin.py:150} INFO - [2023-09-04T00:07:20.306+0000] {dagbag.py:541} INFO - Filling up the DagBag from /opt/airflow/dags/load_yellow_tx_web_to_gcs.py
[2023-09-04T00:07:20.324+0000] {processor.py:836} INFO - DAG(s) dict_keys(['Load-Yellow-Taxi-Data-Web-To-GCS']) retrieved from /opt/airflow/dags/load_yellow_tx_web_to_gcs.py
[2023-09-04T00:07:20.357+0000] {logging_mixin.py:150} INFO - [2023-09-04T00:07:20.357+0000] {dag.py:2742} INFO - Sync 1 DAGs
[2023-09-04T00:07:20.389+0000] {logging_mixin.py:150} INFO - [2023-09-04T00:07:20.388+0000] {dag.py:3508} INFO - Setting next_dagrun for Load-Yellow-Taxi-Data-Web-To-GCS to 2023-09-02T06:00:00+00:00, run_after=2023-10-02T06:00:00+00:00
[2023-09-04T00:07:20.469+0000] {processor.py:179} INFO - Processing /opt/airflow/dags/load_yellow_tx_web_to_gcs.py took 0.203 seconds
[2023-09-04T00:07:50.726+0000] {processor.py:157} INFO - Started process (PID=852) to work on /opt/airflow/dags/load_yellow_tx_web_to_gcs.py
[2023-09-04T00:07:50.727+0000] {processor.py:826} INFO - Processing file /opt/airflow/dags/load_yellow_tx_web_to_gcs.py for tasks to queue
[2023-09-04T00:07:50.728+0000] {logging_mixin.py:150} INFO - [2023-09-04T00:07:50.727+0000] {dagbag.py:541} INFO - Filling up the DagBag from /opt/airflow/dags/load_yellow_tx_web_to_gcs.py
[2023-09-04T00:07:50.743+0000] {processor.py:836} INFO - DAG(s) dict_keys(['Load-Yellow-Taxi-Data-Web-To-GCS']) retrieved from /opt/airflow/dags/load_yellow_tx_web_to_gcs.py
[2023-09-04T00:07:50.778+0000] {logging_mixin.py:150} INFO - [2023-09-04T00:07:50.778+0000] {dag.py:2742} INFO - Sync 1 DAGs
[2023-09-04T00:07:50.812+0000] {logging_mixin.py:150} INFO - [2023-09-04T00:07:50.812+0000] {dag.py:3508} INFO - Setting next_dagrun for Load-Yellow-Taxi-Data-Web-To-GCS to 2023-09-02T06:00:00+00:00, run_after=2023-10-02T06:00:00+00:00
[2023-09-04T00:07:50.891+0000] {processor.py:179} INFO - Processing /opt/airflow/dags/load_yellow_tx_web_to_gcs.py took 0.168 seconds
[2023-09-04T00:08:21.157+0000] {processor.py:157} INFO - Started process (PID=861) to work on /opt/airflow/dags/load_yellow_tx_web_to_gcs.py
[2023-09-04T00:08:21.172+0000] {processor.py:826} INFO - Processing file /opt/airflow/dags/load_yellow_tx_web_to_gcs.py for tasks to queue
[2023-09-04T00:08:21.173+0000] {logging_mixin.py:150} INFO - [2023-09-04T00:08:21.173+0000] {dagbag.py:541} INFO - Filling up the DagBag from /opt/airflow/dags/load_yellow_tx_web_to_gcs.py
[2023-09-04T00:08:21.195+0000] {processor.py:836} INFO - DAG(s) dict_keys(['Load-Yellow-Taxi-Data-Web-To-GCS']) retrieved from /opt/airflow/dags/load_yellow_tx_web_to_gcs.py
[2023-09-04T00:08:21.227+0000] {logging_mixin.py:150} INFO - [2023-09-04T00:08:21.227+0000] {dag.py:2742} INFO - Sync 1 DAGs
[2023-09-04T00:08:21.263+0000] {logging_mixin.py:150} INFO - [2023-09-04T00:08:21.263+0000] {dag.py:3508} INFO - Setting next_dagrun for Load-Yellow-Taxi-Data-Web-To-GCS to 2023-09-02T06:00:00+00:00, run_after=2023-10-02T06:00:00+00:00
[2023-09-04T00:08:21.328+0000] {processor.py:179} INFO - Processing /opt/airflow/dags/load_yellow_tx_web_to_gcs.py took 0.177 seconds
[2023-09-04T00:08:51.559+0000] {processor.py:157} INFO - Started process (PID=870) to work on /opt/airflow/dags/load_yellow_tx_web_to_gcs.py
[2023-09-04T00:08:51.560+0000] {processor.py:826} INFO - Processing file /opt/airflow/dags/load_yellow_tx_web_to_gcs.py for tasks to queue
[2023-09-04T00:08:51.561+0000] {logging_mixin.py:150} INFO - [2023-09-04T00:08:51.560+0000] {dagbag.py:541} INFO - Filling up the DagBag from /opt/airflow/dags/load_yellow_tx_web_to_gcs.py
[2023-09-04T00:08:51.579+0000] {processor.py:836} INFO - DAG(s) dict_keys(['Load-Yellow-Taxi-Data-Web-To-GCS']) retrieved from /opt/airflow/dags/load_yellow_tx_web_to_gcs.py
[2023-09-04T00:08:51.614+0000] {logging_mixin.py:150} INFO - [2023-09-04T00:08:51.614+0000] {dag.py:2742} INFO - Sync 1 DAGs
[2023-09-04T00:08:51.651+0000] {logging_mixin.py:150} INFO - [2023-09-04T00:08:51.651+0000] {dag.py:3508} INFO - Setting next_dagrun for Load-Yellow-Taxi-Data-Web-To-GCS to 2023-09-02T06:00:00+00:00, run_after=2023-10-02T06:00:00+00:00
[2023-09-04T00:08:51.693+0000] {processor.py:179} INFO - Processing /opt/airflow/dags/load_yellow_tx_web_to_gcs.py took 0.139 seconds
[2023-09-04T00:09:21.908+0000] {processor.py:157} INFO - Started process (PID=879) to work on /opt/airflow/dags/load_yellow_tx_web_to_gcs.py
[2023-09-04T00:09:21.928+0000] {processor.py:826} INFO - Processing file /opt/airflow/dags/load_yellow_tx_web_to_gcs.py for tasks to queue
[2023-09-04T00:09:21.930+0000] {logging_mixin.py:150} INFO - [2023-09-04T00:09:21.929+0000] {dagbag.py:541} INFO - Filling up the DagBag from /opt/airflow/dags/load_yellow_tx_web_to_gcs.py
[2023-09-04T00:09:21.953+0000] {processor.py:836} INFO - DAG(s) dict_keys(['Load-Yellow-Taxi-Data-Web-To-GCS']) retrieved from /opt/airflow/dags/load_yellow_tx_web_to_gcs.py
[2023-09-04T00:09:21.986+0000] {logging_mixin.py:150} INFO - [2023-09-04T00:09:21.985+0000] {dag.py:2742} INFO - Sync 1 DAGs
[2023-09-04T00:09:22.022+0000] {logging_mixin.py:150} INFO - [2023-09-04T00:09:22.021+0000] {dag.py:3508} INFO - Setting next_dagrun for Load-Yellow-Taxi-Data-Web-To-GCS to 2023-09-02T06:00:00+00:00, run_after=2023-10-02T06:00:00+00:00
[2023-09-04T00:09:22.058+0000] {processor.py:179} INFO - Processing /opt/airflow/dags/load_yellow_tx_web_to_gcs.py took 0.153 seconds
[2023-09-04T00:09:52.290+0000] {processor.py:157} INFO - Started process (PID=888) to work on /opt/airflow/dags/load_yellow_tx_web_to_gcs.py
[2023-09-04T00:09:52.291+0000] {processor.py:826} INFO - Processing file /opt/airflow/dags/load_yellow_tx_web_to_gcs.py for tasks to queue
[2023-09-04T00:09:52.331+0000] {logging_mixin.py:150} INFO - [2023-09-04T00:09:52.292+0000] {dagbag.py:541} INFO - Filling up the DagBag from /opt/airflow/dags/load_yellow_tx_web_to_gcs.py
[2023-09-04T00:09:52.346+0000] {processor.py:836} INFO - DAG(s) dict_keys(['Load-Yellow-Taxi-Data-Web-To-GCS']) retrieved from /opt/airflow/dags/load_yellow_tx_web_to_gcs.py
[2023-09-04T00:09:52.401+0000] {logging_mixin.py:150} INFO - [2023-09-04T00:09:52.401+0000] {dag.py:2742} INFO - Sync 1 DAGs
[2023-09-04T00:09:52.436+0000] {logging_mixin.py:150} INFO - [2023-09-04T00:09:52.436+0000] {dag.py:3508} INFO - Setting next_dagrun for Load-Yellow-Taxi-Data-Web-To-GCS to 2023-09-02T06:00:00+00:00, run_after=2023-10-02T06:00:00+00:00
[2023-09-04T00:09:52.476+0000] {processor.py:179} INFO - Processing /opt/airflow/dags/load_yellow_tx_web_to_gcs.py took 0.192 seconds
[2023-09-04T00:10:22.692+0000] {processor.py:157} INFO - Started process (PID=898) to work on /opt/airflow/dags/load_yellow_tx_web_to_gcs.py
[2023-09-04T00:10:22.713+0000] {processor.py:826} INFO - Processing file /opt/airflow/dags/load_yellow_tx_web_to_gcs.py for tasks to queue
[2023-09-04T00:10:22.714+0000] {logging_mixin.py:150} INFO - [2023-09-04T00:10:22.714+0000] {dagbag.py:541} INFO - Filling up the DagBag from /opt/airflow/dags/load_yellow_tx_web_to_gcs.py
[2023-09-04T00:10:22.732+0000] {processor.py:836} INFO - DAG(s) dict_keys(['Load-Yellow-Taxi-Data-Web-To-GCS']) retrieved from /opt/airflow/dags/load_yellow_tx_web_to_gcs.py
[2023-09-04T00:10:22.770+0000] {logging_mixin.py:150} INFO - [2023-09-04T00:10:22.769+0000] {dag.py:2742} INFO - Sync 1 DAGs
[2023-09-04T00:10:22.810+0000] {logging_mixin.py:150} INFO - [2023-09-04T00:10:22.810+0000] {dag.py:3508} INFO - Setting next_dagrun for Load-Yellow-Taxi-Data-Web-To-GCS to 2023-09-02T06:00:00+00:00, run_after=2023-10-02T06:00:00+00:00
[2023-09-04T00:10:22.843+0000] {processor.py:179} INFO - Processing /opt/airflow/dags/load_yellow_tx_web_to_gcs.py took 0.156 seconds
[2023-09-04T00:10:52.894+0000] {processor.py:157} INFO - Started process (PID=906) to work on /opt/airflow/dags/load_yellow_tx_web_to_gcs.py
[2023-09-04T00:10:52.895+0000] {processor.py:826} INFO - Processing file /opt/airflow/dags/load_yellow_tx_web_to_gcs.py for tasks to queue
[2023-09-04T00:10:52.896+0000] {logging_mixin.py:150} INFO - [2023-09-04T00:10:52.896+0000] {dagbag.py:541} INFO - Filling up the DagBag from /opt/airflow/dags/load_yellow_tx_web_to_gcs.py
[2023-09-04T00:10:52.926+0000] {processor.py:836} INFO - DAG(s) dict_keys(['Load-Yellow-Taxi-Data-Web-To-GCS']) retrieved from /opt/airflow/dags/load_yellow_tx_web_to_gcs.py
[2023-09-04T00:10:52.979+0000] {logging_mixin.py:150} INFO - [2023-09-04T00:10:52.979+0000] {dag.py:2742} INFO - Sync 1 DAGs
[2023-09-04T00:10:53.017+0000] {logging_mixin.py:150} INFO - [2023-09-04T00:10:53.017+0000] {dag.py:3508} INFO - Setting next_dagrun for Load-Yellow-Taxi-Data-Web-To-GCS to 2023-09-02T06:00:00+00:00, run_after=2023-10-02T06:00:00+00:00
[2023-09-04T00:10:53.052+0000] {processor.py:179} INFO - Processing /opt/airflow/dags/load_yellow_tx_web_to_gcs.py took 0.162 seconds
[2023-09-04T00:11:23.261+0000] {processor.py:157} INFO - Started process (PID=915) to work on /opt/airflow/dags/load_yellow_tx_web_to_gcs.py
[2023-09-04T00:11:23.276+0000] {processor.py:826} INFO - Processing file /opt/airflow/dags/load_yellow_tx_web_to_gcs.py for tasks to queue
[2023-09-04T00:11:23.277+0000] {logging_mixin.py:150} INFO - [2023-09-04T00:11:23.276+0000] {dagbag.py:541} INFO - Filling up the DagBag from /opt/airflow/dags/load_yellow_tx_web_to_gcs.py
[2023-09-04T00:11:23.306+0000] {processor.py:836} INFO - DAG(s) dict_keys(['Load-Yellow-Taxi-Data-Web-To-GCS']) retrieved from /opt/airflow/dags/load_yellow_tx_web_to_gcs.py
[2023-09-04T00:11:23.358+0000] {logging_mixin.py:150} INFO - [2023-09-04T00:11:23.358+0000] {dag.py:2742} INFO - Sync 1 DAGs
[2023-09-04T00:11:23.418+0000] {logging_mixin.py:150} INFO - [2023-09-04T00:11:23.418+0000] {dag.py:3508} INFO - Setting next_dagrun for Load-Yellow-Taxi-Data-Web-To-GCS to 2023-09-02T06:00:00+00:00, run_after=2023-10-02T06:00:00+00:00
[2023-09-04T00:11:23.551+0000] {processor.py:179} INFO - Processing /opt/airflow/dags/load_yellow_tx_web_to_gcs.py took 0.295 seconds
[2023-09-04T00:11:53.712+0000] {processor.py:157} INFO - Started process (PID=923) to work on /opt/airflow/dags/load_yellow_tx_web_to_gcs.py
[2023-09-04T00:11:53.713+0000] {processor.py:826} INFO - Processing file /opt/airflow/dags/load_yellow_tx_web_to_gcs.py for tasks to queue
[2023-09-04T00:11:53.714+0000] {logging_mixin.py:150} INFO - [2023-09-04T00:11:53.713+0000] {dagbag.py:541} INFO - Filling up the DagBag from /opt/airflow/dags/load_yellow_tx_web_to_gcs.py
[2023-09-04T00:11:53.734+0000] {processor.py:836} INFO - DAG(s) dict_keys(['Load-Yellow-Taxi-Data-Web-To-GCS']) retrieved from /opt/airflow/dags/load_yellow_tx_web_to_gcs.py
[2023-09-04T00:11:53.778+0000] {logging_mixin.py:150} INFO - [2023-09-04T00:11:53.777+0000] {dag.py:2742} INFO - Sync 1 DAGs
[2023-09-04T00:11:53.813+0000] {logging_mixin.py:150} INFO - [2023-09-04T00:11:53.813+0000] {dag.py:3508} INFO - Setting next_dagrun for Load-Yellow-Taxi-Data-Web-To-GCS to 2023-09-02T06:00:00+00:00, run_after=2023-10-02T06:00:00+00:00
[2023-09-04T00:11:53.878+0000] {processor.py:179} INFO - Processing /opt/airflow/dags/load_yellow_tx_web_to_gcs.py took 0.171 seconds
[2023-09-04T00:12:24.084+0000] {processor.py:157} INFO - Started process (PID=932) to work on /opt/airflow/dags/load_yellow_tx_web_to_gcs.py
[2023-09-04T00:12:24.105+0000] {processor.py:826} INFO - Processing file /opt/airflow/dags/load_yellow_tx_web_to_gcs.py for tasks to queue
[2023-09-04T00:12:24.106+0000] {logging_mixin.py:150} INFO - [2023-09-04T00:12:24.106+0000] {dagbag.py:541} INFO - Filling up the DagBag from /opt/airflow/dags/load_yellow_tx_web_to_gcs.py
[2023-09-04T00:12:24.130+0000] {processor.py:836} INFO - DAG(s) dict_keys(['Load-Yellow-Taxi-Data-Web-To-GCS']) retrieved from /opt/airflow/dags/load_yellow_tx_web_to_gcs.py
[2023-09-04T00:12:24.180+0000] {logging_mixin.py:150} INFO - [2023-09-04T00:12:24.180+0000] {dag.py:2742} INFO - Sync 1 DAGs
[2023-09-04T00:12:24.219+0000] {logging_mixin.py:150} INFO - [2023-09-04T00:12:24.219+0000] {dag.py:3508} INFO - Setting next_dagrun for Load-Yellow-Taxi-Data-Web-To-GCS to 2023-09-02T06:00:00+00:00, run_after=2023-10-02T06:00:00+00:00
[2023-09-04T00:12:24.304+0000] {processor.py:179} INFO - Processing /opt/airflow/dags/load_yellow_tx_web_to_gcs.py took 0.224 seconds
[2023-09-04T00:12:54.515+0000] {processor.py:157} INFO - Started process (PID=941) to work on /opt/airflow/dags/load_yellow_tx_web_to_gcs.py
[2023-09-04T00:12:54.516+0000] {processor.py:826} INFO - Processing file /opt/airflow/dags/load_yellow_tx_web_to_gcs.py for tasks to queue
[2023-09-04T00:12:54.517+0000] {logging_mixin.py:150} INFO - [2023-09-04T00:12:54.517+0000] {dagbag.py:541} INFO - Filling up the DagBag from /opt/airflow/dags/load_yellow_tx_web_to_gcs.py
[2023-09-04T00:12:54.536+0000] {processor.py:836} INFO - DAG(s) dict_keys(['Load-Yellow-Taxi-Data-Web-To-GCS']) retrieved from /opt/airflow/dags/load_yellow_tx_web_to_gcs.py
[2023-09-04T00:12:54.575+0000] {logging_mixin.py:150} INFO - [2023-09-04T00:12:54.574+0000] {dag.py:2742} INFO - Sync 1 DAGs
[2023-09-04T00:12:54.620+0000] {logging_mixin.py:150} INFO - [2023-09-04T00:12:54.620+0000] {dag.py:3508} INFO - Setting next_dagrun for Load-Yellow-Taxi-Data-Web-To-GCS to 2023-09-02T06:00:00+00:00, run_after=2023-10-02T06:00:00+00:00
[2023-09-04T00:12:54.702+0000] {processor.py:179} INFO - Processing /opt/airflow/dags/load_yellow_tx_web_to_gcs.py took 0.192 seconds
[2023-09-04T00:13:24.928+0000] {processor.py:157} INFO - Started process (PID=950) to work on /opt/airflow/dags/load_yellow_tx_web_to_gcs.py
[2023-09-04T00:13:25.052+0000] {processor.py:826} INFO - Processing file /opt/airflow/dags/load_yellow_tx_web_to_gcs.py for tasks to queue
[2023-09-04T00:13:25.053+0000] {logging_mixin.py:150} INFO - [2023-09-04T00:13:25.053+0000] {dagbag.py:541} INFO - Filling up the DagBag from /opt/airflow/dags/load_yellow_tx_web_to_gcs.py
[2023-09-04T00:13:25.070+0000] {processor.py:836} INFO - DAG(s) dict_keys(['Load-Yellow-Taxi-Data-Web-To-GCS']) retrieved from /opt/airflow/dags/load_yellow_tx_web_to_gcs.py
[2023-09-04T00:13:25.113+0000] {logging_mixin.py:150} INFO - [2023-09-04T00:13:25.113+0000] {dag.py:2742} INFO - Sync 1 DAGs
[2023-09-04T00:13:25.158+0000] {logging_mixin.py:150} INFO - [2023-09-04T00:13:25.158+0000] {dag.py:3508} INFO - Setting next_dagrun for Load-Yellow-Taxi-Data-Web-To-GCS to 2023-09-02T06:00:00+00:00, run_after=2023-10-02T06:00:00+00:00
[2023-09-04T00:13:25.264+0000] {processor.py:179} INFO - Processing /opt/airflow/dags/load_yellow_tx_web_to_gcs.py took 0.341 seconds
[2023-09-04T00:13:55.461+0000] {processor.py:157} INFO - Started process (PID=959) to work on /opt/airflow/dags/load_yellow_tx_web_to_gcs.py
[2023-09-04T00:13:55.462+0000] {processor.py:826} INFO - Processing file /opt/airflow/dags/load_yellow_tx_web_to_gcs.py for tasks to queue
[2023-09-04T00:13:55.464+0000] {logging_mixin.py:150} INFO - [2023-09-04T00:13:55.463+0000] {dagbag.py:541} INFO - Filling up the DagBag from /opt/airflow/dags/load_yellow_tx_web_to_gcs.py
[2023-09-04T00:13:55.482+0000] {processor.py:836} INFO - DAG(s) dict_keys(['Load-Yellow-Taxi-Data-Web-To-GCS']) retrieved from /opt/airflow/dags/load_yellow_tx_web_to_gcs.py
[2023-09-04T00:13:55.522+0000] {logging_mixin.py:150} INFO - [2023-09-04T00:13:55.521+0000] {dag.py:2742} INFO - Sync 1 DAGs
[2023-09-04T00:13:55.559+0000] {logging_mixin.py:150} INFO - [2023-09-04T00:13:55.559+0000] {dag.py:3508} INFO - Setting next_dagrun for Load-Yellow-Taxi-Data-Web-To-GCS to 2023-09-02T06:00:00+00:00, run_after=2023-10-02T06:00:00+00:00
[2023-09-04T00:13:55.713+0000] {processor.py:179} INFO - Processing /opt/airflow/dags/load_yellow_tx_web_to_gcs.py took 0.255 seconds
[2023-09-04T00:14:25.914+0000] {processor.py:157} INFO - Started process (PID=968) to work on /opt/airflow/dags/load_yellow_tx_web_to_gcs.py
[2023-09-04T00:14:25.914+0000] {processor.py:826} INFO - Processing file /opt/airflow/dags/load_yellow_tx_web_to_gcs.py for tasks to queue
[2023-09-04T00:14:25.915+0000] {logging_mixin.py:150} INFO - [2023-09-04T00:14:25.915+0000] {dagbag.py:541} INFO - Filling up the DagBag from /opt/airflow/dags/load_yellow_tx_web_to_gcs.py
[2023-09-04T00:14:25.930+0000] {processor.py:836} INFO - DAG(s) dict_keys(['Load-Yellow-Taxi-Data-Web-To-GCS']) retrieved from /opt/airflow/dags/load_yellow_tx_web_to_gcs.py
[2023-09-04T00:14:33.610+0000] {logging_mixin.py:150} INFO - [2023-09-04T00:14:33.610+0000] {dag.py:2742} INFO - Sync 1 DAGs
[2023-09-04T00:14:35.719+0000] {logging_mixin.py:150} INFO - [2023-09-04T00:14:35.618+0000] {dag.py:3508} INFO - Setting next_dagrun for Load-Yellow-Taxi-Data-Web-To-GCS to 2023-09-02T06:00:00+00:00, run_after=2023-10-02T06:00:00+00:00
[2023-09-04T00:14:37.758+0000] {processor.py:179} INFO - Processing /opt/airflow/dags/load_yellow_tx_web_to_gcs.py took 11.848 seconds
[2023-09-04T00:15:08.127+0000] {processor.py:157} INFO - Started process (PID=977) to work on /opt/airflow/dags/load_yellow_tx_web_to_gcs.py
[2023-09-04T00:15:08.475+0000] {processor.py:826} INFO - Processing file /opt/airflow/dags/load_yellow_tx_web_to_gcs.py for tasks to queue
[2023-09-04T00:15:08.476+0000] {logging_mixin.py:150} INFO - [2023-09-04T00:15:08.475+0000] {dagbag.py:541} INFO - Filling up the DagBag from /opt/airflow/dags/load_yellow_tx_web_to_gcs.py
[2023-09-04T00:15:15.366+0000] {processor.py:836} INFO - DAG(s) dict_keys(['Load-Yellow-Taxi-Data-Web-To-GCS']) retrieved from /opt/airflow/dags/load_yellow_tx_web_to_gcs.py
[2023-09-04T00:15:16.797+0000] {logging_mixin.py:150} INFO - [2023-09-04T00:15:16.797+0000] {dag.py:2742} INFO - Sync 1 DAGs
[2023-09-04T00:15:20.387+0000] {logging_mixin.py:150} INFO - [2023-09-04T00:15:20.387+0000] {dag.py:3508} INFO - Setting next_dagrun for Load-Yellow-Taxi-Data-Web-To-GCS to 2023-09-02T06:00:00+00:00, run_after=2023-10-02T06:00:00+00:00
[2023-09-04T00:15:21.983+0000] {processor.py:179} INFO - Processing /opt/airflow/dags/load_yellow_tx_web_to_gcs.py took 13.862 seconds
[2023-09-04T00:15:52.804+0000] {processor.py:157} INFO - Started process (PID=986) to work on /opt/airflow/dags/load_yellow_tx_web_to_gcs.py
[2023-09-04T00:15:52.842+0000] {processor.py:826} INFO - Processing file /opt/airflow/dags/load_yellow_tx_web_to_gcs.py for tasks to queue
[2023-09-04T00:15:52.843+0000] {logging_mixin.py:150} INFO - [2023-09-04T00:15:52.843+0000] {dagbag.py:541} INFO - Filling up the DagBag from /opt/airflow/dags/load_yellow_tx_web_to_gcs.py
[2023-09-04T00:15:53.944+0000] {processor.py:836} INFO - DAG(s) dict_keys(['Load-Yellow-Taxi-Data-Web-To-GCS']) retrieved from /opt/airflow/dags/load_yellow_tx_web_to_gcs.py
[2023-09-04T00:15:55.722+0000] {logging_mixin.py:150} INFO - [2023-09-04T00:15:55.722+0000] {dag.py:2742} INFO - Sync 1 DAGs
[2023-09-04T00:15:56.705+0000] {logging_mixin.py:150} INFO - [2023-09-04T00:15:56.705+0000] {dag.py:3508} INFO - Setting next_dagrun for Load-Yellow-Taxi-Data-Web-To-GCS to 2023-09-02T06:00:00+00:00, run_after=2023-10-02T06:00:00+00:00
[2023-09-04T00:15:57.455+0000] {processor.py:179} INFO - Processing /opt/airflow/dags/load_yellow_tx_web_to_gcs.py took 4.655 seconds
[2023-09-04T00:16:27.668+0000] {processor.py:157} INFO - Started process (PID=1003) to work on /opt/airflow/dags/load_yellow_tx_web_to_gcs.py
[2023-09-04T00:16:27.754+0000] {processor.py:826} INFO - Processing file /opt/airflow/dags/load_yellow_tx_web_to_gcs.py for tasks to queue
[2023-09-04T00:16:27.755+0000] {logging_mixin.py:150} INFO - [2023-09-04T00:16:27.755+0000] {dagbag.py:541} INFO - Filling up the DagBag from /opt/airflow/dags/load_yellow_tx_web_to_gcs.py
[2023-09-04T00:16:27.790+0000] {processor.py:836} INFO - DAG(s) dict_keys(['Load-Yellow-Taxi-Data-Web-To-GCS']) retrieved from /opt/airflow/dags/load_yellow_tx_web_to_gcs.py
[2023-09-04T00:16:28.251+0000] {logging_mixin.py:150} INFO - [2023-09-04T00:16:28.251+0000] {dag.py:2742} INFO - Sync 1 DAGs
[2023-09-04T00:16:28.338+0000] {logging_mixin.py:150} INFO - [2023-09-04T00:16:28.337+0000] {dag.py:3508} INFO - Setting next_dagrun for Load-Yellow-Taxi-Data-Web-To-GCS to 2023-09-02T06:00:00+00:00, run_after=2023-10-02T06:00:00+00:00
[2023-09-04T00:16:28.728+0000] {processor.py:179} INFO - Processing /opt/airflow/dags/load_yellow_tx_web_to_gcs.py took 1.067 seconds
[2023-09-04T00:16:58.840+0000] {processor.py:157} INFO - Started process (PID=1009) to work on /opt/airflow/dags/load_yellow_tx_web_to_gcs.py
[2023-09-04T00:16:58.876+0000] {processor.py:826} INFO - Processing file /opt/airflow/dags/load_yellow_tx_web_to_gcs.py for tasks to queue
[2023-09-04T00:16:58.877+0000] {logging_mixin.py:150} INFO - [2023-09-04T00:16:58.877+0000] {dagbag.py:541} INFO - Filling up the DagBag from /opt/airflow/dags/load_yellow_tx_web_to_gcs.py
[2023-09-04T00:16:58.905+0000] {processor.py:836} INFO - DAG(s) dict_keys(['Load-Yellow-Taxi-Data-Web-To-GCS']) retrieved from /opt/airflow/dags/load_yellow_tx_web_to_gcs.py
[2023-09-04T00:16:59.415+0000] {logging_mixin.py:150} INFO - [2023-09-04T00:16:59.414+0000] {dag.py:2742} INFO - Sync 1 DAGs
[2023-09-04T00:16:59.653+0000] {logging_mixin.py:150} INFO - [2023-09-04T00:16:59.653+0000] {dag.py:3508} INFO - Setting next_dagrun for Load-Yellow-Taxi-Data-Web-To-GCS to 2023-09-02T06:00:00+00:00, run_after=2023-10-02T06:00:00+00:00
[2023-09-04T00:17:00.255+0000] {processor.py:179} INFO - Processing /opt/airflow/dags/load_yellow_tx_web_to_gcs.py took 1.421 seconds
[2023-09-04T00:17:31.242+0000] {processor.py:157} INFO - Started process (PID=1013) to work on /opt/airflow/dags/load_yellow_tx_web_to_gcs.py
[2023-09-04T00:17:31.289+0000] {processor.py:826} INFO - Processing file /opt/airflow/dags/load_yellow_tx_web_to_gcs.py for tasks to queue
[2023-09-04T00:17:31.290+0000] {logging_mixin.py:150} INFO - [2023-09-04T00:17:31.289+0000] {dagbag.py:541} INFO - Filling up the DagBag from /opt/airflow/dags/load_yellow_tx_web_to_gcs.py
[2023-09-04T00:17:31.309+0000] {processor.py:836} INFO - DAG(s) dict_keys(['Load-Yellow-Taxi-Data-Web-To-GCS']) retrieved from /opt/airflow/dags/load_yellow_tx_web_to_gcs.py
[2023-09-04T00:17:31.349+0000] {logging_mixin.py:150} INFO - [2023-09-04T00:17:31.349+0000] {dag.py:2742} INFO - Sync 1 DAGs
[2023-09-04T00:17:31.384+0000] {logging_mixin.py:150} INFO - [2023-09-04T00:17:31.384+0000] {dag.py:3508} INFO - Setting next_dagrun for Load-Yellow-Taxi-Data-Web-To-GCS to 2023-09-02T06:00:00+00:00, run_after=2023-10-02T06:00:00+00:00
[2023-09-04T00:17:31.660+0000] {processor.py:179} INFO - Processing /opt/airflow/dags/load_yellow_tx_web_to_gcs.py took 0.422 seconds
[2023-09-04T00:18:01.778+0000] {processor.py:157} INFO - Started process (PID=1023) to work on /opt/airflow/dags/load_yellow_tx_web_to_gcs.py
[2023-09-04T00:18:02.154+0000] {processor.py:826} INFO - Processing file /opt/airflow/dags/load_yellow_tx_web_to_gcs.py for tasks to queue
[2023-09-04T00:18:02.155+0000] {logging_mixin.py:150} INFO - [2023-09-04T00:18:02.155+0000] {dagbag.py:541} INFO - Filling up the DagBag from /opt/airflow/dags/load_yellow_tx_web_to_gcs.py
[2023-09-04T00:18:03.932+0000] {processor.py:836} INFO - DAG(s) dict_keys(['Load-Yellow-Taxi-Data-Web-To-GCS']) retrieved from /opt/airflow/dags/load_yellow_tx_web_to_gcs.py
[2023-09-04T00:18:03.970+0000] {logging_mixin.py:150} INFO - [2023-09-04T00:18:03.970+0000] {dag.py:2742} INFO - Sync 1 DAGs
[2023-09-04T00:18:04.010+0000] {logging_mixin.py:150} INFO - [2023-09-04T00:18:04.010+0000] {dag.py:3508} INFO - Setting next_dagrun for Load-Yellow-Taxi-Data-Web-To-GCS to 2023-09-02T06:00:00+00:00, run_after=2023-10-02T06:00:00+00:00
[2023-09-04T00:18:04.609+0000] {processor.py:179} INFO - Processing /opt/airflow/dags/load_yellow_tx_web_to_gcs.py took 2.837 seconds
[2023-09-04T00:18:35.039+0000] {processor.py:157} INFO - Started process (PID=1032) to work on /opt/airflow/dags/load_yellow_tx_web_to_gcs.py
[2023-09-04T00:18:35.303+0000] {processor.py:826} INFO - Processing file /opt/airflow/dags/load_yellow_tx_web_to_gcs.py for tasks to queue
[2023-09-04T00:18:35.304+0000] {logging_mixin.py:150} INFO - [2023-09-04T00:18:35.304+0000] {dagbag.py:541} INFO - Filling up the DagBag from /opt/airflow/dags/load_yellow_tx_web_to_gcs.py
[2023-09-04T00:18:35.322+0000] {processor.py:836} INFO - DAG(s) dict_keys(['Load-Yellow-Taxi-Data-Web-To-GCS']) retrieved from /opt/airflow/dags/load_yellow_tx_web_to_gcs.py
[2023-09-04T00:18:35.364+0000] {logging_mixin.py:150} INFO - [2023-09-04T00:18:35.363+0000] {dag.py:2742} INFO - Sync 1 DAGs
[2023-09-04T00:18:35.614+0000] {logging_mixin.py:150} INFO - [2023-09-04T00:18:35.613+0000] {dag.py:3508} INFO - Setting next_dagrun for Load-Yellow-Taxi-Data-Web-To-GCS to 2023-09-02T06:00:00+00:00, run_after=2023-10-02T06:00:00+00:00
[2023-09-04T00:18:36.836+0000] {processor.py:179} INFO - Processing /opt/airflow/dags/load_yellow_tx_web_to_gcs.py took 1.803 seconds
[2023-09-04T00:19:07.012+0000] {processor.py:157} INFO - Started process (PID=1041) to work on /opt/airflow/dags/load_yellow_tx_web_to_gcs.py
[2023-09-04T00:19:07.349+0000] {processor.py:826} INFO - Processing file /opt/airflow/dags/load_yellow_tx_web_to_gcs.py for tasks to queue
[2023-09-04T00:19:07.351+0000] {logging_mixin.py:150} INFO - [2023-09-04T00:19:07.350+0000] {dagbag.py:541} INFO - Filling up the DagBag from /opt/airflow/dags/load_yellow_tx_web_to_gcs.py
[2023-09-04T00:19:07.370+0000] {processor.py:836} INFO - DAG(s) dict_keys(['Load-Yellow-Taxi-Data-Web-To-GCS']) retrieved from /opt/airflow/dags/load_yellow_tx_web_to_gcs.py
[2023-09-04T00:19:07.406+0000] {logging_mixin.py:150} INFO - [2023-09-04T00:19:07.406+0000] {dag.py:2742} INFO - Sync 1 DAGs
[2023-09-04T00:19:07.446+0000] {logging_mixin.py:150} INFO - [2023-09-04T00:19:07.446+0000] {dag.py:3508} INFO - Setting next_dagrun for Load-Yellow-Taxi-Data-Web-To-GCS to 2023-09-02T06:00:00+00:00, run_after=2023-10-02T06:00:00+00:00
[2023-09-04T00:19:09.479+0000] {processor.py:179} INFO - Processing /opt/airflow/dags/load_yellow_tx_web_to_gcs.py took 2.471 seconds
