[2023-09-04T00:00:14.091+0000] {processor.py:157} INFO - Started process (PID=718) to work on /opt/airflow/dags/web_to_localDB.py
[2023-09-04T00:00:14.092+0000] {processor.py:826} INFO - Processing file /opt/airflow/dags/web_to_localDB.py for tasks to queue
[2023-09-04T00:00:14.093+0000] {logging_mixin.py:150} INFO - [2023-09-04T00:00:14.093+0000] {dagbag.py:541} INFO - Filling up the DagBag from /opt/airflow/dags/web_to_localDB.py
[2023-09-04T00:00:14.113+0000] {processor.py:836} INFO - DAG(s) dict_keys(['LoadDataWebToDB']) retrieved from /opt/airflow/dags/web_to_localDB.py
[2023-09-04T00:00:14.147+0000] {logging_mixin.py:150} INFO - [2023-09-04T00:00:14.147+0000] {dag.py:2742} INFO - Sync 1 DAGs
[2023-09-04T00:00:14.182+0000] {logging_mixin.py:150} INFO - [2023-09-04T00:00:14.182+0000] {dag.py:3508} INFO - Setting next_dagrun for LoadDataWebToDB to 2023-08-02T06:00:00+00:00, run_after=2023-09-02T06:00:00+00:00
[2023-09-04T00:00:14.233+0000] {processor.py:179} INFO - Processing /opt/airflow/dags/web_to_localDB.py took 0.147 seconds
[2023-09-04T00:00:44.453+0000] {processor.py:157} INFO - Started process (PID=727) to work on /opt/airflow/dags/web_to_localDB.py
[2023-09-04T00:00:44.454+0000] {processor.py:826} INFO - Processing file /opt/airflow/dags/web_to_localDB.py for tasks to queue
[2023-09-04T00:00:44.455+0000] {logging_mixin.py:150} INFO - [2023-09-04T00:00:44.454+0000] {dagbag.py:541} INFO - Filling up the DagBag from /opt/airflow/dags/web_to_localDB.py
[2023-09-04T00:00:44.472+0000] {processor.py:836} INFO - DAG(s) dict_keys(['LoadDataWebToDB']) retrieved from /opt/airflow/dags/web_to_localDB.py
[2023-09-04T00:00:44.508+0000] {logging_mixin.py:150} INFO - [2023-09-04T00:00:44.508+0000] {dag.py:2742} INFO - Sync 1 DAGs
[2023-09-04T00:00:44.549+0000] {logging_mixin.py:150} INFO - [2023-09-04T00:00:44.549+0000] {dag.py:3508} INFO - Setting next_dagrun for LoadDataWebToDB to 2023-08-02T06:00:00+00:00, run_after=2023-09-02T06:00:00+00:00
[2023-09-04T00:00:44.589+0000] {processor.py:179} INFO - Processing /opt/airflow/dags/web_to_localDB.py took 0.141 seconds
[2023-09-04T00:01:14.790+0000] {processor.py:157} INFO - Started process (PID=736) to work on /opt/airflow/dags/web_to_localDB.py
[2023-09-04T00:01:14.812+0000] {processor.py:826} INFO - Processing file /opt/airflow/dags/web_to_localDB.py for tasks to queue
[2023-09-04T00:01:14.814+0000] {logging_mixin.py:150} INFO - [2023-09-04T00:01:14.813+0000] {dagbag.py:541} INFO - Filling up the DagBag from /opt/airflow/dags/web_to_localDB.py
[2023-09-04T00:01:14.834+0000] {processor.py:836} INFO - DAG(s) dict_keys(['LoadDataWebToDB']) retrieved from /opt/airflow/dags/web_to_localDB.py
[2023-09-04T00:01:14.869+0000] {logging_mixin.py:150} INFO - [2023-09-04T00:01:14.868+0000] {dag.py:2742} INFO - Sync 1 DAGs
[2023-09-04T00:01:14.905+0000] {logging_mixin.py:150} INFO - [2023-09-04T00:01:14.905+0000] {dag.py:3508} INFO - Setting next_dagrun for LoadDataWebToDB to 2023-08-02T06:00:00+00:00, run_after=2023-09-02T06:00:00+00:00
[2023-09-04T00:01:14.954+0000] {processor.py:179} INFO - Processing /opt/airflow/dags/web_to_localDB.py took 0.169 seconds
[2023-09-04T00:01:45.163+0000] {processor.py:157} INFO - Started process (PID=745) to work on /opt/airflow/dags/web_to_localDB.py
[2023-09-04T00:01:45.164+0000] {processor.py:826} INFO - Processing file /opt/airflow/dags/web_to_localDB.py for tasks to queue
[2023-09-04T00:01:45.165+0000] {logging_mixin.py:150} INFO - [2023-09-04T00:01:45.164+0000] {dagbag.py:541} INFO - Filling up the DagBag from /opt/airflow/dags/web_to_localDB.py
[2023-09-04T00:01:45.186+0000] {processor.py:836} INFO - DAG(s) dict_keys(['LoadDataWebToDB']) retrieved from /opt/airflow/dags/web_to_localDB.py
[2023-09-04T00:01:45.241+0000] {logging_mixin.py:150} INFO - [2023-09-04T00:01:45.241+0000] {dag.py:2742} INFO - Sync 1 DAGs
[2023-09-04T00:01:45.340+0000] {logging_mixin.py:150} INFO - [2023-09-04T00:01:45.340+0000] {dag.py:3508} INFO - Setting next_dagrun for LoadDataWebToDB to 2023-08-02T06:00:00+00:00, run_after=2023-09-02T06:00:00+00:00
[2023-09-04T00:01:45.433+0000] {processor.py:179} INFO - Processing /opt/airflow/dags/web_to_localDB.py took 0.275 seconds
[2023-09-04T00:02:15.646+0000] {processor.py:157} INFO - Started process (PID=754) to work on /opt/airflow/dags/web_to_localDB.py
[2023-09-04T00:02:15.699+0000] {processor.py:826} INFO - Processing file /opt/airflow/dags/web_to_localDB.py for tasks to queue
[2023-09-04T00:02:15.700+0000] {logging_mixin.py:150} INFO - [2023-09-04T00:02:15.700+0000] {dagbag.py:541} INFO - Filling up the DagBag from /opt/airflow/dags/web_to_localDB.py
[2023-09-04T00:02:15.718+0000] {processor.py:836} INFO - DAG(s) dict_keys(['LoadDataWebToDB']) retrieved from /opt/airflow/dags/web_to_localDB.py
[2023-09-04T00:02:15.752+0000] {logging_mixin.py:150} INFO - [2023-09-04T00:02:15.752+0000] {dag.py:2742} INFO - Sync 1 DAGs
[2023-09-04T00:02:15.785+0000] {logging_mixin.py:150} INFO - [2023-09-04T00:02:15.785+0000] {dag.py:3508} INFO - Setting next_dagrun for LoadDataWebToDB to 2023-08-02T06:00:00+00:00, run_after=2023-09-02T06:00:00+00:00
[2023-09-04T00:02:15.862+0000] {processor.py:179} INFO - Processing /opt/airflow/dags/web_to_localDB.py took 0.220 seconds
[2023-09-04T00:02:46.097+0000] {processor.py:157} INFO - Started process (PID=763) to work on /opt/airflow/dags/web_to_localDB.py
[2023-09-04T00:02:46.098+0000] {processor.py:826} INFO - Processing file /opt/airflow/dags/web_to_localDB.py for tasks to queue
[2023-09-04T00:02:46.099+0000] {logging_mixin.py:150} INFO - [2023-09-04T00:02:46.098+0000] {dagbag.py:541} INFO - Filling up the DagBag from /opt/airflow/dags/web_to_localDB.py
[2023-09-04T00:02:46.119+0000] {processor.py:836} INFO - DAG(s) dict_keys(['LoadDataWebToDB']) retrieved from /opt/airflow/dags/web_to_localDB.py
[2023-09-04T00:02:46.158+0000] {logging_mixin.py:150} INFO - [2023-09-04T00:02:46.158+0000] {dag.py:2742} INFO - Sync 1 DAGs
[2023-09-04T00:02:46.193+0000] {logging_mixin.py:150} INFO - [2023-09-04T00:02:46.193+0000] {dag.py:3508} INFO - Setting next_dagrun for LoadDataWebToDB to 2023-08-02T06:00:00+00:00, run_after=2023-09-02T06:00:00+00:00
[2023-09-04T00:02:46.335+0000] {processor.py:179} INFO - Processing /opt/airflow/dags/web_to_localDB.py took 0.244 seconds
[2023-09-04T00:03:16.543+0000] {processor.py:157} INFO - Started process (PID=772) to work on /opt/airflow/dags/web_to_localDB.py
[2023-09-04T00:03:16.551+0000] {processor.py:826} INFO - Processing file /opt/airflow/dags/web_to_localDB.py for tasks to queue
[2023-09-04T00:03:16.552+0000] {logging_mixin.py:150} INFO - [2023-09-04T00:03:16.552+0000] {dagbag.py:541} INFO - Filling up the DagBag from /opt/airflow/dags/web_to_localDB.py
[2023-09-04T00:03:16.571+0000] {processor.py:836} INFO - DAG(s) dict_keys(['LoadDataWebToDB']) retrieved from /opt/airflow/dags/web_to_localDB.py
[2023-09-04T00:03:16.617+0000] {logging_mixin.py:150} INFO - [2023-09-04T00:03:16.617+0000] {dag.py:2742} INFO - Sync 1 DAGs
[2023-09-04T00:03:16.666+0000] {logging_mixin.py:150} INFO - [2023-09-04T00:03:16.666+0000] {dag.py:3508} INFO - Setting next_dagrun for LoadDataWebToDB to 2023-08-02T06:00:00+00:00, run_after=2023-09-02T06:00:00+00:00
[2023-09-04T00:03:16.706+0000] {processor.py:179} INFO - Processing /opt/airflow/dags/web_to_localDB.py took 0.168 seconds
[2023-09-04T00:03:46.899+0000] {processor.py:157} INFO - Started process (PID=780) to work on /opt/airflow/dags/web_to_localDB.py
[2023-09-04T00:03:46.900+0000] {processor.py:826} INFO - Processing file /opt/airflow/dags/web_to_localDB.py for tasks to queue
[2023-09-04T00:03:46.901+0000] {logging_mixin.py:150} INFO - [2023-09-04T00:03:46.901+0000] {dagbag.py:541} INFO - Filling up the DagBag from /opt/airflow/dags/web_to_localDB.py
[2023-09-04T00:03:46.919+0000] {processor.py:836} INFO - DAG(s) dict_keys(['LoadDataWebToDB']) retrieved from /opt/airflow/dags/web_to_localDB.py
[2023-09-04T00:03:46.965+0000] {logging_mixin.py:150} INFO - [2023-09-04T00:03:46.964+0000] {dag.py:2742} INFO - Sync 1 DAGs
[2023-09-04T00:03:47.008+0000] {logging_mixin.py:150} INFO - [2023-09-04T00:03:47.008+0000] {dag.py:3508} INFO - Setting next_dagrun for LoadDataWebToDB to 2023-08-02T06:00:00+00:00, run_after=2023-09-02T06:00:00+00:00
[2023-09-04T00:03:47.101+0000] {processor.py:179} INFO - Processing /opt/airflow/dags/web_to_localDB.py took 0.206 seconds
[2023-09-04T00:04:17.353+0000] {processor.py:157} INFO - Started process (PID=789) to work on /opt/airflow/dags/web_to_localDB.py
[2023-09-04T00:04:17.359+0000] {processor.py:826} INFO - Processing file /opt/airflow/dags/web_to_localDB.py for tasks to queue
[2023-09-04T00:04:17.361+0000] {logging_mixin.py:150} INFO - [2023-09-04T00:04:17.360+0000] {dagbag.py:541} INFO - Filling up the DagBag from /opt/airflow/dags/web_to_localDB.py
[2023-09-04T00:04:17.383+0000] {processor.py:836} INFO - DAG(s) dict_keys(['LoadDataWebToDB']) retrieved from /opt/airflow/dags/web_to_localDB.py
[2023-09-04T00:04:17.416+0000] {logging_mixin.py:150} INFO - [2023-09-04T00:04:17.416+0000] {dag.py:2742} INFO - Sync 1 DAGs
[2023-09-04T00:04:17.451+0000] {logging_mixin.py:150} INFO - [2023-09-04T00:04:17.450+0000] {dag.py:3508} INFO - Setting next_dagrun for LoadDataWebToDB to 2023-08-02T06:00:00+00:00, run_after=2023-09-02T06:00:00+00:00
[2023-09-04T00:04:17.486+0000] {processor.py:179} INFO - Processing /opt/airflow/dags/web_to_localDB.py took 0.137 seconds
[2023-09-04T00:04:47.697+0000] {processor.py:157} INFO - Started process (PID=798) to work on /opt/airflow/dags/web_to_localDB.py
[2023-09-04T00:04:47.698+0000] {processor.py:826} INFO - Processing file /opt/airflow/dags/web_to_localDB.py for tasks to queue
[2023-09-04T00:04:47.699+0000] {logging_mixin.py:150} INFO - [2023-09-04T00:04:47.699+0000] {dagbag.py:541} INFO - Filling up the DagBag from /opt/airflow/dags/web_to_localDB.py
[2023-09-04T00:04:47.714+0000] {processor.py:836} INFO - DAG(s) dict_keys(['LoadDataWebToDB']) retrieved from /opt/airflow/dags/web_to_localDB.py
[2023-09-04T00:04:47.761+0000] {logging_mixin.py:150} INFO - [2023-09-04T00:04:47.761+0000] {dag.py:2742} INFO - Sync 1 DAGs
[2023-09-04T00:04:47.810+0000] {logging_mixin.py:150} INFO - [2023-09-04T00:04:47.809+0000] {dag.py:3508} INFO - Setting next_dagrun for LoadDataWebToDB to 2023-08-02T06:00:00+00:00, run_after=2023-09-02T06:00:00+00:00
[2023-09-04T00:04:47.919+0000] {processor.py:179} INFO - Processing /opt/airflow/dags/web_to_localDB.py took 0.226 seconds
[2023-09-04T00:05:18.139+0000] {processor.py:157} INFO - Started process (PID=807) to work on /opt/airflow/dags/web_to_localDB.py
[2023-09-04T00:05:18.300+0000] {processor.py:826} INFO - Processing file /opt/airflow/dags/web_to_localDB.py for tasks to queue
[2023-09-04T00:05:18.337+0000] {logging_mixin.py:150} INFO - [2023-09-04T00:05:18.337+0000] {dagbag.py:541} INFO - Filling up the DagBag from /opt/airflow/dags/web_to_localDB.py
[2023-09-04T00:05:18.360+0000] {processor.py:836} INFO - DAG(s) dict_keys(['LoadDataWebToDB']) retrieved from /opt/airflow/dags/web_to_localDB.py
[2023-09-04T00:05:18.399+0000] {logging_mixin.py:150} INFO - [2023-09-04T00:05:18.398+0000] {dag.py:2742} INFO - Sync 1 DAGs
[2023-09-04T00:05:18.441+0000] {logging_mixin.py:150} INFO - [2023-09-04T00:05:18.440+0000] {dag.py:3508} INFO - Setting next_dagrun for LoadDataWebToDB to 2023-08-02T06:00:00+00:00, run_after=2023-09-02T06:00:00+00:00
[2023-09-04T00:05:18.567+0000] {processor.py:179} INFO - Processing /opt/airflow/dags/web_to_localDB.py took 0.433 seconds
[2023-09-04T00:05:48.884+0000] {processor.py:157} INFO - Started process (PID=816) to work on /opt/airflow/dags/web_to_localDB.py
[2023-09-04T00:05:48.885+0000] {processor.py:826} INFO - Processing file /opt/airflow/dags/web_to_localDB.py for tasks to queue
[2023-09-04T00:05:48.887+0000] {logging_mixin.py:150} INFO - [2023-09-04T00:05:48.887+0000] {dagbag.py:541} INFO - Filling up the DagBag from /opt/airflow/dags/web_to_localDB.py
[2023-09-04T00:05:48.923+0000] {processor.py:836} INFO - DAG(s) dict_keys(['LoadDataWebToDB']) retrieved from /opt/airflow/dags/web_to_localDB.py
[2023-09-04T00:05:48.985+0000] {logging_mixin.py:150} INFO - [2023-09-04T00:05:48.983+0000] {dag.py:2742} INFO - Sync 1 DAGs
[2023-09-04T00:05:49.056+0000] {logging_mixin.py:150} INFO - [2023-09-04T00:05:49.055+0000] {dag.py:3508} INFO - Setting next_dagrun for LoadDataWebToDB to 2023-08-02T06:00:00+00:00, run_after=2023-09-02T06:00:00+00:00
[2023-09-04T00:05:49.163+0000] {processor.py:179} INFO - Processing /opt/airflow/dags/web_to_localDB.py took 0.313 seconds
[2023-09-04T00:06:19.422+0000] {processor.py:157} INFO - Started process (PID=826) to work on /opt/airflow/dags/web_to_localDB.py
[2023-09-04T00:06:19.427+0000] {processor.py:826} INFO - Processing file /opt/airflow/dags/web_to_localDB.py for tasks to queue
[2023-09-04T00:06:19.428+0000] {logging_mixin.py:150} INFO - [2023-09-04T00:06:19.428+0000] {dagbag.py:541} INFO - Filling up the DagBag from /opt/airflow/dags/web_to_localDB.py
[2023-09-04T00:06:19.453+0000] {processor.py:836} INFO - DAG(s) dict_keys(['LoadDataWebToDB']) retrieved from /opt/airflow/dags/web_to_localDB.py
[2023-09-04T00:06:19.499+0000] {logging_mixin.py:150} INFO - [2023-09-04T00:06:19.499+0000] {dag.py:2742} INFO - Sync 1 DAGs
[2023-09-04T00:06:19.555+0000] {logging_mixin.py:150} INFO - [2023-09-04T00:06:19.555+0000] {dag.py:3508} INFO - Setting next_dagrun for LoadDataWebToDB to 2023-08-02T06:00:00+00:00, run_after=2023-09-02T06:00:00+00:00
[2023-09-04T00:06:19.615+0000] {processor.py:179} INFO - Processing /opt/airflow/dags/web_to_localDB.py took 0.198 seconds
[2023-09-04T00:06:49.847+0000] {processor.py:157} INFO - Started process (PID=835) to work on /opt/airflow/dags/web_to_localDB.py
[2023-09-04T00:06:49.847+0000] {processor.py:826} INFO - Processing file /opt/airflow/dags/web_to_localDB.py for tasks to queue
[2023-09-04T00:06:49.848+0000] {logging_mixin.py:150} INFO - [2023-09-04T00:06:49.848+0000] {dagbag.py:541} INFO - Filling up the DagBag from /opt/airflow/dags/web_to_localDB.py
[2023-09-04T00:06:49.866+0000] {processor.py:836} INFO - DAG(s) dict_keys(['LoadDataWebToDB']) retrieved from /opt/airflow/dags/web_to_localDB.py
[2023-09-04T00:06:49.912+0000] {logging_mixin.py:150} INFO - [2023-09-04T00:06:49.912+0000] {dag.py:2742} INFO - Sync 1 DAGs
[2023-09-04T00:06:49.965+0000] {logging_mixin.py:150} INFO - [2023-09-04T00:06:49.964+0000] {dag.py:3508} INFO - Setting next_dagrun for LoadDataWebToDB to 2023-08-02T06:00:00+00:00, run_after=2023-09-02T06:00:00+00:00
[2023-09-04T00:06:50.239+0000] {processor.py:179} INFO - Processing /opt/airflow/dags/web_to_localDB.py took 0.397 seconds
[2023-09-04T00:07:20.448+0000] {processor.py:157} INFO - Started process (PID=844) to work on /opt/airflow/dags/web_to_localDB.py
[2023-09-04T00:07:20.449+0000] {processor.py:826} INFO - Processing file /opt/airflow/dags/web_to_localDB.py for tasks to queue
[2023-09-04T00:07:20.450+0000] {logging_mixin.py:150} INFO - [2023-09-04T00:07:20.449+0000] {dagbag.py:541} INFO - Filling up the DagBag from /opt/airflow/dags/web_to_localDB.py
[2023-09-04T00:07:20.473+0000] {processor.py:836} INFO - DAG(s) dict_keys(['LoadDataWebToDB']) retrieved from /opt/airflow/dags/web_to_localDB.py
[2023-09-04T00:07:20.510+0000] {logging_mixin.py:150} INFO - [2023-09-04T00:07:20.509+0000] {dag.py:2742} INFO - Sync 1 DAGs
[2023-09-04T00:07:20.542+0000] {logging_mixin.py:150} INFO - [2023-09-04T00:07:20.541+0000] {dag.py:3508} INFO - Setting next_dagrun for LoadDataWebToDB to 2023-08-02T06:00:00+00:00, run_after=2023-09-02T06:00:00+00:00
[2023-09-04T00:07:20.754+0000] {processor.py:179} INFO - Processing /opt/airflow/dags/web_to_localDB.py took 0.311 seconds
[2023-09-04T00:07:50.915+0000] {processor.py:157} INFO - Started process (PID=853) to work on /opt/airflow/dags/web_to_localDB.py
[2023-09-04T00:07:50.953+0000] {processor.py:826} INFO - Processing file /opt/airflow/dags/web_to_localDB.py for tasks to queue
[2023-09-04T00:07:50.954+0000] {logging_mixin.py:150} INFO - [2023-09-04T00:07:50.954+0000] {dagbag.py:541} INFO - Filling up the DagBag from /opt/airflow/dags/web_to_localDB.py
[2023-09-04T00:07:50.969+0000] {processor.py:836} INFO - DAG(s) dict_keys(['LoadDataWebToDB']) retrieved from /opt/airflow/dags/web_to_localDB.py
[2023-09-04T00:07:51.002+0000] {logging_mixin.py:150} INFO - [2023-09-04T00:07:51.001+0000] {dag.py:2742} INFO - Sync 1 DAGs
[2023-09-04T00:07:51.034+0000] {logging_mixin.py:150} INFO - [2023-09-04T00:07:51.034+0000] {dag.py:3508} INFO - Setting next_dagrun for LoadDataWebToDB to 2023-08-02T06:00:00+00:00, run_after=2023-09-02T06:00:00+00:00
[2023-09-04T00:07:51.096+0000] {processor.py:179} INFO - Processing /opt/airflow/dags/web_to_localDB.py took 0.184 seconds
[2023-09-04T00:08:21.166+0000] {processor.py:157} INFO - Started process (PID=862) to work on /opt/airflow/dags/web_to_localDB.py
[2023-09-04T00:08:21.167+0000] {processor.py:826} INFO - Processing file /opt/airflow/dags/web_to_localDB.py for tasks to queue
[2023-09-04T00:08:21.168+0000] {logging_mixin.py:150} INFO - [2023-09-04T00:08:21.168+0000] {dagbag.py:541} INFO - Filling up the DagBag from /opt/airflow/dags/web_to_localDB.py
[2023-09-04T00:08:21.191+0000] {processor.py:836} INFO - DAG(s) dict_keys(['LoadDataWebToDB']) retrieved from /opt/airflow/dags/web_to_localDB.py
[2023-09-04T00:08:21.227+0000] {logging_mixin.py:150} INFO - [2023-09-04T00:08:21.227+0000] {dag.py:2742} INFO - Sync 1 DAGs
[2023-09-04T00:08:21.261+0000] {logging_mixin.py:150} INFO - [2023-09-04T00:08:21.261+0000] {dag.py:3508} INFO - Setting next_dagrun for LoadDataWebToDB to 2023-08-02T06:00:00+00:00, run_after=2023-09-02T06:00:00+00:00
[2023-09-04T00:08:21.315+0000] {processor.py:179} INFO - Processing /opt/airflow/dags/web_to_localDB.py took 0.152 seconds
[2023-09-04T00:08:51.572+0000] {processor.py:157} INFO - Started process (PID=871) to work on /opt/airflow/dags/web_to_localDB.py
[2023-09-04T00:08:51.603+0000] {processor.py:826} INFO - Processing file /opt/airflow/dags/web_to_localDB.py for tasks to queue
[2023-09-04T00:08:51.604+0000] {logging_mixin.py:150} INFO - [2023-09-04T00:08:51.604+0000] {dagbag.py:541} INFO - Filling up the DagBag from /opt/airflow/dags/web_to_localDB.py
[2023-09-04T00:08:51.620+0000] {processor.py:836} INFO - DAG(s) dict_keys(['LoadDataWebToDB']) retrieved from /opt/airflow/dags/web_to_localDB.py
[2023-09-04T00:08:51.656+0000] {logging_mixin.py:150} INFO - [2023-09-04T00:08:51.656+0000] {dag.py:2742} INFO - Sync 1 DAGs
[2023-09-04T00:08:51.694+0000] {logging_mixin.py:150} INFO - [2023-09-04T00:08:51.693+0000] {dag.py:3508} INFO - Setting next_dagrun for LoadDataWebToDB to 2023-08-02T06:00:00+00:00, run_after=2023-09-02T06:00:00+00:00
[2023-09-04T00:08:51.725+0000] {processor.py:179} INFO - Processing /opt/airflow/dags/web_to_localDB.py took 0.159 seconds
[2023-09-04T00:09:21.916+0000] {processor.py:157} INFO - Started process (PID=880) to work on /opt/airflow/dags/web_to_localDB.py
[2023-09-04T00:09:21.917+0000] {processor.py:826} INFO - Processing file /opt/airflow/dags/web_to_localDB.py for tasks to queue
[2023-09-04T00:09:21.918+0000] {logging_mixin.py:150} INFO - [2023-09-04T00:09:21.917+0000] {dagbag.py:541} INFO - Filling up the DagBag from /opt/airflow/dags/web_to_localDB.py
[2023-09-04T00:09:21.936+0000] {processor.py:836} INFO - DAG(s) dict_keys(['LoadDataWebToDB']) retrieved from /opt/airflow/dags/web_to_localDB.py
[2023-09-04T00:09:21.978+0000] {logging_mixin.py:150} INFO - [2023-09-04T00:09:21.978+0000] {dag.py:2742} INFO - Sync 1 DAGs
[2023-09-04T00:09:22.015+0000] {logging_mixin.py:150} INFO - [2023-09-04T00:09:22.014+0000] {dag.py:3508} INFO - Setting next_dagrun for LoadDataWebToDB to 2023-08-02T06:00:00+00:00, run_after=2023-09-02T06:00:00+00:00
[2023-09-04T00:09:22.044+0000] {processor.py:179} INFO - Processing /opt/airflow/dags/web_to_localDB.py took 0.131 seconds
[2023-09-04T00:09:52.299+0000] {processor.py:157} INFO - Started process (PID=889) to work on /opt/airflow/dags/web_to_localDB.py
[2023-09-04T00:09:52.344+0000] {processor.py:826} INFO - Processing file /opt/airflow/dags/web_to_localDB.py for tasks to queue
[2023-09-04T00:09:52.345+0000] {logging_mixin.py:150} INFO - [2023-09-04T00:09:52.344+0000] {dagbag.py:541} INFO - Filling up the DagBag from /opt/airflow/dags/web_to_localDB.py
[2023-09-04T00:09:52.361+0000] {processor.py:836} INFO - DAG(s) dict_keys(['LoadDataWebToDB']) retrieved from /opt/airflow/dags/web_to_localDB.py
[2023-09-04T00:09:52.401+0000] {logging_mixin.py:150} INFO - [2023-09-04T00:09:52.401+0000] {dag.py:2742} INFO - Sync 1 DAGs
[2023-09-04T00:09:52.444+0000] {logging_mixin.py:150} INFO - [2023-09-04T00:09:52.443+0000] {dag.py:3508} INFO - Setting next_dagrun for LoadDataWebToDB to 2023-08-02T06:00:00+00:00, run_after=2023-09-02T06:00:00+00:00
[2023-09-04T00:09:52.493+0000] {processor.py:179} INFO - Processing /opt/airflow/dags/web_to_localDB.py took 0.197 seconds
[2023-09-04T00:10:22.705+0000] {processor.py:157} INFO - Started process (PID=899) to work on /opt/airflow/dags/web_to_localDB.py
[2023-09-04T00:10:22.706+0000] {processor.py:826} INFO - Processing file /opt/airflow/dags/web_to_localDB.py for tasks to queue
[2023-09-04T00:10:22.707+0000] {logging_mixin.py:150} INFO - [2023-09-04T00:10:22.707+0000] {dagbag.py:541} INFO - Filling up the DagBag from /opt/airflow/dags/web_to_localDB.py
[2023-09-04T00:10:22.724+0000] {processor.py:836} INFO - DAG(s) dict_keys(['LoadDataWebToDB']) retrieved from /opt/airflow/dags/web_to_localDB.py
[2023-09-04T00:10:22.771+0000] {logging_mixin.py:150} INFO - [2023-09-04T00:10:22.770+0000] {dag.py:2742} INFO - Sync 1 DAGs
[2023-09-04T00:10:22.811+0000] {logging_mixin.py:150} INFO - [2023-09-04T00:10:22.811+0000] {dag.py:3508} INFO - Setting next_dagrun for LoadDataWebToDB to 2023-08-02T06:00:00+00:00, run_after=2023-09-02T06:00:00+00:00
[2023-09-04T00:10:22.843+0000] {processor.py:179} INFO - Processing /opt/airflow/dags/web_to_localDB.py took 0.144 seconds
[2023-09-04T00:10:52.906+0000] {processor.py:157} INFO - Started process (PID=907) to work on /opt/airflow/dags/web_to_localDB.py
[2023-09-04T00:10:52.933+0000] {processor.py:826} INFO - Processing file /opt/airflow/dags/web_to_localDB.py for tasks to queue
[2023-09-04T00:10:52.934+0000] {logging_mixin.py:150} INFO - [2023-09-04T00:10:52.934+0000] {dagbag.py:541} INFO - Filling up the DagBag from /opt/airflow/dags/web_to_localDB.py
[2023-09-04T00:10:52.956+0000] {processor.py:836} INFO - DAG(s) dict_keys(['LoadDataWebToDB']) retrieved from /opt/airflow/dags/web_to_localDB.py
[2023-09-04T00:10:52.993+0000] {logging_mixin.py:150} INFO - [2023-09-04T00:10:52.993+0000] {dag.py:2742} INFO - Sync 1 DAGs
[2023-09-04T00:10:53.037+0000] {logging_mixin.py:150} INFO - [2023-09-04T00:10:53.036+0000] {dag.py:3508} INFO - Setting next_dagrun for LoadDataWebToDB to 2023-08-02T06:00:00+00:00, run_after=2023-09-02T06:00:00+00:00
[2023-09-04T00:10:53.073+0000] {processor.py:179} INFO - Processing /opt/airflow/dags/web_to_localDB.py took 0.172 seconds
[2023-09-04T00:11:23.274+0000] {processor.py:157} INFO - Started process (PID=916) to work on /opt/airflow/dags/web_to_localDB.py
[2023-09-04T00:11:23.275+0000] {processor.py:826} INFO - Processing file /opt/airflow/dags/web_to_localDB.py for tasks to queue
[2023-09-04T00:11:23.275+0000] {logging_mixin.py:150} INFO - [2023-09-04T00:11:23.275+0000] {dagbag.py:541} INFO - Filling up the DagBag from /opt/airflow/dags/web_to_localDB.py
[2023-09-04T00:11:23.303+0000] {processor.py:836} INFO - DAG(s) dict_keys(['LoadDataWebToDB']) retrieved from /opt/airflow/dags/web_to_localDB.py
[2023-09-04T00:11:23.347+0000] {logging_mixin.py:150} INFO - [2023-09-04T00:11:23.346+0000] {dag.py:2742} INFO - Sync 1 DAGs
[2023-09-04T00:11:23.391+0000] {logging_mixin.py:150} INFO - [2023-09-04T00:11:23.391+0000] {dag.py:3508} INFO - Setting next_dagrun for LoadDataWebToDB to 2023-08-02T06:00:00+00:00, run_after=2023-09-02T06:00:00+00:00
[2023-09-04T00:11:23.495+0000] {processor.py:179} INFO - Processing /opt/airflow/dags/web_to_localDB.py took 0.228 seconds
[2023-09-04T00:11:53.728+0000] {processor.py:157} INFO - Started process (PID=924) to work on /opt/airflow/dags/web_to_localDB.py
[2023-09-04T00:11:53.740+0000] {processor.py:826} INFO - Processing file /opt/airflow/dags/web_to_localDB.py for tasks to queue
[2023-09-04T00:11:53.742+0000] {logging_mixin.py:150} INFO - [2023-09-04T00:11:53.741+0000] {dagbag.py:541} INFO - Filling up the DagBag from /opt/airflow/dags/web_to_localDB.py
[2023-09-04T00:11:53.759+0000] {processor.py:836} INFO - DAG(s) dict_keys(['LoadDataWebToDB']) retrieved from /opt/airflow/dags/web_to_localDB.py
[2023-09-04T00:11:53.794+0000] {logging_mixin.py:150} INFO - [2023-09-04T00:11:53.794+0000] {dag.py:2742} INFO - Sync 1 DAGs
[2023-09-04T00:11:53.829+0000] {logging_mixin.py:150} INFO - [2023-09-04T00:11:53.828+0000] {dag.py:3508} INFO - Setting next_dagrun for LoadDataWebToDB to 2023-08-02T06:00:00+00:00, run_after=2023-09-02T06:00:00+00:00
[2023-09-04T00:11:53.896+0000] {processor.py:179} INFO - Processing /opt/airflow/dags/web_to_localDB.py took 0.176 seconds
[2023-09-04T00:12:24.110+0000] {processor.py:157} INFO - Started process (PID=933) to work on /opt/airflow/dags/web_to_localDB.py
[2023-09-04T00:12:24.111+0000] {processor.py:826} INFO - Processing file /opt/airflow/dags/web_to_localDB.py for tasks to queue
[2023-09-04T00:12:24.113+0000] {logging_mixin.py:150} INFO - [2023-09-04T00:12:24.112+0000] {dagbag.py:541} INFO - Filling up the DagBag from /opt/airflow/dags/web_to_localDB.py
[2023-09-04T00:12:24.140+0000] {processor.py:836} INFO - DAG(s) dict_keys(['LoadDataWebToDB']) retrieved from /opt/airflow/dags/web_to_localDB.py
[2023-09-04T00:12:24.197+0000] {logging_mixin.py:150} INFO - [2023-09-04T00:12:24.197+0000] {dag.py:2742} INFO - Sync 1 DAGs
[2023-09-04T00:12:24.251+0000] {logging_mixin.py:150} INFO - [2023-09-04T00:12:24.251+0000] {dag.py:3508} INFO - Setting next_dagrun for LoadDataWebToDB to 2023-08-02T06:00:00+00:00, run_after=2023-09-02T06:00:00+00:00
[2023-09-04T00:12:24.348+0000] {processor.py:179} INFO - Processing /opt/airflow/dags/web_to_localDB.py took 0.242 seconds
[2023-09-04T00:12:54.532+0000] {processor.py:157} INFO - Started process (PID=942) to work on /opt/airflow/dags/web_to_localDB.py
[2023-09-04T00:12:54.565+0000] {processor.py:826} INFO - Processing file /opt/airflow/dags/web_to_localDB.py for tasks to queue
[2023-09-04T00:12:54.566+0000] {logging_mixin.py:150} INFO - [2023-09-04T00:12:54.566+0000] {dagbag.py:541} INFO - Filling up the DagBag from /opt/airflow/dags/web_to_localDB.py
[2023-09-04T00:12:54.585+0000] {processor.py:836} INFO - DAG(s) dict_keys(['LoadDataWebToDB']) retrieved from /opt/airflow/dags/web_to_localDB.py
[2023-09-04T00:12:54.629+0000] {logging_mixin.py:150} INFO - [2023-09-04T00:12:54.629+0000] {dag.py:2742} INFO - Sync 1 DAGs
[2023-09-04T00:12:54.670+0000] {logging_mixin.py:150} INFO - [2023-09-04T00:12:54.670+0000] {dag.py:3508} INFO - Setting next_dagrun for LoadDataWebToDB to 2023-08-02T06:00:00+00:00, run_after=2023-09-02T06:00:00+00:00
[2023-09-04T00:12:54.720+0000] {processor.py:179} INFO - Processing /opt/airflow/dags/web_to_localDB.py took 0.197 seconds
[2023-09-04T00:13:24.936+0000] {processor.py:157} INFO - Started process (PID=951) to work on /opt/airflow/dags/web_to_localDB.py
[2023-09-04T00:13:25.130+0000] {processor.py:826} INFO - Processing file /opt/airflow/dags/web_to_localDB.py for tasks to queue
[2023-09-04T00:13:25.131+0000] {logging_mixin.py:150} INFO - [2023-09-04T00:13:25.130+0000] {dagbag.py:541} INFO - Filling up the DagBag from /opt/airflow/dags/web_to_localDB.py
[2023-09-04T00:13:25.147+0000] {processor.py:836} INFO - DAG(s) dict_keys(['LoadDataWebToDB']) retrieved from /opt/airflow/dags/web_to_localDB.py
[2023-09-04T00:13:25.190+0000] {logging_mixin.py:150} INFO - [2023-09-04T00:13:25.190+0000] {dag.py:2742} INFO - Sync 1 DAGs
[2023-09-04T00:13:25.224+0000] {logging_mixin.py:150} INFO - [2023-09-04T00:13:25.223+0000] {dag.py:3508} INFO - Setting next_dagrun for LoadDataWebToDB to 2023-08-02T06:00:00+00:00, run_after=2023-09-02T06:00:00+00:00
[2023-09-04T00:13:25.467+0000] {processor.py:179} INFO - Processing /opt/airflow/dags/web_to_localDB.py took 0.534 seconds
[2023-09-04T00:13:55.672+0000] {processor.py:157} INFO - Started process (PID=960) to work on /opt/airflow/dags/web_to_localDB.py
[2023-09-04T00:13:55.672+0000] {processor.py:826} INFO - Processing file /opt/airflow/dags/web_to_localDB.py for tasks to queue
[2023-09-04T00:13:55.673+0000] {logging_mixin.py:150} INFO - [2023-09-04T00:13:55.673+0000] {dagbag.py:541} INFO - Filling up the DagBag from /opt/airflow/dags/web_to_localDB.py
[2023-09-04T00:13:55.690+0000] {processor.py:836} INFO - DAG(s) dict_keys(['LoadDataWebToDB']) retrieved from /opt/airflow/dags/web_to_localDB.py
[2023-09-04T00:13:55.733+0000] {logging_mixin.py:150} INFO - [2023-09-04T00:13:55.733+0000] {dag.py:2742} INFO - Sync 1 DAGs
[2023-09-04T00:13:55.768+0000] {logging_mixin.py:150} INFO - [2023-09-04T00:13:55.767+0000] {dag.py:3508} INFO - Setting next_dagrun for LoadDataWebToDB to 2023-08-02T06:00:00+00:00, run_after=2023-09-02T06:00:00+00:00
[2023-09-04T00:13:55.868+0000] {processor.py:179} INFO - Processing /opt/airflow/dags/web_to_localDB.py took 0.200 seconds
[2023-09-04T00:14:25.922+0000] {processor.py:157} INFO - Started process (PID=969) to work on /opt/airflow/dags/web_to_localDB.py
[2023-09-04T00:14:25.923+0000] {processor.py:826} INFO - Processing file /opt/airflow/dags/web_to_localDB.py for tasks to queue
[2023-09-04T00:14:25.924+0000] {logging_mixin.py:150} INFO - [2023-09-04T00:14:25.923+0000] {dagbag.py:541} INFO - Filling up the DagBag from /opt/airflow/dags/web_to_localDB.py
[2023-09-04T00:14:25.940+0000] {processor.py:836} INFO - DAG(s) dict_keys(['LoadDataWebToDB']) retrieved from /opt/airflow/dags/web_to_localDB.py
[2023-09-04T00:14:33.948+0000] {logging_mixin.py:150} INFO - [2023-09-04T00:14:33.947+0000] {dag.py:2742} INFO - Sync 1 DAGs
[2023-09-04T00:14:35.719+0000] {logging_mixin.py:150} INFO - [2023-09-04T00:14:35.618+0000] {dag.py:3508} INFO - Setting next_dagrun for LoadDataWebToDB to 2023-08-02T06:00:00+00:00, run_after=2023-09-02T06:00:00+00:00
[2023-09-04T00:14:37.760+0000] {processor.py:179} INFO - Processing /opt/airflow/dags/web_to_localDB.py took 11.841 seconds
[2023-09-04T00:15:08.127+0000] {processor.py:157} INFO - Started process (PID=978) to work on /opt/airflow/dags/web_to_localDB.py
[2023-09-04T00:15:08.487+0000] {processor.py:826} INFO - Processing file /opt/airflow/dags/web_to_localDB.py for tasks to queue
[2023-09-04T00:15:08.488+0000] {logging_mixin.py:150} INFO - [2023-09-04T00:15:08.488+0000] {dagbag.py:541} INFO - Filling up the DagBag from /opt/airflow/dags/web_to_localDB.py
[2023-09-04T00:15:15.366+0000] {processor.py:836} INFO - DAG(s) dict_keys(['LoadDataWebToDB']) retrieved from /opt/airflow/dags/web_to_localDB.py
[2023-09-04T00:15:16.797+0000] {logging_mixin.py:150} INFO - [2023-09-04T00:15:16.797+0000] {dag.py:2742} INFO - Sync 1 DAGs
[2023-09-04T00:15:20.391+0000] {logging_mixin.py:150} INFO - [2023-09-04T00:15:20.390+0000] {dag.py:3508} INFO - Setting next_dagrun for LoadDataWebToDB to 2023-08-02T06:00:00+00:00, run_after=2023-09-02T06:00:00+00:00
[2023-09-04T00:15:21.983+0000] {processor.py:179} INFO - Processing /opt/airflow/dags/web_to_localDB.py took 13.861 seconds
[2023-09-04T00:15:52.815+0000] {processor.py:157} INFO - Started process (PID=987) to work on /opt/airflow/dags/web_to_localDB.py
[2023-09-04T00:15:52.832+0000] {processor.py:826} INFO - Processing file /opt/airflow/dags/web_to_localDB.py for tasks to queue
[2023-09-04T00:15:52.833+0000] {logging_mixin.py:150} INFO - [2023-09-04T00:15:52.833+0000] {dagbag.py:541} INFO - Filling up the DagBag from /opt/airflow/dags/web_to_localDB.py
[2023-09-04T00:15:54.104+0000] {processor.py:836} INFO - DAG(s) dict_keys(['LoadDataWebToDB']) retrieved from /opt/airflow/dags/web_to_localDB.py
[2023-09-04T00:15:55.723+0000] {logging_mixin.py:150} INFO - [2023-09-04T00:15:55.723+0000] {dag.py:2742} INFO - Sync 1 DAGs
[2023-09-04T00:15:56.402+0000] {logging_mixin.py:150} INFO - [2023-09-04T00:15:56.401+0000] {dag.py:3508} INFO - Setting next_dagrun for LoadDataWebToDB to 2023-08-02T06:00:00+00:00, run_after=2023-09-02T06:00:00+00:00
[2023-09-04T00:15:57.121+0000] {processor.py:179} INFO - Processing /opt/airflow/dags/web_to_localDB.py took 4.311 seconds
[2023-09-04T00:16:27.306+0000] {processor.py:157} INFO - Started process (PID=1001) to work on /opt/airflow/dags/web_to_localDB.py
[2023-09-04T00:16:27.307+0000] {processor.py:826} INFO - Processing file /opt/airflow/dags/web_to_localDB.py for tasks to queue
[2023-09-04T00:16:27.308+0000] {logging_mixin.py:150} INFO - [2023-09-04T00:16:27.308+0000] {dagbag.py:541} INFO - Filling up the DagBag from /opt/airflow/dags/web_to_localDB.py
[2023-09-04T00:16:27.474+0000] {processor.py:836} INFO - DAG(s) dict_keys(['LoadDataWebToDB']) retrieved from /opt/airflow/dags/web_to_localDB.py
[2023-09-04T00:16:28.227+0000] {logging_mixin.py:150} INFO - [2023-09-04T00:16:28.226+0000] {dag.py:2742} INFO - Sync 1 DAGs
[2023-09-04T00:16:28.310+0000] {logging_mixin.py:150} INFO - [2023-09-04T00:16:28.309+0000] {dag.py:3508} INFO - Setting next_dagrun for LoadDataWebToDB to 2023-08-02T06:00:00+00:00, run_after=2023-09-02T06:00:00+00:00
[2023-09-04T00:16:28.610+0000] {processor.py:179} INFO - Processing /opt/airflow/dags/web_to_localDB.py took 1.308 seconds
[2023-09-04T00:16:58.853+0000] {processor.py:157} INFO - Started process (PID=1010) to work on /opt/airflow/dags/web_to_localDB.py
[2023-09-04T00:16:58.883+0000] {processor.py:826} INFO - Processing file /opt/airflow/dags/web_to_localDB.py for tasks to queue
[2023-09-04T00:16:58.884+0000] {logging_mixin.py:150} INFO - [2023-09-04T00:16:58.884+0000] {dagbag.py:541} INFO - Filling up the DagBag from /opt/airflow/dags/web_to_localDB.py
[2023-09-04T00:16:58.912+0000] {processor.py:836} INFO - DAG(s) dict_keys(['LoadDataWebToDB']) retrieved from /opt/airflow/dags/web_to_localDB.py
[2023-09-04T00:16:59.226+0000] {logging_mixin.py:150} INFO - [2023-09-04T00:16:59.226+0000] {dag.py:2742} INFO - Sync 1 DAGs
[2023-09-04T00:16:59.271+0000] {logging_mixin.py:150} INFO - [2023-09-04T00:16:59.270+0000] {dag.py:3508} INFO - Setting next_dagrun for LoadDataWebToDB to 2023-08-02T06:00:00+00:00, run_after=2023-09-02T06:00:00+00:00
[2023-09-04T00:17:00.003+0000] {processor.py:179} INFO - Processing /opt/airflow/dags/web_to_localDB.py took 1.156 seconds
[2023-09-04T00:17:30.208+0000] {processor.py:157} INFO - Started process (PID=1012) to work on /opt/airflow/dags/web_to_localDB.py
[2023-09-04T00:17:30.251+0000] {processor.py:826} INFO - Processing file /opt/airflow/dags/web_to_localDB.py for tasks to queue
[2023-09-04T00:17:30.252+0000] {logging_mixin.py:150} INFO - [2023-09-04T00:17:30.251+0000] {dagbag.py:541} INFO - Filling up the DagBag from /opt/airflow/dags/web_to_localDB.py
[2023-09-04T00:17:30.271+0000] {processor.py:836} INFO - DAG(s) dict_keys(['LoadDataWebToDB']) retrieved from /opt/airflow/dags/web_to_localDB.py
[2023-09-04T00:17:30.320+0000] {logging_mixin.py:150} INFO - [2023-09-04T00:17:30.319+0000] {dag.py:2742} INFO - Sync 1 DAGs
[2023-09-04T00:17:30.395+0000] {logging_mixin.py:150} INFO - [2023-09-04T00:17:30.395+0000] {dag.py:3508} INFO - Setting next_dagrun for LoadDataWebToDB to 2023-08-02T06:00:00+00:00, run_after=2023-09-02T06:00:00+00:00
[2023-09-04T00:17:30.526+0000] {processor.py:179} INFO - Processing /opt/airflow/dags/web_to_localDB.py took 0.321 seconds
[2023-09-04T00:18:00.759+0000] {processor.py:157} INFO - Started process (PID=1022) to work on /opt/airflow/dags/web_to_localDB.py
[2023-09-04T00:18:00.849+0000] {processor.py:826} INFO - Processing file /opt/airflow/dags/web_to_localDB.py for tasks to queue
[2023-09-04T00:18:00.851+0000] {logging_mixin.py:150} INFO - [2023-09-04T00:18:00.850+0000] {dagbag.py:541} INFO - Filling up the DagBag from /opt/airflow/dags/web_to_localDB.py
[2023-09-04T00:18:00.879+0000] {processor.py:836} INFO - DAG(s) dict_keys(['LoadDataWebToDB']) retrieved from /opt/airflow/dags/web_to_localDB.py
[2023-09-04T00:18:02.017+0000] {logging_mixin.py:150} INFO - [2023-09-04T00:18:02.017+0000] {dag.py:2742} INFO - Sync 1 DAGs
[2023-09-04T00:18:02.749+0000] {logging_mixin.py:150} INFO - [2023-09-04T00:18:02.749+0000] {dag.py:3508} INFO - Setting next_dagrun for LoadDataWebToDB to 2023-08-02T06:00:00+00:00, run_after=2023-09-02T06:00:00+00:00
[2023-09-04T00:18:03.287+0000] {processor.py:179} INFO - Processing /opt/airflow/dags/web_to_localDB.py took 2.532 seconds
[2023-09-04T00:18:33.783+0000] {processor.py:157} INFO - Started process (PID=1031) to work on /opt/airflow/dags/web_to_localDB.py
[2023-09-04T00:18:33.944+0000] {processor.py:826} INFO - Processing file /opt/airflow/dags/web_to_localDB.py for tasks to queue
[2023-09-04T00:18:33.945+0000] {logging_mixin.py:150} INFO - [2023-09-04T00:18:33.944+0000] {dagbag.py:541} INFO - Filling up the DagBag from /opt/airflow/dags/web_to_localDB.py
[2023-09-04T00:18:34.264+0000] {processor.py:836} INFO - DAG(s) dict_keys(['LoadDataWebToDB']) retrieved from /opt/airflow/dags/web_to_localDB.py
[2023-09-04T00:18:35.283+0000] {logging_mixin.py:150} INFO - [2023-09-04T00:18:35.283+0000] {dag.py:2742} INFO - Sync 1 DAGs
[2023-09-04T00:18:35.330+0000] {logging_mixin.py:150} INFO - [2023-09-04T00:18:35.329+0000] {dag.py:3508} INFO - Setting next_dagrun for LoadDataWebToDB to 2023-08-02T06:00:00+00:00, run_after=2023-09-02T06:00:00+00:00
[2023-09-04T00:18:36.516+0000] {processor.py:179} INFO - Processing /opt/airflow/dags/web_to_localDB.py took 2.744 seconds
[2023-09-04T00:19:06.699+0000] {processor.py:157} INFO - Started process (PID=1040) to work on /opt/airflow/dags/web_to_localDB.py
[2023-09-04T00:19:07.285+0000] {processor.py:826} INFO - Processing file /opt/airflow/dags/web_to_localDB.py for tasks to queue
[2023-09-04T00:19:07.287+0000] {logging_mixin.py:150} INFO - [2023-09-04T00:19:07.286+0000] {dagbag.py:541} INFO - Filling up the DagBag from /opt/airflow/dags/web_to_localDB.py
[2023-09-04T00:19:07.303+0000] {processor.py:836} INFO - DAG(s) dict_keys(['LoadDataWebToDB']) retrieved from /opt/airflow/dags/web_to_localDB.py
[2023-09-04T00:19:07.715+0000] {logging_mixin.py:150} INFO - [2023-09-04T00:19:07.715+0000] {dag.py:2742} INFO - Sync 1 DAGs
[2023-09-04T00:19:07.751+0000] {logging_mixin.py:150} INFO - [2023-09-04T00:19:07.751+0000] {dag.py:3508} INFO - Setting next_dagrun for LoadDataWebToDB to 2023-08-02T06:00:00+00:00, run_after=2023-09-02T06:00:00+00:00
[2023-09-04T00:19:09.479+0000] {processor.py:179} INFO - Processing /opt/airflow/dags/web_to_localDB.py took 2.784 seconds
