[2023-10-02T18:47:21.311+0000] {taskinstance.py:1103} INFO - Dependencies all met for dep_context=non-requeueable deps ti=<TaskInstance: Load-Green-Taxi-Data-Web-To-GCS-To-Postgres.extract_from_web_to_gcs scheduled__2019-09-02T06:00:00+00:00 [queued]>
[2023-10-02T18:47:21.328+0000] {taskinstance.py:1103} INFO - Dependencies all met for dep_context=requeueable deps ti=<TaskInstance: Load-Green-Taxi-Data-Web-To-GCS-To-Postgres.extract_from_web_to_gcs scheduled__2019-09-02T06:00:00+00:00 [queued]>
[2023-10-02T18:47:21.328+0000] {taskinstance.py:1308} INFO - Starting attempt 2 of 3
[2023-10-02T18:47:22.733+0000] {taskinstance.py:1327} INFO - Executing <Task(WebToGCSHKOperator): extract_from_web_to_gcs> on 2019-09-02 06:00:00+00:00
[2023-10-02T18:47:22.784+0000] {standard_task_runner.py:57} INFO - Started process 9395 to run task
[2023-10-02T18:47:22.789+0000] {standard_task_runner.py:84} INFO - Running: ['***', 'tasks', 'run', 'Load-Green-Taxi-Data-Web-To-GCS-To-Postgres', 'extract_from_web_to_gcs', 'scheduled__2019-09-02T06:00:00+00:00', '--job-id', '1027', '--raw', '--subdir', 'DAGS_FOLDER/web_gcs_pg.py', '--cfg-path', '/tmp/tmpmah_ljb0']
[2023-10-02T18:47:22.791+0000] {standard_task_runner.py:85} INFO - Job 1027: Subtask extract_from_web_to_gcs
[2023-10-02T18:47:24.491+0000] {task_command.py:410} INFO - Running <TaskInstance: Load-Green-Taxi-Data-Web-To-GCS-To-Postgres.extract_from_web_to_gcs scheduled__2019-09-02T06:00:00+00:00 [running]> on host 537710aea1a2
[2023-10-02T18:47:25.285+0000] {taskinstance.py:1547} INFO - Exporting env vars: AIRFLOW_CTX_DAG_EMAIL='' AIRFLOW_CTX_DAG_OWNER='***' AIRFLOW_CTX_DAG_ID='Load-Green-Taxi-Data-Web-To-GCS-To-Postgres' AIRFLOW_CTX_TASK_ID='extract_from_web_to_gcs' AIRFLOW_CTX_EXECUTION_DATE='2019-09-02T06:00:00+00:00' AIRFLOW_CTX_TRY_NUMBER='2' AIRFLOW_CTX_DAG_RUN_ID='scheduled__2019-09-02T06:00:00+00:00'
[2023-10-02T18:47:25.286+0000] {crypto.py:83} WARNING - empty cryptography key - values will not be stored encrypted.
[2023-10-02T18:47:25.287+0000] {base.py:73} INFO - Using connection ID 'google_cloud_default' for task execution.
[2023-10-02T18:47:25.287+0000] {Web_To_GCS_Hook.py:67} INFO - Execute downloading of file from https://github.com/DataTalksClub/nyc-tlc-data/releases/download/green/green_tripdata_2019-09.csv.gz to gs://practice18//green_tripdata_2019-09.csv.gz
[2023-10-02T18:47:29.798+0000] {Web_To_GCS_Hook.py:79} INFO - File written to temporary directory: /tmp/tmpm3hn2cnq/green_tripdata_2019-09.csv.gz
[2023-10-02T18:47:32.467+0000] {warnings.py:110} WARNING - /opt/***/plugins/web/operators/Web_To_GCS_Hook.py:58: DtypeWarning: Columns (3) have mixed types.Specify dtype option on import or set low_memory=False.
  self._copy_file_object(gcs_hook)

[2023-10-02T18:47:36.407+0000] {logging_mixin.py:150} INFO -    VendorID lpep_pickup_datetime  ... trip_type congestion_surcharge
0       2.0  2019-09-01 00:10:53  ...       1.0                  0.0
1       2.0  2019-09-01 00:31:22  ...       1.0                  0.0
2       2.0  2019-09-01 00:50:24  ...       1.0                  0.0
3       2.0  2019-09-01 00:27:06  ...       1.0                  0.0
4       2.0  2019-09-01 00:43:23  ...       1.0                  0.0

[5 rows x 20 columns]
[2023-10-02T18:47:36.407+0000] {logging_mixin.py:150} INFO - (449063, 20)
[2023-10-02T18:47:42.896+0000] {Web_To_GCS_Hook.py:90} INFO - Parquet: green_tripdata_2019-09.csv
[2023-10-02T18:48:38.820+0000] {gcs.py:538} INFO - File /tmp/tmpm3hn2cnq/green_tripdata_2019-09.csv uploaded to green/green_tripdata_2019-09.csv in practice18 bucket
[2023-10-02T18:48:38.820+0000] {Web_To_GCS_Hook.py:105} INFO - Loaded file from https://github.com/DataTalksClub/nyc-tlc-data/releases/download/green/green_tripdata_2019-09.csv.gz to gs://practice18//green/green_tripdata_2019-09.csv
[2023-10-02T18:48:38.884+0000] {taskinstance.py:1350} INFO - Marking task as SUCCESS. dag_id=Load-Green-Taxi-Data-Web-To-GCS-To-Postgres, task_id=extract_from_web_to_gcs, execution_date=20190902T060000, start_date=20231002T184721, end_date=20231002T184838
[2023-10-02T18:48:39.483+0000] {local_task_job_runner.py:225} INFO - Task exited with return code 0
[2023-10-02T18:48:39.517+0000] {taskinstance.py:2653} INFO - 1 downstream tasks scheduled from follow-on schedule check
