[2023-10-02T00:09:30.499+0000] {taskinstance.py:1103} INFO - Dependencies all met for dep_context=non-requeueable deps ti=<TaskInstance: Load-Green-Taxi-Data-Web-To-GCS-To-Postgres.download_file_from_gcs scheduled__2019-04-02T06:00:00+00:00 [queued]>
[2023-10-02T00:09:30.515+0000] {taskinstance.py:1103} INFO - Dependencies all met for dep_context=requeueable deps ti=<TaskInstance: Load-Green-Taxi-Data-Web-To-GCS-To-Postgres.download_file_from_gcs scheduled__2019-04-02T06:00:00+00:00 [queued]>
[2023-10-02T00:09:30.516+0000] {taskinstance.py:1308} INFO - Starting attempt 1 of 3
[2023-10-02T00:09:30.591+0000] {taskinstance.py:1327} INFO - Executing <Task(GCSToLocalFilesystemOperator): download_file_from_gcs> on 2019-04-02 06:00:00+00:00
[2023-10-02T00:09:30.600+0000] {standard_task_runner.py:57} INFO - Started process 401 to run task
[2023-10-02T00:09:30.603+0000] {standard_task_runner.py:84} INFO - Running: ['***', 'tasks', 'run', 'Load-Green-Taxi-Data-Web-To-GCS-To-Postgres', 'download_file_from_gcs', 'scheduled__2019-04-02T06:00:00+00:00', '--job-id', '657', '--raw', '--subdir', 'DAGS_FOLDER/web_gcs_pg.py', '--cfg-path', '/tmp/tmpbtbw6zdd']
[2023-10-02T00:09:30.606+0000] {standard_task_runner.py:85} INFO - Job 657: Subtask download_file_from_gcs
[2023-10-02T00:09:30.731+0000] {task_command.py:410} INFO - Running <TaskInstance: Load-Green-Taxi-Data-Web-To-GCS-To-Postgres.download_file_from_gcs scheduled__2019-04-02T06:00:00+00:00 [running]> on host 537710aea1a2
[2023-10-02T00:09:30.896+0000] {taskinstance.py:1547} INFO - Exporting env vars: AIRFLOW_CTX_DAG_EMAIL='' AIRFLOW_CTX_DAG_OWNER='***' AIRFLOW_CTX_DAG_ID='Load-Green-Taxi-Data-Web-To-GCS-To-Postgres' AIRFLOW_CTX_TASK_ID='download_file_from_gcs' AIRFLOW_CTX_EXECUTION_DATE='2019-04-02T06:00:00+00:00' AIRFLOW_CTX_TRY_NUMBER='1' AIRFLOW_CTX_DAG_RUN_ID='scheduled__2019-04-02T06:00:00+00:00'
[2023-10-02T00:09:30.897+0000] {gcs_to_local.py:111} INFO - Executing download: practice18, green/green_tripdata_2019-04.csv, /opt/***/green_tripdata_2019-04.csv
[2023-10-02T00:09:30.898+0000] {crypto.py:83} WARNING - empty cryptography key - values will not be stored encrypted.
[2023-10-02T00:09:30.898+0000] {base.py:73} INFO - Using connection ID 'google_cloud_default' for task execution.
[2023-10-02T00:09:57.112+0000] {gcs.py:341} INFO - File downloaded to /opt/***/green_tripdata_2019-04.csv
[2023-10-02T00:09:57.126+0000] {taskinstance.py:1350} INFO - Marking task as SUCCESS. dag_id=Load-Green-Taxi-Data-Web-To-GCS-To-Postgres, task_id=download_file_from_gcs, execution_date=20190402T060000, start_date=20231002T000930, end_date=20231002T000957
[2023-10-02T00:09:57.167+0000] {local_task_job_runner.py:225} INFO - Task exited with return code 0
[2023-10-02T00:09:57.202+0000] {taskinstance.py:2653} INFO - 1 downstream tasks scheduled from follow-on schedule check
[2023-10-02T18:19:19.807+0000] {taskinstance.py:1103} INFO - Dependencies all met for dep_context=non-requeueable deps ti=<TaskInstance: Load-Green-Taxi-Data-Web-To-GCS-To-Postgres.download_file_from_gcs scheduled__2019-04-02T06:00:00+00:00 [queued]>
[2023-10-02T18:19:20.640+0000] {taskinstance.py:1103} INFO - Dependencies all met for dep_context=requeueable deps ti=<TaskInstance: Load-Green-Taxi-Data-Web-To-GCS-To-Postgres.download_file_from_gcs scheduled__2019-04-02T06:00:00+00:00 [queued]>
[2023-10-02T18:19:20.641+0000] {taskinstance.py:1308} INFO - Starting attempt 1 of 3
[2023-10-02T18:19:20.734+0000] {taskinstance.py:1327} INFO - Executing <Task(GCSToLocalFilesystemOperator): download_file_from_gcs> on 2019-04-02 06:00:00+00:00
[2023-10-02T18:19:20.742+0000] {standard_task_runner.py:57} INFO - Started process 8944 to run task
[2023-10-02T18:19:20.746+0000] {standard_task_runner.py:84} INFO - Running: ['***', 'tasks', 'run', 'Load-Green-Taxi-Data-Web-To-GCS-To-Postgres', 'download_file_from_gcs', 'scheduled__2019-04-02T06:00:00+00:00', '--job-id', '1009', '--raw', '--subdir', 'DAGS_FOLDER/web_gcs_pg.py', '--cfg-path', '/tmp/tmplzxrrnu6']
[2023-10-02T18:19:20.750+0000] {standard_task_runner.py:85} INFO - Job 1009: Subtask download_file_from_gcs
[2023-10-02T18:19:20.830+0000] {task_command.py:410} INFO - Running <TaskInstance: Load-Green-Taxi-Data-Web-To-GCS-To-Postgres.download_file_from_gcs scheduled__2019-04-02T06:00:00+00:00 [running]> on host 537710aea1a2
[2023-10-02T18:19:21.145+0000] {taskinstance.py:1547} INFO - Exporting env vars: AIRFLOW_CTX_DAG_EMAIL='' AIRFLOW_CTX_DAG_OWNER='***' AIRFLOW_CTX_DAG_ID='Load-Green-Taxi-Data-Web-To-GCS-To-Postgres' AIRFLOW_CTX_TASK_ID='download_file_from_gcs' AIRFLOW_CTX_EXECUTION_DATE='2019-04-02T06:00:00+00:00' AIRFLOW_CTX_TRY_NUMBER='1' AIRFLOW_CTX_DAG_RUN_ID='scheduled__2019-04-02T06:00:00+00:00'
[2023-10-02T18:19:21.146+0000] {gcs_to_local.py:111} INFO - Executing download: practice18, green/green_tripdata_2019-04.csv, /opt/***/green_tripdata_2019-04.csv
[2023-10-02T18:19:21.147+0000] {crypto.py:83} WARNING - empty cryptography key - values will not be stored encrypted.
[2023-10-02T18:19:21.148+0000] {base.py:73} INFO - Using connection ID 'google_cloud_default' for task execution.
[2023-10-02T18:20:51.347+0000] {gcs.py:341} INFO - File downloaded to /opt/***/green_tripdata_2019-04.csv
[2023-10-02T18:20:51.358+0000] {taskinstance.py:1350} INFO - Marking task as SUCCESS. dag_id=Load-Green-Taxi-Data-Web-To-GCS-To-Postgres, task_id=download_file_from_gcs, execution_date=20190402T060000, start_date=20231002T181920, end_date=20231002T182051
[2023-10-02T18:20:51.410+0000] {local_task_job_runner.py:225} INFO - Task exited with return code 0
[2023-10-02T18:20:51.507+0000] {taskinstance.py:2653} INFO - 1 downstream tasks scheduled from follow-on schedule check
