[2023-10-02T00:11:03.099+0000] {taskinstance.py:1103} INFO - Dependencies all met for dep_context=non-requeueable deps ti=<TaskInstance: Load-Green-Taxi-Data-Web-To-GCS-To-Postgres.load_to_postgres scheduled__2019-04-02T06:00:00+00:00 [queued]>
[2023-10-02T00:11:03.111+0000] {taskinstance.py:1103} INFO - Dependencies all met for dep_context=requeueable deps ti=<TaskInstance: Load-Green-Taxi-Data-Web-To-GCS-To-Postgres.load_to_postgres scheduled__2019-04-02T06:00:00+00:00 [queued]>
[2023-10-02T00:11:03.111+0000] {taskinstance.py:1308} INFO - Starting attempt 2 of 3
[2023-10-02T00:11:03.137+0000] {taskinstance.py:1327} INFO - Executing <Task(PostgresOperator): load_to_postgres> on 2019-04-02 06:00:00+00:00
[2023-10-02T00:11:03.145+0000] {standard_task_runner.py:57} INFO - Started process 434 to run task
[2023-10-02T00:11:03.149+0000] {standard_task_runner.py:84} INFO - Running: ['***', 'tasks', 'run', 'Load-Green-Taxi-Data-Web-To-GCS-To-Postgres', 'load_to_postgres', 'scheduled__2019-04-02T06:00:00+00:00', '--job-id', '659', '--raw', '--subdir', 'DAGS_FOLDER/web_gcs_pg.py', '--cfg-path', '/tmp/tmpndmulbrg']
[2023-10-02T00:11:03.151+0000] {standard_task_runner.py:85} INFO - Job 659: Subtask load_to_postgres
[2023-10-02T00:11:03.222+0000] {task_command.py:410} INFO - Running <TaskInstance: Load-Green-Taxi-Data-Web-To-GCS-To-Postgres.load_to_postgres scheduled__2019-04-02T06:00:00+00:00 [running]> on host 537710aea1a2
[2023-10-02T00:11:03.396+0000] {taskinstance.py:1547} INFO - Exporting env vars: AIRFLOW_CTX_DAG_EMAIL='' AIRFLOW_CTX_DAG_OWNER='***' AIRFLOW_CTX_DAG_ID='Load-Green-Taxi-Data-Web-To-GCS-To-Postgres' AIRFLOW_CTX_TASK_ID='load_to_postgres' AIRFLOW_CTX_EXECUTION_DATE='2019-04-02T06:00:00+00:00' AIRFLOW_CTX_TRY_NUMBER='2' AIRFLOW_CTX_DAG_RUN_ID='scheduled__2019-04-02T06:00:00+00:00'
[2023-10-02T00:11:03.397+0000] {sql.py:265} INFO - Executing: COPY green FROM '/opt/***/green_tripdata_2019-04.csv' CSV HEADER
[2023-10-02T00:11:03.409+0000] {base.py:73} INFO - Using connection ID 'my_postgres_conn' for task execution.
[2023-10-02T00:11:03.511+0000] {base.py:73} INFO - Using connection ID 'my_postgres_conn' for task execution.
[2023-10-02T00:11:03.515+0000] {sql.py:375} INFO - Running statement: COPY green FROM '/opt/***/green_tripdata_2019-04.csv' CSV HEADER, parameters: None
[2023-10-02T00:11:03.517+0000] {taskinstance.py:1824} ERROR - Task failed with exception
Traceback (most recent call last):
  File "/home/airflow/.local/lib/python3.7/site-packages/airflow/providers/common/sql/operators/sql.py", line 277, in execute
    **extra_kwargs,
  File "/home/airflow/.local/lib/python3.7/site-packages/airflow/providers/common/sql/hooks/sql.py", line 349, in run
    self._run_command(cur, sql_statement, parameters)
  File "/home/airflow/.local/lib/python3.7/site-packages/airflow/providers/common/sql/hooks/sql.py", line 380, in _run_command
    cur.execute(sql_statement)
psycopg2.errors.UndefinedTable: relation "green" does not exist

[2023-10-02T00:11:03.526+0000] {taskinstance.py:1350} INFO - Marking task as UP_FOR_RETRY. dag_id=Load-Green-Taxi-Data-Web-To-GCS-To-Postgres, task_id=load_to_postgres, execution_date=20190402T060000, start_date=20231002T001103, end_date=20231002T001103
[2023-10-02T00:11:03.595+0000] {standard_task_runner.py:109} ERROR - Failed to execute job 659 for task load_to_postgres (relation "green" does not exist
; 434)
[2023-10-02T00:11:03.641+0000] {local_task_job_runner.py:225} INFO - Task exited with return code 1
[2023-10-02T00:11:03.671+0000] {taskinstance.py:2653} INFO - 0 downstream tasks scheduled from follow-on schedule check
