[2023-10-02T02:15:58.610+0000] {taskinstance.py:1103} INFO - Dependencies all met for dep_context=non-requeueable deps ti=<TaskInstance: Load-Green-Taxi-Data-Web-To-GCS-To-Postgres.download_file_from_gcs scheduled__2019-12-02T06:00:00+00:00 [queued]>
[2023-10-02T02:15:58.668+0000] {taskinstance.py:1103} INFO - Dependencies all met for dep_context=requeueable deps ti=<TaskInstance: Load-Green-Taxi-Data-Web-To-GCS-To-Postgres.download_file_from_gcs scheduled__2019-12-02T06:00:00+00:00 [queued]>
[2023-10-02T02:15:58.669+0000] {taskinstance.py:1308} INFO - Starting attempt 1 of 3
[2023-10-02T02:15:58.708+0000] {taskinstance.py:1327} INFO - Executing <Task(GCSToLocalFilesystemOperator): download_file_from_gcs> on 2019-12-02 06:00:00+00:00
[2023-10-02T02:15:58.717+0000] {standard_task_runner.py:57} INFO - Started process 2666 to run task
[2023-10-02T02:15:58.721+0000] {standard_task_runner.py:84} INFO - Running: ['***', 'tasks', 'run', 'Load-Green-Taxi-Data-Web-To-GCS-To-Postgres', 'download_file_from_gcs', 'scheduled__2019-12-02T06:00:00+00:00', '--job-id', '694', '--raw', '--subdir', 'DAGS_FOLDER/web_gcs_pg.py', '--cfg-path', '/tmp/tmpp8atoz15']
[2023-10-02T02:15:58.724+0000] {standard_task_runner.py:85} INFO - Job 694: Subtask download_file_from_gcs
[2023-10-02T02:15:58.791+0000] {task_command.py:410} INFO - Running <TaskInstance: Load-Green-Taxi-Data-Web-To-GCS-To-Postgres.download_file_from_gcs scheduled__2019-12-02T06:00:00+00:00 [running]> on host 537710aea1a2
[2023-10-02T02:15:58.976+0000] {taskinstance.py:1547} INFO - Exporting env vars: AIRFLOW_CTX_DAG_EMAIL='' AIRFLOW_CTX_DAG_OWNER='***' AIRFLOW_CTX_DAG_ID='Load-Green-Taxi-Data-Web-To-GCS-To-Postgres' AIRFLOW_CTX_TASK_ID='download_file_from_gcs' AIRFLOW_CTX_EXECUTION_DATE='2019-12-02T06:00:00+00:00' AIRFLOW_CTX_TRY_NUMBER='1' AIRFLOW_CTX_DAG_RUN_ID='scheduled__2019-12-02T06:00:00+00:00'
[2023-10-02T02:15:58.977+0000] {gcs_to_local.py:111} INFO - Executing download: practice18, green/green_tripdata_2019-12.csv, /opt/***/green_tripdata_2019-12.csv
[2023-10-02T02:15:58.978+0000] {crypto.py:83} WARNING - empty cryptography key - values will not be stored encrypted.
[2023-10-02T02:15:58.979+0000] {base.py:73} INFO - Using connection ID 'google_cloud_default' for task execution.
[2023-10-02T02:16:42.540+0000] {gcs.py:341} INFO - File downloaded to /opt/***/green_tripdata_2019-12.csv
[2023-10-02T02:16:42.550+0000] {taskinstance.py:1350} INFO - Marking task as SUCCESS. dag_id=Load-Green-Taxi-Data-Web-To-GCS-To-Postgres, task_id=download_file_from_gcs, execution_date=20191202T060000, start_date=20231002T021558, end_date=20231002T021642
[2023-10-02T02:16:42.620+0000] {local_task_job_runner.py:225} INFO - Task exited with return code 0
[2023-10-02T02:16:42.653+0000] {taskinstance.py:2653} INFO - 1 downstream tasks scheduled from follow-on schedule check
[2023-10-02T19:02:42.640+0000] {taskinstance.py:1103} INFO - Dependencies all met for dep_context=non-requeueable deps ti=<TaskInstance: Load-Green-Taxi-Data-Web-To-GCS-To-Postgres.download_file_from_gcs scheduled__2019-12-02T06:00:00+00:00 [queued]>
[2023-10-02T19:02:42.667+0000] {taskinstance.py:1103} INFO - Dependencies all met for dep_context=requeueable deps ti=<TaskInstance: Load-Green-Taxi-Data-Web-To-GCS-To-Postgres.download_file_from_gcs scheduled__2019-12-02T06:00:00+00:00 [queued]>
[2023-10-02T19:02:42.667+0000] {taskinstance.py:1308} INFO - Starting attempt 1 of 3
[2023-10-02T19:02:42.696+0000] {taskinstance.py:1327} INFO - Executing <Task(GCSToLocalFilesystemOperator): download_file_from_gcs> on 2019-12-02 06:00:00+00:00
[2023-10-02T19:02:42.707+0000] {standard_task_runner.py:57} INFO - Started process 9652 to run task
[2023-10-02T19:02:42.711+0000] {standard_task_runner.py:84} INFO - Running: ['***', 'tasks', 'run', 'Load-Green-Taxi-Data-Web-To-GCS-To-Postgres', 'download_file_from_gcs', 'scheduled__2019-12-02T06:00:00+00:00', '--job-id', '1035', '--raw', '--subdir', 'DAGS_FOLDER/web_gcs_pg.py', '--cfg-path', '/tmp/tmpoqchn5ap']
[2023-10-02T19:02:42.714+0000] {standard_task_runner.py:85} INFO - Job 1035: Subtask download_file_from_gcs
[2023-10-02T19:02:42.783+0000] {task_command.py:410} INFO - Running <TaskInstance: Load-Green-Taxi-Data-Web-To-GCS-To-Postgres.download_file_from_gcs scheduled__2019-12-02T06:00:00+00:00 [running]> on host 537710aea1a2
[2023-10-02T19:02:42.963+0000] {taskinstance.py:1547} INFO - Exporting env vars: AIRFLOW_CTX_DAG_EMAIL='' AIRFLOW_CTX_DAG_OWNER='***' AIRFLOW_CTX_DAG_ID='Load-Green-Taxi-Data-Web-To-GCS-To-Postgres' AIRFLOW_CTX_TASK_ID='download_file_from_gcs' AIRFLOW_CTX_EXECUTION_DATE='2019-12-02T06:00:00+00:00' AIRFLOW_CTX_TRY_NUMBER='1' AIRFLOW_CTX_DAG_RUN_ID='scheduled__2019-12-02T06:00:00+00:00'
[2023-10-02T19:02:42.964+0000] {gcs_to_local.py:111} INFO - Executing download: practice18, green/green_tripdata_2019-12.csv, /opt/***/green_tripdata_2019-12.csv
[2023-10-02T19:02:42.965+0000] {crypto.py:83} WARNING - empty cryptography key - values will not be stored encrypted.
[2023-10-02T19:02:42.965+0000] {base.py:73} INFO - Using connection ID 'google_cloud_default' for task execution.
[2023-10-02T19:06:40.333+0000] {gcs.py:341} INFO - File downloaded to /opt/***/green_tripdata_2019-12.csv
[2023-10-02T19:06:40.343+0000] {taskinstance.py:1350} INFO - Marking task as SUCCESS. dag_id=Load-Green-Taxi-Data-Web-To-GCS-To-Postgres, task_id=download_file_from_gcs, execution_date=20191202T060000, start_date=20231002T190242, end_date=20231002T190640
[2023-10-02T19:06:40.383+0000] {local_task_job_runner.py:225} INFO - Task exited with return code 0
[2023-10-02T19:06:40.411+0000] {taskinstance.py:2653} INFO - 1 downstream tasks scheduled from follow-on schedule check
