[2023-08-24T23:28:38.329+0000] {processor.py:157} INFO - Started process (PID=44) to work on /opt/airflow/dags/web_to_localDB.py
[2023-08-24T23:28:38.330+0000] {processor.py:826} INFO - Processing file /opt/airflow/dags/web_to_localDB.py for tasks to queue
[2023-08-24T23:28:38.331+0000] {logging_mixin.py:150} INFO - [2023-08-24T23:28:38.330+0000] {dagbag.py:541} INFO - Filling up the DagBag from /opt/airflow/dags/web_to_localDB.py
[2023-08-24T23:29:08.395+0000] {logging_mixin.py:150} INFO - [2023-08-24T23:29:08.394+0000] {timeout.py:68} ERROR - Process timed out, PID: 44
[2023-08-24T23:29:08.395+0000] {logging_mixin.py:150} WARNING - Exception ignored in: <module 'collections.abc' from '/usr/local/lib/python3.7/collections/abc.py'>
[2023-08-24T23:29:08.395+0000] {logging_mixin.py:150} WARNING - Traceback (most recent call last):
[2023-08-24T23:29:08.395+0000] {logging_mixin.py:150} WARNING -   File "<string>", line 1, in <module>
[2023-08-24T23:29:08.396+0000] {logging_mixin.py:150} WARNING -   File "/home/airflow/.local/lib/python3.7/site-packages/airflow/utils/timeout.py", line 69, in handle_timeout
[2023-08-24T23:29:08.663+0000] {logging_mixin.py:150} WARNING -     raise AirflowTaskTimeout(self.error_message)
[2023-08-24T23:29:08.663+0000] {logging_mixin.py:150} WARNING - airflow.exceptions.AirflowTaskTimeout: DagBag import timeout for /opt/airflow/dags/web_to_localDB.py after 30.0s.
Please take a look at these docs to improve your DAG import time:
* https://airflow.apache.org/docs/apache-airflow/2.6.3/best-practices.html#top-level-python-code
* https://airflow.apache.org/docs/apache-airflow/2.6.3/best-practices.html#reducing-dag-complexity, PID: 44
[2023-08-24T23:29:08.668+0000] {logging_mixin.py:150} WARNING - /usr/local/lib/python3.7/importlib/_bootstrap.py:219 RuntimeWarning: Cython module failed to patch module with custom type
[2023-08-24T23:29:16.689+0000] {processor.py:836} INFO - DAG(s) dict_keys(['LoadDataWebToDB']) retrieved from /opt/airflow/dags/web_to_localDB.py
[2023-08-24T23:29:21.830+0000] {logging_mixin.py:150} INFO - [2023-08-24T23:29:21.830+0000] {manager.py:504} INFO - Created Permission View: can delete on DAG:LoadDataWebToDB
[2023-08-24T23:29:21.932+0000] {logging_mixin.py:150} INFO - [2023-08-24T23:29:21.932+0000] {manager.py:504} INFO - Created Permission View: can edit on DAG:LoadDataWebToDB
[2023-08-24T23:29:22.031+0000] {logging_mixin.py:150} INFO - [2023-08-24T23:29:22.031+0000] {manager.py:504} INFO - Created Permission View: can read on DAG:LoadDataWebToDB
[2023-08-24T23:29:22.071+0000] {logging_mixin.py:150} INFO - [2023-08-24T23:29:22.071+0000] {dag.py:2742} INFO - Sync 1 DAGs
[2023-08-24T23:29:22.159+0000] {logging_mixin.py:150} INFO - [2023-08-24T23:29:22.159+0000] {dag.py:2763} INFO - Creating ORM DAG for LoadDataWebToDB
[2023-08-24T23:29:22.183+0000] {logging_mixin.py:150} INFO - [2023-08-24T23:29:22.183+0000] {dag.py:3508} INFO - Setting next_dagrun for LoadDataWebToDB to 2021-01-02T06:00:00+00:00, run_after=2021-02-02T06:00:00+00:00
[2023-08-24T23:29:22.249+0000] {processor.py:179} INFO - Processing /opt/airflow/dags/web_to_localDB.py took 43.922 seconds
[2023-08-24T23:29:53.997+0000] {processor.py:157} INFO - Started process (PID=69) to work on /opt/airflow/dags/web_to_localDB.py
[2023-08-24T23:29:55.130+0000] {processor.py:826} INFO - Processing file /opt/airflow/dags/web_to_localDB.py for tasks to queue
[2023-08-24T23:29:55.131+0000] {logging_mixin.py:150} INFO - [2023-08-24T23:29:55.131+0000] {dagbag.py:541} INFO - Filling up the DagBag from /opt/airflow/dags/web_to_localDB.py
[2023-08-24T23:30:25.928+0000] {logging_mixin.py:150} INFO - [2023-08-24T23:30:25.927+0000] {timeout.py:68} ERROR - Process timed out, PID: 69
[2023-08-24T23:30:26.900+0000] {logging_mixin.py:150} INFO - [2023-08-24T23:30:25.928+0000] {dagbag.py:350} ERROR - Failed to import: /opt/airflow/dags/web_to_localDB.py
Traceback (most recent call last):
  File "/home/airflow/.local/lib/python3.7/site-packages/airflow/models/dagbag.py", line 346, in parse
    loader.exec_module(new_module)
  File "<frozen importlib._bootstrap_external>", line 728, in exec_module
  File "<frozen importlib._bootstrap>", line 219, in _call_with_frames_removed
  File "/opt/airflow/dags/web_to_localDB.py", line 11, in <module>
    from utils.db_ingestion import db_conn_ingestion
  File "/opt/airflow/dags/utils/db_ingestion.py", line 6, in <module>
    import pandas as pd
  File "/home/airflow/.local/lib/python3.7/site-packages/pandas/__init__.py", line 11, in <module>
    __import__(dependency)
  File "/home/airflow/.local/lib/python3.7/site-packages/numpy/__init__.py", line 153, in <module>
    from . import lib
  File "/home/airflow/.local/lib/python3.7/site-packages/numpy/lib/__init__.py", line 21, in <module>
    from . import scimath as emath
  File "/home/airflow/.local/lib/python3.7/site-packages/numpy/lib/scimath.py", line 47, in <module>
    _ln2 = nx.log(2.0)
  File "/home/airflow/.local/lib/python3.7/site-packages/airflow/utils/timeout.py", line 69, in handle_timeout
    raise AirflowTaskTimeout(self.error_message)
airflow.exceptions.AirflowTaskTimeout: DagBag import timeout for /opt/airflow/dags/web_to_localDB.py after 30.0s.
Please take a look at these docs to improve your DAG import time:
* https://airflow.apache.org/docs/apache-airflow/2.6.3/best-practices.html#top-level-python-code
* https://airflow.apache.org/docs/apache-airflow/2.6.3/best-practices.html#reducing-dag-complexity, PID: 69
[2023-08-24T23:30:26.901+0000] {processor.py:838} WARNING - No viable dags retrieved from /opt/airflow/dags/web_to_localDB.py
[2023-08-24T23:30:31.292+0000] {processor.py:179} INFO - Processing /opt/airflow/dags/web_to_localDB.py took 37.993 seconds
[2023-08-24T23:31:02.483+0000] {processor.py:157} INFO - Started process (PID=80) to work on /opt/airflow/dags/web_to_localDB.py
[2023-08-24T23:31:02.548+0000] {processor.py:826} INFO - Processing file /opt/airflow/dags/web_to_localDB.py for tasks to queue
[2023-08-24T23:31:02.550+0000] {logging_mixin.py:150} INFO - [2023-08-24T23:31:02.549+0000] {dagbag.py:541} INFO - Filling up the DagBag from /opt/airflow/dags/web_to_localDB.py
[2023-08-24T23:31:22.346+0000] {processor.py:836} INFO - DAG(s) dict_keys(['LoadDataWebToDB']) retrieved from /opt/airflow/dags/web_to_localDB.py
[2023-08-24T23:31:23.153+0000] {logging_mixin.py:150} INFO - [2023-08-24T23:31:23.153+0000] {dag.py:2742} INFO - Sync 1 DAGs
[2023-08-24T23:31:23.182+0000] {logging_mixin.py:150} INFO - [2023-08-24T23:31:23.182+0000] {dag.py:3508} INFO - Setting next_dagrun for LoadDataWebToDB to 2021-01-02T06:00:00+00:00, run_after=2021-02-02T06:00:00+00:00
[2023-08-24T23:31:24.092+0000] {processor.py:179} INFO - Processing /opt/airflow/dags/web_to_localDB.py took 21.613 seconds
[2023-08-24T23:31:54.354+0000] {processor.py:157} INFO - Started process (PID=100) to work on /opt/airflow/dags/web_to_localDB.py
[2023-08-24T23:31:54.569+0000] {processor.py:826} INFO - Processing file /opt/airflow/dags/web_to_localDB.py for tasks to queue
[2023-08-24T23:31:54.571+0000] {logging_mixin.py:150} INFO - [2023-08-24T23:31:54.570+0000] {dagbag.py:541} INFO - Filling up the DagBag from /opt/airflow/dags/web_to_localDB.py
[2023-08-24T23:31:54.995+0000] {processor.py:836} INFO - DAG(s) dict_keys(['LoadDataWebToDB']) retrieved from /opt/airflow/dags/web_to_localDB.py
[2023-08-24T23:31:55.029+0000] {logging_mixin.py:150} INFO - [2023-08-24T23:31:55.029+0000] {dag.py:2742} INFO - Sync 1 DAGs
[2023-08-24T23:31:55.060+0000] {logging_mixin.py:150} INFO - [2023-08-24T23:31:55.060+0000] {dag.py:3508} INFO - Setting next_dagrun for LoadDataWebToDB to 2021-01-02T06:00:00+00:00, run_after=2021-02-02T06:00:00+00:00
[2023-08-24T23:31:56.042+0000] {processor.py:179} INFO - Processing /opt/airflow/dags/web_to_localDB.py took 1.693 seconds
[2023-08-24T23:32:26.216+0000] {processor.py:157} INFO - Started process (PID=112) to work on /opt/airflow/dags/web_to_localDB.py
[2023-08-24T23:32:26.265+0000] {processor.py:826} INFO - Processing file /opt/airflow/dags/web_to_localDB.py for tasks to queue
[2023-08-24T23:32:26.266+0000] {logging_mixin.py:150} INFO - [2023-08-24T23:32:26.265+0000] {dagbag.py:541} INFO - Filling up the DagBag from /opt/airflow/dags/web_to_localDB.py
[2023-08-24T23:32:26.720+0000] {processor.py:836} INFO - DAG(s) dict_keys(['LoadDataWebToDB']) retrieved from /opt/airflow/dags/web_to_localDB.py
[2023-08-24T23:32:26.750+0000] {logging_mixin.py:150} INFO - [2023-08-24T23:32:26.750+0000] {dag.py:2742} INFO - Sync 1 DAGs
[2023-08-24T23:32:26.780+0000] {logging_mixin.py:150} INFO - [2023-08-24T23:32:26.780+0000] {dag.py:3508} INFO - Setting next_dagrun for LoadDataWebToDB to 2021-01-02T06:00:00+00:00, run_after=2021-02-02T06:00:00+00:00
[2023-08-24T23:32:27.139+0000] {processor.py:179} INFO - Processing /opt/airflow/dags/web_to_localDB.py took 0.927 seconds
[2023-08-24T23:32:57.313+0000] {processor.py:157} INFO - Started process (PID=124) to work on /opt/airflow/dags/web_to_localDB.py
[2023-08-24T23:32:57.558+0000] {processor.py:826} INFO - Processing file /opt/airflow/dags/web_to_localDB.py for tasks to queue
[2023-08-24T23:32:57.559+0000] {logging_mixin.py:150} INFO - [2023-08-24T23:32:57.559+0000] {dagbag.py:541} INFO - Filling up the DagBag from /opt/airflow/dags/web_to_localDB.py
[2023-08-24T23:32:57.979+0000] {processor.py:836} INFO - DAG(s) dict_keys(['LoadDataWebToDB']) retrieved from /opt/airflow/dags/web_to_localDB.py
[2023-08-24T23:32:58.006+0000] {logging_mixin.py:150} INFO - [2023-08-24T23:32:58.006+0000] {dag.py:2742} INFO - Sync 1 DAGs
[2023-08-24T23:32:58.036+0000] {logging_mixin.py:150} INFO - [2023-08-24T23:32:58.035+0000] {dag.py:3508} INFO - Setting next_dagrun for LoadDataWebToDB to 2021-01-02T06:00:00+00:00, run_after=2021-02-02T06:00:00+00:00
[2023-08-24T23:32:58.429+0000] {processor.py:179} INFO - Processing /opt/airflow/dags/web_to_localDB.py took 1.121 seconds
[2023-08-24T23:33:28.628+0000] {processor.py:157} INFO - Started process (PID=136) to work on /opt/airflow/dags/web_to_localDB.py
[2023-08-24T23:33:28.750+0000] {processor.py:826} INFO - Processing file /opt/airflow/dags/web_to_localDB.py for tasks to queue
[2023-08-24T23:33:28.751+0000] {logging_mixin.py:150} INFO - [2023-08-24T23:33:28.750+0000] {dagbag.py:541} INFO - Filling up the DagBag from /opt/airflow/dags/web_to_localDB.py
[2023-08-24T23:33:29.266+0000] {processor.py:836} INFO - DAG(s) dict_keys(['LoadDataWebToDB']) retrieved from /opt/airflow/dags/web_to_localDB.py
[2023-08-24T23:33:29.525+0000] {logging_mixin.py:150} INFO - [2023-08-24T23:33:29.524+0000] {dag.py:2742} INFO - Sync 1 DAGs
[2023-08-24T23:33:29.582+0000] {logging_mixin.py:150} INFO - [2023-08-24T23:33:29.582+0000] {dag.py:3508} INFO - Setting next_dagrun for LoadDataWebToDB to 2021-01-02T06:00:00+00:00, run_after=2021-02-02T06:00:00+00:00
[2023-08-24T23:33:30.668+0000] {processor.py:179} INFO - Processing /opt/airflow/dags/web_to_localDB.py took 2.043 seconds
[2023-08-24T23:34:00.890+0000] {processor.py:157} INFO - Started process (PID=148) to work on /opt/airflow/dags/web_to_localDB.py
[2023-08-24T23:34:00.984+0000] {processor.py:826} INFO - Processing file /opt/airflow/dags/web_to_localDB.py for tasks to queue
[2023-08-24T23:34:00.985+0000] {logging_mixin.py:150} INFO - [2023-08-24T23:34:00.985+0000] {dagbag.py:541} INFO - Filling up the DagBag from /opt/airflow/dags/web_to_localDB.py
[2023-08-24T23:34:01.456+0000] {processor.py:836} INFO - DAG(s) dict_keys(['LoadDataWebToDB']) retrieved from /opt/airflow/dags/web_to_localDB.py
[2023-08-24T23:34:01.487+0000] {logging_mixin.py:150} INFO - [2023-08-24T23:34:01.487+0000] {dag.py:2742} INFO - Sync 1 DAGs
[2023-08-24T23:34:01.517+0000] {logging_mixin.py:150} INFO - [2023-08-24T23:34:01.517+0000] {dag.py:3508} INFO - Setting next_dagrun for LoadDataWebToDB to 2021-01-02T06:00:00+00:00, run_after=2021-02-02T06:00:00+00:00
[2023-08-24T23:34:01.864+0000] {processor.py:179} INFO - Processing /opt/airflow/dags/web_to_localDB.py took 0.978 seconds
[2023-08-24T23:34:32.059+0000] {processor.py:157} INFO - Started process (PID=160) to work on /opt/airflow/dags/web_to_localDB.py
[2023-08-24T23:34:32.588+0000] {processor.py:826} INFO - Processing file /opt/airflow/dags/web_to_localDB.py for tasks to queue
[2023-08-24T23:34:32.591+0000] {logging_mixin.py:150} INFO - [2023-08-24T23:34:32.590+0000] {dagbag.py:541} INFO - Filling up the DagBag from /opt/airflow/dags/web_to_localDB.py
[2023-08-24T23:34:33.199+0000] {processor.py:836} INFO - DAG(s) dict_keys(['LoadDataWebToDB']) retrieved from /opt/airflow/dags/web_to_localDB.py
[2023-08-24T23:34:33.741+0000] {logging_mixin.py:150} INFO - [2023-08-24T23:34:33.738+0000] {dag.py:2742} INFO - Sync 1 DAGs
[2023-08-24T23:34:34.165+0000] {logging_mixin.py:150} INFO - [2023-08-24T23:34:34.165+0000] {dag.py:3508} INFO - Setting next_dagrun for LoadDataWebToDB to 2021-01-02T06:00:00+00:00, run_after=2021-02-02T06:00:00+00:00
[2023-08-24T23:34:35.222+0000] {processor.py:179} INFO - Processing /opt/airflow/dags/web_to_localDB.py took 3.167 seconds
[2023-08-24T23:35:07.280+0000] {processor.py:157} INFO - Started process (PID=172) to work on /opt/airflow/dags/web_to_localDB.py
[2023-08-24T23:35:09.401+0000] {processor.py:826} INFO - Processing file /opt/airflow/dags/web_to_localDB.py for tasks to queue
[2023-08-24T23:35:09.403+0000] {logging_mixin.py:150} INFO - [2023-08-24T23:35:09.402+0000] {dagbag.py:541} INFO - Filling up the DagBag from /opt/airflow/dags/web_to_localDB.py
[2023-08-24T23:35:23.892+0000] {processor.py:836} INFO - DAG(s) dict_keys(['LoadDataWebToDB']) retrieved from /opt/airflow/dags/web_to_localDB.py
[2023-08-24T23:35:25.349+0000] {logging_mixin.py:150} INFO - [2023-08-24T23:35:25.348+0000] {dag.py:2742} INFO - Sync 1 DAGs
[2023-08-24T23:35:26.223+0000] {logging_mixin.py:150} INFO - [2023-08-24T23:35:26.223+0000] {dag.py:3508} INFO - Setting next_dagrun for LoadDataWebToDB to 2021-01-02T06:00:00+00:00, run_after=2021-02-02T06:00:00+00:00
[2023-08-24T23:35:26.740+0000] {processor.py:179} INFO - Processing /opt/airflow/dags/web_to_localDB.py took 19.462 seconds
[2023-08-24T23:35:57.365+0000] {processor.py:157} INFO - Started process (PID=184) to work on /opt/airflow/dags/web_to_localDB.py
[2023-08-24T23:35:57.535+0000] {processor.py:826} INFO - Processing file /opt/airflow/dags/web_to_localDB.py for tasks to queue
[2023-08-24T23:35:57.536+0000] {logging_mixin.py:150} INFO - [2023-08-24T23:35:57.536+0000] {dagbag.py:541} INFO - Filling up the DagBag from /opt/airflow/dags/web_to_localDB.py
[2023-08-24T23:36:02.239+0000] {processor.py:836} INFO - DAG(s) dict_keys(['LoadDataWebToDB']) retrieved from /opt/airflow/dags/web_to_localDB.py
[2023-08-24T23:36:05.163+0000] {logging_mixin.py:150} INFO - [2023-08-24T23:36:05.163+0000] {dag.py:2742} INFO - Sync 1 DAGs
[2023-08-24T23:36:05.218+0000] {logging_mixin.py:150} INFO - [2023-08-24T23:36:05.217+0000] {dag.py:3508} INFO - Setting next_dagrun for LoadDataWebToDB to 2021-01-02T06:00:00+00:00, run_after=2021-02-02T06:00:00+00:00
[2023-08-24T23:36:05.948+0000] {processor.py:179} INFO - Processing /opt/airflow/dags/web_to_localDB.py took 8.587 seconds
[2023-08-24T23:36:36.300+0000] {processor.py:157} INFO - Started process (PID=196) to work on /opt/airflow/dags/web_to_localDB.py
[2023-08-24T23:36:36.503+0000] {processor.py:826} INFO - Processing file /opt/airflow/dags/web_to_localDB.py for tasks to queue
[2023-08-24T23:36:36.504+0000] {logging_mixin.py:150} INFO - [2023-08-24T23:36:36.504+0000] {dagbag.py:541} INFO - Filling up the DagBag from /opt/airflow/dags/web_to_localDB.py
[2023-08-24T23:36:41.347+0000] {processor.py:836} INFO - DAG(s) dict_keys(['LoadDataWebToDB']) retrieved from /opt/airflow/dags/web_to_localDB.py
[2023-08-24T23:36:44.862+0000] {logging_mixin.py:150} INFO - [2023-08-24T23:36:44.862+0000] {dag.py:2742} INFO - Sync 1 DAGs
[2023-08-24T23:36:44.899+0000] {logging_mixin.py:150} INFO - [2023-08-24T23:36:44.899+0000] {dag.py:3508} INFO - Setting next_dagrun for LoadDataWebToDB to 2021-01-02T06:00:00+00:00, run_after=2021-02-02T06:00:00+00:00
[2023-08-24T23:36:45.746+0000] {processor.py:179} INFO - Processing /opt/airflow/dags/web_to_localDB.py took 9.451 seconds
[2023-08-24T23:37:15.906+0000] {processor.py:157} INFO - Started process (PID=206) to work on /opt/airflow/dags/web_to_localDB.py
[2023-08-24T23:37:16.059+0000] {processor.py:826} INFO - Processing file /opt/airflow/dags/web_to_localDB.py for tasks to queue
[2023-08-24T23:37:16.060+0000] {logging_mixin.py:150} INFO - [2023-08-24T23:37:16.060+0000] {dagbag.py:541} INFO - Filling up the DagBag from /opt/airflow/dags/web_to_localDB.py
[2023-08-24T23:37:17.005+0000] {processor.py:836} INFO - DAG(s) dict_keys(['LoadDataWebToDB']) retrieved from /opt/airflow/dags/web_to_localDB.py
[2023-08-24T23:37:17.049+0000] {logging_mixin.py:150} INFO - [2023-08-24T23:37:17.048+0000] {dag.py:2742} INFO - Sync 1 DAGs
[2023-08-24T23:37:17.095+0000] {logging_mixin.py:150} INFO - [2023-08-24T23:37:17.095+0000] {dag.py:3508} INFO - Setting next_dagrun for LoadDataWebToDB to 2021-01-02T06:00:00+00:00, run_after=2021-02-02T06:00:00+00:00
[2023-08-24T23:37:17.791+0000] {processor.py:179} INFO - Processing /opt/airflow/dags/web_to_localDB.py took 1.889 seconds
[2023-08-24T23:37:47.959+0000] {processor.py:157} INFO - Started process (PID=218) to work on /opt/airflow/dags/web_to_localDB.py
[2023-08-24T23:37:48.014+0000] {processor.py:826} INFO - Processing file /opt/airflow/dags/web_to_localDB.py for tasks to queue
[2023-08-24T23:37:48.015+0000] {logging_mixin.py:150} INFO - [2023-08-24T23:37:48.015+0000] {dagbag.py:541} INFO - Filling up the DagBag from /opt/airflow/dags/web_to_localDB.py
[2023-08-24T23:37:48.434+0000] {processor.py:836} INFO - DAG(s) dict_keys(['LoadDataWebToDB']) retrieved from /opt/airflow/dags/web_to_localDB.py
[2023-08-24T23:37:48.462+0000] {logging_mixin.py:150} INFO - [2023-08-24T23:37:48.462+0000] {dag.py:2742} INFO - Sync 1 DAGs
[2023-08-24T23:37:48.492+0000] {logging_mixin.py:150} INFO - [2023-08-24T23:37:48.492+0000] {dag.py:3508} INFO - Setting next_dagrun for LoadDataWebToDB to 2021-01-02T06:00:00+00:00, run_after=2021-02-02T06:00:00+00:00
[2023-08-24T23:37:48.643+0000] {processor.py:179} INFO - Processing /opt/airflow/dags/web_to_localDB.py took 0.687 seconds
[2023-08-24T23:38:18.812+0000] {processor.py:157} INFO - Started process (PID=229) to work on /opt/airflow/dags/web_to_localDB.py
[2023-08-24T23:38:18.838+0000] {processor.py:826} INFO - Processing file /opt/airflow/dags/web_to_localDB.py for tasks to queue
[2023-08-24T23:38:18.839+0000] {logging_mixin.py:150} INFO - [2023-08-24T23:38:18.838+0000] {dagbag.py:541} INFO - Filling up the DagBag from /opt/airflow/dags/web_to_localDB.py
[2023-08-24T23:38:19.437+0000] {processor.py:836} INFO - DAG(s) dict_keys(['LoadDataWebToDB']) retrieved from /opt/airflow/dags/web_to_localDB.py
[2023-08-24T23:38:19.480+0000] {logging_mixin.py:150} INFO - [2023-08-24T23:38:19.479+0000] {dag.py:2742} INFO - Sync 1 DAGs
[2023-08-24T23:38:19.511+0000] {logging_mixin.py:150} INFO - [2023-08-24T23:38:19.511+0000] {dag.py:3508} INFO - Setting next_dagrun for LoadDataWebToDB to 2021-01-02T06:00:00+00:00, run_after=2021-02-02T06:00:00+00:00
[2023-08-24T23:38:19.599+0000] {processor.py:179} INFO - Processing /opt/airflow/dags/web_to_localDB.py took 0.790 seconds
[2023-08-24T23:38:49.791+0000] {processor.py:157} INFO - Started process (PID=241) to work on /opt/airflow/dags/web_to_localDB.py
[2023-08-24T23:38:49.817+0000] {processor.py:826} INFO - Processing file /opt/airflow/dags/web_to_localDB.py for tasks to queue
[2023-08-24T23:38:49.818+0000] {logging_mixin.py:150} INFO - [2023-08-24T23:38:49.818+0000] {dagbag.py:541} INFO - Filling up the DagBag from /opt/airflow/dags/web_to_localDB.py
[2023-08-24T23:38:50.260+0000] {processor.py:836} INFO - DAG(s) dict_keys(['LoadDataWebToDB']) retrieved from /opt/airflow/dags/web_to_localDB.py
[2023-08-24T23:38:50.290+0000] {logging_mixin.py:150} INFO - [2023-08-24T23:38:50.290+0000] {dag.py:2742} INFO - Sync 1 DAGs
[2023-08-24T23:38:50.641+0000] {logging_mixin.py:150} INFO - [2023-08-24T23:38:50.641+0000] {dag.py:3508} INFO - Setting next_dagrun for LoadDataWebToDB to 2021-01-02T06:00:00+00:00, run_after=2021-02-02T06:00:00+00:00
[2023-08-24T23:38:51.045+0000] {processor.py:179} INFO - Processing /opt/airflow/dags/web_to_localDB.py took 1.258 seconds
[2023-08-24T23:39:21.218+0000] {processor.py:157} INFO - Started process (PID=253) to work on /opt/airflow/dags/web_to_localDB.py
[2023-08-24T23:39:21.327+0000] {processor.py:826} INFO - Processing file /opt/airflow/dags/web_to_localDB.py for tasks to queue
[2023-08-24T23:39:21.329+0000] {logging_mixin.py:150} INFO - [2023-08-24T23:39:21.328+0000] {dagbag.py:541} INFO - Filling up the DagBag from /opt/airflow/dags/web_to_localDB.py
[2023-08-24T23:39:21.734+0000] {processor.py:836} INFO - DAG(s) dict_keys(['LoadDataWebToDB']) retrieved from /opt/airflow/dags/web_to_localDB.py
[2023-08-24T23:39:21.763+0000] {logging_mixin.py:150} INFO - [2023-08-24T23:39:21.763+0000] {dag.py:2742} INFO - Sync 1 DAGs
[2023-08-24T23:39:21.793+0000] {logging_mixin.py:150} INFO - [2023-08-24T23:39:21.793+0000] {dag.py:3508} INFO - Setting next_dagrun for LoadDataWebToDB to 2021-01-02T06:00:00+00:00, run_after=2021-02-02T06:00:00+00:00
[2023-08-24T23:39:21.878+0000] {processor.py:179} INFO - Processing /opt/airflow/dags/web_to_localDB.py took 0.664 seconds
[2023-08-24T23:39:52.052+0000] {processor.py:157} INFO - Started process (PID=265) to work on /opt/airflow/dags/web_to_localDB.py
[2023-08-24T23:39:52.124+0000] {processor.py:826} INFO - Processing file /opt/airflow/dags/web_to_localDB.py for tasks to queue
[2023-08-24T23:39:52.192+0000] {logging_mixin.py:150} INFO - [2023-08-24T23:39:52.192+0000] {dagbag.py:541} INFO - Filling up the DagBag from /opt/airflow/dags/web_to_localDB.py
[2023-08-24T23:39:53.384+0000] {processor.py:836} INFO - DAG(s) dict_keys(['LoadDataWebToDB']) retrieved from /opt/airflow/dags/web_to_localDB.py
[2023-08-24T23:39:53.424+0000] {logging_mixin.py:150} INFO - [2023-08-24T23:39:53.424+0000] {dag.py:2742} INFO - Sync 1 DAGs
[2023-08-24T23:39:54.021+0000] {logging_mixin.py:150} INFO - [2023-08-24T23:39:54.021+0000] {dag.py:3508} INFO - Setting next_dagrun for LoadDataWebToDB to 2021-01-02T06:00:00+00:00, run_after=2021-02-02T06:00:00+00:00
[2023-08-24T23:39:54.583+0000] {processor.py:179} INFO - Processing /opt/airflow/dags/web_to_localDB.py took 2.533 seconds
[2023-08-24T23:40:24.738+0000] {processor.py:157} INFO - Started process (PID=277) to work on /opt/airflow/dags/web_to_localDB.py
[2023-08-24T23:40:24.852+0000] {processor.py:826} INFO - Processing file /opt/airflow/dags/web_to_localDB.py for tasks to queue
[2023-08-24T23:40:24.853+0000] {logging_mixin.py:150} INFO - [2023-08-24T23:40:24.852+0000] {dagbag.py:541} INFO - Filling up the DagBag from /opt/airflow/dags/web_to_localDB.py
[2023-08-24T23:40:25.449+0000] {processor.py:836} INFO - DAG(s) dict_keys(['LoadDataWebToDB']) retrieved from /opt/airflow/dags/web_to_localDB.py
[2023-08-24T23:40:25.481+0000] {logging_mixin.py:150} INFO - [2023-08-24T23:40:25.481+0000] {dag.py:2742} INFO - Sync 1 DAGs
[2023-08-24T23:40:25.708+0000] {logging_mixin.py:150} INFO - [2023-08-24T23:40:25.708+0000] {dag.py:3508} INFO - Setting next_dagrun for LoadDataWebToDB to 2021-01-02T06:00:00+00:00, run_after=2021-02-02T06:00:00+00:00
[2023-08-24T23:40:25.959+0000] {processor.py:179} INFO - Processing /opt/airflow/dags/web_to_localDB.py took 1.226 seconds
[2023-08-24T23:40:56.141+0000] {processor.py:157} INFO - Started process (PID=289) to work on /opt/airflow/dags/web_to_localDB.py
[2023-08-24T23:40:56.151+0000] {processor.py:826} INFO - Processing file /opt/airflow/dags/web_to_localDB.py for tasks to queue
[2023-08-24T23:40:56.152+0000] {logging_mixin.py:150} INFO - [2023-08-24T23:40:56.152+0000] {dagbag.py:541} INFO - Filling up the DagBag from /opt/airflow/dags/web_to_localDB.py
[2023-08-24T23:40:56.738+0000] {processor.py:836} INFO - DAG(s) dict_keys(['LoadDataWebToDB']) retrieved from /opt/airflow/dags/web_to_localDB.py
[2023-08-24T23:40:56.784+0000] {logging_mixin.py:150} INFO - [2023-08-24T23:40:56.783+0000] {dag.py:2742} INFO - Sync 1 DAGs
[2023-08-24T23:40:56.861+0000] {logging_mixin.py:150} INFO - [2023-08-24T23:40:56.860+0000] {dag.py:3508} INFO - Setting next_dagrun for LoadDataWebToDB to 2021-01-02T06:00:00+00:00, run_after=2021-02-02T06:00:00+00:00
[2023-08-24T23:40:56.968+0000] {processor.py:179} INFO - Processing /opt/airflow/dags/web_to_localDB.py took 0.832 seconds
[2023-08-24T23:41:27.225+0000] {processor.py:157} INFO - Started process (PID=301) to work on /opt/airflow/dags/web_to_localDB.py
[2023-08-24T23:41:27.277+0000] {processor.py:826} INFO - Processing file /opt/airflow/dags/web_to_localDB.py for tasks to queue
[2023-08-24T23:41:27.279+0000] {logging_mixin.py:150} INFO - [2023-08-24T23:41:27.278+0000] {dagbag.py:541} INFO - Filling up the DagBag from /opt/airflow/dags/web_to_localDB.py
[2023-08-24T23:41:28.212+0000] {processor.py:836} INFO - DAG(s) dict_keys(['LoadDataWebToDB']) retrieved from /opt/airflow/dags/web_to_localDB.py
[2023-08-24T23:41:28.244+0000] {logging_mixin.py:150} INFO - [2023-08-24T23:41:28.243+0000] {dag.py:2742} INFO - Sync 1 DAGs
[2023-08-24T23:41:28.275+0000] {logging_mixin.py:150} INFO - [2023-08-24T23:41:28.274+0000] {dag.py:3508} INFO - Setting next_dagrun for LoadDataWebToDB to 2021-01-02T06:00:00+00:00, run_after=2021-02-02T06:00:00+00:00
[2023-08-24T23:41:28.381+0000] {processor.py:179} INFO - Processing /opt/airflow/dags/web_to_localDB.py took 1.160 seconds
[2023-08-24T23:41:58.554+0000] {processor.py:157} INFO - Started process (PID=313) to work on /opt/airflow/dags/web_to_localDB.py
[2023-08-24T23:41:58.865+0000] {processor.py:826} INFO - Processing file /opt/airflow/dags/web_to_localDB.py for tasks to queue
[2023-08-24T23:41:58.866+0000] {logging_mixin.py:150} INFO - [2023-08-24T23:41:58.866+0000] {dagbag.py:541} INFO - Filling up the DagBag from /opt/airflow/dags/web_to_localDB.py
[2023-08-24T23:41:59.572+0000] {processor.py:836} INFO - DAG(s) dict_keys(['LoadDataWebToDB']) retrieved from /opt/airflow/dags/web_to_localDB.py
[2023-08-24T23:41:59.602+0000] {logging_mixin.py:150} INFO - [2023-08-24T23:41:59.602+0000] {dag.py:2742} INFO - Sync 1 DAGs
[2023-08-24T23:41:59.664+0000] {logging_mixin.py:150} INFO - [2023-08-24T23:41:59.664+0000] {dag.py:3508} INFO - Setting next_dagrun for LoadDataWebToDB to 2021-01-02T06:00:00+00:00, run_after=2021-02-02T06:00:00+00:00
[2023-08-24T23:42:00.130+0000] {processor.py:179} INFO - Processing /opt/airflow/dags/web_to_localDB.py took 1.580 seconds
[2023-08-24T23:42:30.993+0000] {processor.py:157} INFO - Started process (PID=325) to work on /opt/airflow/dags/web_to_localDB.py
[2023-08-24T23:42:31.118+0000] {processor.py:826} INFO - Processing file /opt/airflow/dags/web_to_localDB.py for tasks to queue
[2023-08-24T23:42:31.315+0000] {logging_mixin.py:150} INFO - [2023-08-24T23:42:31.119+0000] {dagbag.py:541} INFO - Filling up the DagBag from /opt/airflow/dags/web_to_localDB.py
[2023-08-24T23:42:38.148+0000] {processor.py:836} INFO - DAG(s) dict_keys(['LoadDataWebToDB']) retrieved from /opt/airflow/dags/web_to_localDB.py
[2023-08-24T23:42:39.440+0000] {logging_mixin.py:150} INFO - [2023-08-24T23:42:39.439+0000] {dag.py:2742} INFO - Sync 1 DAGs
[2023-08-24T23:42:39.605+0000] {logging_mixin.py:150} INFO - [2023-08-24T23:42:39.605+0000] {dag.py:3508} INFO - Setting next_dagrun for LoadDataWebToDB to 2021-01-02T06:00:00+00:00, run_after=2021-02-02T06:00:00+00:00
[2023-08-24T23:42:40.048+0000] {processor.py:179} INFO - Processing /opt/airflow/dags/web_to_localDB.py took 9.060 seconds
[2023-08-24T23:43:10.605+0000] {processor.py:157} INFO - Started process (PID=344) to work on /opt/airflow/dags/web_to_localDB.py
[2023-08-24T23:43:10.690+0000] {processor.py:826} INFO - Processing file /opt/airflow/dags/web_to_localDB.py for tasks to queue
[2023-08-24T23:43:10.765+0000] {logging_mixin.py:150} INFO - [2023-08-24T23:43:10.691+0000] {dagbag.py:541} INFO - Filling up the DagBag from /opt/airflow/dags/web_to_localDB.py
[2023-08-24T23:43:12.580+0000] {processor.py:836} INFO - DAG(s) dict_keys(['LoadDataWebToDB']) retrieved from /opt/airflow/dags/web_to_localDB.py
[2023-08-24T23:43:15.150+0000] {logging_mixin.py:150} INFO - [2023-08-24T23:43:15.149+0000] {dag.py:2742} INFO - Sync 1 DAGs
[2023-08-24T23:43:15.222+0000] {logging_mixin.py:150} INFO - [2023-08-24T23:43:15.221+0000] {dag.py:3508} INFO - Setting next_dagrun for LoadDataWebToDB to 2021-01-02T06:00:00+00:00, run_after=2021-02-02T06:00:00+00:00
[2023-08-24T23:43:15.631+0000] {processor.py:179} INFO - Processing /opt/airflow/dags/web_to_localDB.py took 5.157 seconds
[2023-08-24T23:43:45.976+0000] {processor.py:157} INFO - Started process (PID=356) to work on /opt/airflow/dags/web_to_localDB.py
[2023-08-24T23:43:46.009+0000] {processor.py:826} INFO - Processing file /opt/airflow/dags/web_to_localDB.py for tasks to queue
[2023-08-24T23:43:46.010+0000] {logging_mixin.py:150} INFO - [2023-08-24T23:43:46.009+0000] {dagbag.py:541} INFO - Filling up the DagBag from /opt/airflow/dags/web_to_localDB.py
[2023-08-24T23:43:46.956+0000] {processor.py:836} INFO - DAG(s) dict_keys(['LoadDataWebToDB']) retrieved from /opt/airflow/dags/web_to_localDB.py
[2023-08-24T23:43:46.996+0000] {logging_mixin.py:150} INFO - [2023-08-24T23:43:46.995+0000] {dag.py:2742} INFO - Sync 1 DAGs
[2023-08-24T23:43:47.029+0000] {logging_mixin.py:150} INFO - [2023-08-24T23:43:47.029+0000] {dag.py:3508} INFO - Setting next_dagrun for LoadDataWebToDB to 2021-01-02T06:00:00+00:00, run_after=2021-02-02T06:00:00+00:00
[2023-08-24T23:43:47.126+0000] {processor.py:179} INFO - Processing /opt/airflow/dags/web_to_localDB.py took 1.153 seconds
[2023-08-24T23:44:17.229+0000] {processor.py:157} INFO - Started process (PID=368) to work on /opt/airflow/dags/web_to_localDB.py
[2023-08-24T23:44:17.252+0000] {processor.py:826} INFO - Processing file /opt/airflow/dags/web_to_localDB.py for tasks to queue
[2023-08-24T23:44:17.253+0000] {logging_mixin.py:150} INFO - [2023-08-24T23:44:17.253+0000] {dagbag.py:541} INFO - Filling up the DagBag from /opt/airflow/dags/web_to_localDB.py
[2023-08-24T23:44:17.645+0000] {processor.py:836} INFO - DAG(s) dict_keys(['LoadDataWebToDB']) retrieved from /opt/airflow/dags/web_to_localDB.py
[2023-08-24T23:44:17.675+0000] {logging_mixin.py:150} INFO - [2023-08-24T23:44:17.675+0000] {dag.py:2742} INFO - Sync 1 DAGs
[2023-08-24T23:44:17.704+0000] {logging_mixin.py:150} INFO - [2023-08-24T23:44:17.704+0000] {dag.py:3508} INFO - Setting next_dagrun for LoadDataWebToDB to 2021-01-02T06:00:00+00:00, run_after=2021-02-02T06:00:00+00:00
[2023-08-24T23:44:17.750+0000] {processor.py:179} INFO - Processing /opt/airflow/dags/web_to_localDB.py took 0.526 seconds
[2023-08-24T23:44:47.949+0000] {processor.py:157} INFO - Started process (PID=380) to work on /opt/airflow/dags/web_to_localDB.py
[2023-08-24T23:44:47.950+0000] {processor.py:826} INFO - Processing file /opt/airflow/dags/web_to_localDB.py for tasks to queue
[2023-08-24T23:44:47.951+0000] {logging_mixin.py:150} INFO - [2023-08-24T23:44:47.951+0000] {dagbag.py:541} INFO - Filling up the DagBag from /opt/airflow/dags/web_to_localDB.py
[2023-08-24T23:44:48.399+0000] {processor.py:836} INFO - DAG(s) dict_keys(['LoadDataWebToDB']) retrieved from /opt/airflow/dags/web_to_localDB.py
[2023-08-24T23:44:48.431+0000] {logging_mixin.py:150} INFO - [2023-08-24T23:44:48.431+0000] {dag.py:2742} INFO - Sync 1 DAGs
[2023-08-24T23:44:48.477+0000] {logging_mixin.py:150} INFO - [2023-08-24T23:44:48.477+0000] {dag.py:3508} INFO - Setting next_dagrun for LoadDataWebToDB to 2021-01-02T06:00:00+00:00, run_after=2021-02-02T06:00:00+00:00
[2023-08-24T23:44:48.726+0000] {processor.py:179} INFO - Processing /opt/airflow/dags/web_to_localDB.py took 0.781 seconds
[2023-08-24T23:45:18.941+0000] {processor.py:157} INFO - Started process (PID=392) to work on /opt/airflow/dags/web_to_localDB.py
[2023-08-24T23:45:18.962+0000] {processor.py:826} INFO - Processing file /opt/airflow/dags/web_to_localDB.py for tasks to queue
[2023-08-24T23:45:18.963+0000] {logging_mixin.py:150} INFO - [2023-08-24T23:45:18.963+0000] {dagbag.py:541} INFO - Filling up the DagBag from /opt/airflow/dags/web_to_localDB.py
[2023-08-24T23:45:19.601+0000] {processor.py:836} INFO - DAG(s) dict_keys(['LoadDataWebToDB']) retrieved from /opt/airflow/dags/web_to_localDB.py
[2023-08-24T23:45:19.631+0000] {logging_mixin.py:150} INFO - [2023-08-24T23:45:19.631+0000] {dag.py:2742} INFO - Sync 1 DAGs
[2023-08-24T23:45:19.661+0000] {logging_mixin.py:150} INFO - [2023-08-24T23:45:19.661+0000] {dag.py:3508} INFO - Setting next_dagrun for LoadDataWebToDB to 2021-01-02T06:00:00+00:00, run_after=2021-02-02T06:00:00+00:00
[2023-08-24T23:45:19.826+0000] {processor.py:179} INFO - Processing /opt/airflow/dags/web_to_localDB.py took 0.890 seconds
[2023-08-24T23:45:50.005+0000] {processor.py:157} INFO - Started process (PID=404) to work on /opt/airflow/dags/web_to_localDB.py
[2023-08-24T23:45:50.022+0000] {processor.py:826} INFO - Processing file /opt/airflow/dags/web_to_localDB.py for tasks to queue
[2023-08-24T23:45:50.023+0000] {logging_mixin.py:150} INFO - [2023-08-24T23:45:50.022+0000] {dagbag.py:541} INFO - Filling up the DagBag from /opt/airflow/dags/web_to_localDB.py
[2023-08-24T23:45:50.471+0000] {processor.py:836} INFO - DAG(s) dict_keys(['LoadDataWebToDB']) retrieved from /opt/airflow/dags/web_to_localDB.py
[2023-08-24T23:45:50.544+0000] {logging_mixin.py:150} INFO - [2023-08-24T23:45:50.544+0000] {dag.py:2742} INFO - Sync 1 DAGs
[2023-08-24T23:45:50.603+0000] {logging_mixin.py:150} INFO - [2023-08-24T23:45:50.603+0000] {dag.py:3508} INFO - Setting next_dagrun for LoadDataWebToDB to 2021-01-02T06:00:00+00:00, run_after=2021-02-02T06:00:00+00:00
[2023-08-24T23:45:51.177+0000] {processor.py:179} INFO - Processing /opt/airflow/dags/web_to_localDB.py took 1.178 seconds
[2023-08-24T23:46:21.377+0000] {processor.py:157} INFO - Started process (PID=416) to work on /opt/airflow/dags/web_to_localDB.py
[2023-08-24T23:46:21.378+0000] {processor.py:826} INFO - Processing file /opt/airflow/dags/web_to_localDB.py for tasks to queue
[2023-08-24T23:46:21.379+0000] {logging_mixin.py:150} INFO - [2023-08-24T23:46:21.378+0000] {dagbag.py:541} INFO - Filling up the DagBag from /opt/airflow/dags/web_to_localDB.py
[2023-08-24T23:46:21.843+0000] {processor.py:836} INFO - DAG(s) dict_keys(['LoadDataWebToDB']) retrieved from /opt/airflow/dags/web_to_localDB.py
[2023-08-24T23:46:21.873+0000] {logging_mixin.py:150} INFO - [2023-08-24T23:46:21.872+0000] {dag.py:2742} INFO - Sync 1 DAGs
[2023-08-24T23:46:21.901+0000] {logging_mixin.py:150} INFO - [2023-08-24T23:46:21.900+0000] {dag.py:3508} INFO - Setting next_dagrun for LoadDataWebToDB to 2021-01-02T06:00:00+00:00, run_after=2021-02-02T06:00:00+00:00
[2023-08-24T23:46:21.951+0000] {processor.py:179} INFO - Processing /opt/airflow/dags/web_to_localDB.py took 0.579 seconds
[2023-08-24T23:46:52.155+0000] {processor.py:157} INFO - Started process (PID=427) to work on /opt/airflow/dags/web_to_localDB.py
[2023-08-24T23:46:52.175+0000] {processor.py:826} INFO - Processing file /opt/airflow/dags/web_to_localDB.py for tasks to queue
[2023-08-24T23:46:52.176+0000] {logging_mixin.py:150} INFO - [2023-08-24T23:46:52.176+0000] {dagbag.py:541} INFO - Filling up the DagBag from /opt/airflow/dags/web_to_localDB.py
[2023-08-24T23:46:52.599+0000] {processor.py:836} INFO - DAG(s) dict_keys(['LoadDataWebToDB']) retrieved from /opt/airflow/dags/web_to_localDB.py
[2023-08-24T23:46:52.639+0000] {logging_mixin.py:150} INFO - [2023-08-24T23:46:52.639+0000] {dag.py:2742} INFO - Sync 1 DAGs
[2023-08-24T23:46:52.679+0000] {logging_mixin.py:150} INFO - [2023-08-24T23:46:52.679+0000] {dag.py:3508} INFO - Setting next_dagrun for LoadDataWebToDB to 2021-01-02T06:00:00+00:00, run_after=2021-02-02T06:00:00+00:00
[2023-08-24T23:46:52.712+0000] {processor.py:179} INFO - Processing /opt/airflow/dags/web_to_localDB.py took 0.562 seconds
[2023-08-24T23:47:22.772+0000] {processor.py:157} INFO - Started process (PID=440) to work on /opt/airflow/dags/web_to_localDB.py
[2023-08-24T23:47:22.773+0000] {processor.py:826} INFO - Processing file /opt/airflow/dags/web_to_localDB.py for tasks to queue
[2023-08-24T23:47:22.774+0000] {logging_mixin.py:150} INFO - [2023-08-24T23:47:22.774+0000] {dagbag.py:541} INFO - Filling up the DagBag from /opt/airflow/dags/web_to_localDB.py
[2023-08-24T23:47:23.461+0000] {processor.py:836} INFO - DAG(s) dict_keys(['LoadDataWebToDB']) retrieved from /opt/airflow/dags/web_to_localDB.py
[2023-08-24T23:47:23.501+0000] {logging_mixin.py:150} INFO - [2023-08-24T23:47:23.501+0000] {dag.py:2742} INFO - Sync 1 DAGs
[2023-08-24T23:47:23.547+0000] {logging_mixin.py:150} INFO - [2023-08-24T23:47:23.547+0000] {dag.py:3508} INFO - Setting next_dagrun for LoadDataWebToDB to 2021-01-02T06:00:00+00:00, run_after=2021-02-02T06:00:00+00:00
[2023-08-24T23:47:23.821+0000] {processor.py:179} INFO - Processing /opt/airflow/dags/web_to_localDB.py took 1.052 seconds
[2023-08-24T23:47:53.948+0000] {processor.py:157} INFO - Started process (PID=452) to work on /opt/airflow/dags/web_to_localDB.py
[2023-08-24T23:47:53.949+0000] {processor.py:826} INFO - Processing file /opt/airflow/dags/web_to_localDB.py for tasks to queue
[2023-08-24T23:47:53.950+0000] {logging_mixin.py:150} INFO - [2023-08-24T23:47:53.950+0000] {dagbag.py:541} INFO - Filling up the DagBag from /opt/airflow/dags/web_to_localDB.py
[2023-08-24T23:47:54.420+0000] {processor.py:836} INFO - DAG(s) dict_keys(['LoadDataWebToDB']) retrieved from /opt/airflow/dags/web_to_localDB.py
[2023-08-24T23:47:54.458+0000] {logging_mixin.py:150} INFO - [2023-08-24T23:47:54.458+0000] {dag.py:2742} INFO - Sync 1 DAGs
[2023-08-24T23:47:54.492+0000] {logging_mixin.py:150} INFO - [2023-08-24T23:47:54.492+0000] {dag.py:3508} INFO - Setting next_dagrun for LoadDataWebToDB to 2021-01-02T06:00:00+00:00, run_after=2021-02-02T06:00:00+00:00
[2023-08-24T23:47:54.568+0000] {processor.py:179} INFO - Processing /opt/airflow/dags/web_to_localDB.py took 0.623 seconds
[2023-08-24T23:48:24.769+0000] {processor.py:157} INFO - Started process (PID=464) to work on /opt/airflow/dags/web_to_localDB.py
[2023-08-24T23:48:24.770+0000] {processor.py:826} INFO - Processing file /opt/airflow/dags/web_to_localDB.py for tasks to queue
[2023-08-24T23:48:24.771+0000] {logging_mixin.py:150} INFO - [2023-08-24T23:48:24.770+0000] {dagbag.py:541} INFO - Filling up the DagBag from /opt/airflow/dags/web_to_localDB.py
[2023-08-24T23:48:25.205+0000] {processor.py:836} INFO - DAG(s) dict_keys(['LoadDataWebToDB']) retrieved from /opt/airflow/dags/web_to_localDB.py
[2023-08-24T23:48:25.234+0000] {logging_mixin.py:150} INFO - [2023-08-24T23:48:25.234+0000] {dag.py:2742} INFO - Sync 1 DAGs
[2023-08-24T23:48:25.264+0000] {logging_mixin.py:150} INFO - [2023-08-24T23:48:25.264+0000] {dag.py:3508} INFO - Setting next_dagrun for LoadDataWebToDB to 2021-01-02T06:00:00+00:00, run_after=2021-02-02T06:00:00+00:00
[2023-08-24T23:48:25.371+0000] {processor.py:179} INFO - Processing /opt/airflow/dags/web_to_localDB.py took 0.606 seconds
[2023-08-24T23:48:55.565+0000] {processor.py:157} INFO - Started process (PID=476) to work on /opt/airflow/dags/web_to_localDB.py
[2023-08-24T23:48:55.566+0000] {processor.py:826} INFO - Processing file /opt/airflow/dags/web_to_localDB.py for tasks to queue
[2023-08-24T23:48:55.567+0000] {logging_mixin.py:150} INFO - [2023-08-24T23:48:55.567+0000] {dagbag.py:541} INFO - Filling up the DagBag from /opt/airflow/dags/web_to_localDB.py
[2023-08-24T23:48:56.556+0000] {processor.py:836} INFO - DAG(s) dict_keys(['LoadDataWebToDB']) retrieved from /opt/airflow/dags/web_to_localDB.py
[2023-08-24T23:48:56.587+0000] {logging_mixin.py:150} INFO - [2023-08-24T23:48:56.586+0000] {dag.py:2742} INFO - Sync 1 DAGs
[2023-08-24T23:48:56.647+0000] {logging_mixin.py:150} INFO - [2023-08-24T23:48:56.647+0000] {dag.py:3508} INFO - Setting next_dagrun for LoadDataWebToDB to 2021-01-02T06:00:00+00:00, run_after=2021-02-02T06:00:00+00:00
[2023-08-24T23:48:56.751+0000] {processor.py:179} INFO - Processing /opt/airflow/dags/web_to_localDB.py took 1.190 seconds
[2023-08-24T23:49:26.949+0000] {processor.py:157} INFO - Started process (PID=488) to work on /opt/airflow/dags/web_to_localDB.py
[2023-08-24T23:49:26.950+0000] {processor.py:826} INFO - Processing file /opt/airflow/dags/web_to_localDB.py for tasks to queue
[2023-08-24T23:49:26.951+0000] {logging_mixin.py:150} INFO - [2023-08-24T23:49:26.951+0000] {dagbag.py:541} INFO - Filling up the DagBag from /opt/airflow/dags/web_to_localDB.py
[2023-08-24T23:49:27.456+0000] {processor.py:836} INFO - DAG(s) dict_keys(['LoadDataWebToDB']) retrieved from /opt/airflow/dags/web_to_localDB.py
[2023-08-24T23:49:27.486+0000] {logging_mixin.py:150} INFO - [2023-08-24T23:49:27.486+0000] {dag.py:2742} INFO - Sync 1 DAGs
[2023-08-24T23:49:27.515+0000] {logging_mixin.py:150} INFO - [2023-08-24T23:49:27.515+0000] {dag.py:3508} INFO - Setting next_dagrun for LoadDataWebToDB to 2021-01-02T06:00:00+00:00, run_after=2021-02-02T06:00:00+00:00
[2023-08-24T23:49:27.552+0000] {processor.py:179} INFO - Processing /opt/airflow/dags/web_to_localDB.py took 0.607 seconds
[2023-08-24T23:49:57.772+0000] {processor.py:157} INFO - Started process (PID=501) to work on /opt/airflow/dags/web_to_localDB.py
[2023-08-24T23:49:57.773+0000] {processor.py:826} INFO - Processing file /opt/airflow/dags/web_to_localDB.py for tasks to queue
[2023-08-24T23:49:57.774+0000] {logging_mixin.py:150} INFO - [2023-08-24T23:49:57.774+0000] {dagbag.py:541} INFO - Filling up the DagBag from /opt/airflow/dags/web_to_localDB.py
[2023-08-24T23:49:58.176+0000] {processor.py:836} INFO - DAG(s) dict_keys(['LoadDataWebToDB']) retrieved from /opt/airflow/dags/web_to_localDB.py
[2023-08-24T23:49:58.209+0000] {logging_mixin.py:150} INFO - [2023-08-24T23:49:58.209+0000] {dag.py:2742} INFO - Sync 1 DAGs
[2023-08-24T23:49:58.242+0000] {logging_mixin.py:150} INFO - [2023-08-24T23:49:58.242+0000] {dag.py:3508} INFO - Setting next_dagrun for LoadDataWebToDB to 2021-01-02T06:00:00+00:00, run_after=2021-02-02T06:00:00+00:00
[2023-08-24T23:49:58.326+0000] {processor.py:179} INFO - Processing /opt/airflow/dags/web_to_localDB.py took 0.559 seconds
[2023-08-24T23:50:28.513+0000] {processor.py:157} INFO - Started process (PID=513) to work on /opt/airflow/dags/web_to_localDB.py
[2023-08-24T23:50:28.514+0000] {processor.py:826} INFO - Processing file /opt/airflow/dags/web_to_localDB.py for tasks to queue
[2023-08-24T23:50:28.514+0000] {logging_mixin.py:150} INFO - [2023-08-24T23:50:28.514+0000] {dagbag.py:541} INFO - Filling up the DagBag from /opt/airflow/dags/web_to_localDB.py
[2023-08-24T23:50:28.949+0000] {processor.py:836} INFO - DAG(s) dict_keys(['LoadDataWebToDB']) retrieved from /opt/airflow/dags/web_to_localDB.py
[2023-08-24T23:50:28.978+0000] {logging_mixin.py:150} INFO - [2023-08-24T23:50:28.978+0000] {dag.py:2742} INFO - Sync 1 DAGs
[2023-08-24T23:50:29.007+0000] {logging_mixin.py:150} INFO - [2023-08-24T23:50:29.007+0000] {dag.py:3508} INFO - Setting next_dagrun for LoadDataWebToDB to 2021-01-02T06:00:00+00:00, run_after=2021-02-02T06:00:00+00:00
[2023-08-24T23:50:29.050+0000] {processor.py:179} INFO - Processing /opt/airflow/dags/web_to_localDB.py took 0.540 seconds
[2023-08-24T23:50:59.298+0000] {processor.py:157} INFO - Started process (PID=524) to work on /opt/airflow/dags/web_to_localDB.py
[2023-08-24T23:50:59.464+0000] {processor.py:826} INFO - Processing file /opt/airflow/dags/web_to_localDB.py for tasks to queue
[2023-08-24T23:50:59.465+0000] {logging_mixin.py:150} INFO - [2023-08-24T23:50:59.465+0000] {dagbag.py:541} INFO - Filling up the DagBag from /opt/airflow/dags/web_to_localDB.py
[2023-08-24T23:51:00.629+0000] {processor.py:836} INFO - DAG(s) dict_keys(['LoadDataWebToDB']) retrieved from /opt/airflow/dags/web_to_localDB.py
[2023-08-24T23:51:01.522+0000] {logging_mixin.py:150} INFO - [2023-08-24T23:51:01.522+0000] {dag.py:2742} INFO - Sync 1 DAGs
[2023-08-24T23:51:01.553+0000] {logging_mixin.py:150} INFO - [2023-08-24T23:51:01.553+0000] {dag.py:3508} INFO - Setting next_dagrun for LoadDataWebToDB to 2021-01-02T06:00:00+00:00, run_after=2021-02-02T06:00:00+00:00
[2023-08-24T23:51:02.117+0000] {processor.py:179} INFO - Processing /opt/airflow/dags/web_to_localDB.py took 2.823 seconds
[2023-08-24T23:51:32.284+0000] {processor.py:157} INFO - Started process (PID=535) to work on /opt/airflow/dags/web_to_localDB.py
[2023-08-24T23:51:32.294+0000] {processor.py:826} INFO - Processing file /opt/airflow/dags/web_to_localDB.py for tasks to queue
[2023-08-24T23:51:32.295+0000] {logging_mixin.py:150} INFO - [2023-08-24T23:51:32.294+0000] {dagbag.py:541} INFO - Filling up the DagBag from /opt/airflow/dags/web_to_localDB.py
[2023-08-24T23:51:32.713+0000] {processor.py:836} INFO - DAG(s) dict_keys(['LoadDataWebToDB']) retrieved from /opt/airflow/dags/web_to_localDB.py
[2023-08-24T23:51:32.742+0000] {logging_mixin.py:150} INFO - [2023-08-24T23:51:32.742+0000] {dag.py:2742} INFO - Sync 1 DAGs
[2023-08-24T23:51:32.771+0000] {logging_mixin.py:150} INFO - [2023-08-24T23:51:32.771+0000] {dag.py:3508} INFO - Setting next_dagrun for LoadDataWebToDB to 2021-01-02T06:00:00+00:00, run_after=2021-02-02T06:00:00+00:00
[2023-08-24T23:51:32.810+0000] {processor.py:179} INFO - Processing /opt/airflow/dags/web_to_localDB.py took 0.530 seconds
[2023-08-24T23:52:03.000+0000] {processor.py:157} INFO - Started process (PID=547) to work on /opt/airflow/dags/web_to_localDB.py
[2023-08-24T23:52:03.001+0000] {processor.py:826} INFO - Processing file /opt/airflow/dags/web_to_localDB.py for tasks to queue
[2023-08-24T23:52:03.002+0000] {logging_mixin.py:150} INFO - [2023-08-24T23:52:03.001+0000] {dagbag.py:541} INFO - Filling up the DagBag from /opt/airflow/dags/web_to_localDB.py
[2023-08-24T23:52:05.753+0000] {processor.py:836} INFO - DAG(s) dict_keys(['LoadDataWebToDB']) retrieved from /opt/airflow/dags/web_to_localDB.py
[2023-08-24T23:52:05.818+0000] {logging_mixin.py:150} INFO - [2023-08-24T23:52:05.818+0000] {dag.py:2742} INFO - Sync 1 DAGs
[2023-08-24T23:52:05.849+0000] {logging_mixin.py:150} INFO - [2023-08-24T23:52:05.849+0000] {dag.py:3508} INFO - Setting next_dagrun for LoadDataWebToDB to 2021-01-02T06:00:00+00:00, run_after=2021-02-02T06:00:00+00:00
[2023-08-24T23:52:05.939+0000] {processor.py:179} INFO - Processing /opt/airflow/dags/web_to_localDB.py took 2.943 seconds
[2023-08-24T23:52:36.006+0000] {processor.py:157} INFO - Started process (PID=559) to work on /opt/airflow/dags/web_to_localDB.py
[2023-08-24T23:52:36.007+0000] {processor.py:826} INFO - Processing file /opt/airflow/dags/web_to_localDB.py for tasks to queue
[2023-08-24T23:52:36.008+0000] {logging_mixin.py:150} INFO - [2023-08-24T23:52:36.007+0000] {dagbag.py:541} INFO - Filling up the DagBag from /opt/airflow/dags/web_to_localDB.py
[2023-08-24T23:52:36.531+0000] {processor.py:836} INFO - DAG(s) dict_keys(['LoadDataWebToDB']) retrieved from /opt/airflow/dags/web_to_localDB.py
[2023-08-24T23:52:36.571+0000] {logging_mixin.py:150} INFO - [2023-08-24T23:52:36.571+0000] {dag.py:2742} INFO - Sync 1 DAGs
[2023-08-24T23:52:36.628+0000] {logging_mixin.py:150} INFO - [2023-08-24T23:52:36.628+0000] {dag.py:3508} INFO - Setting next_dagrun for LoadDataWebToDB to 2021-01-02T06:00:00+00:00, run_after=2021-02-02T06:00:00+00:00
[2023-08-24T23:52:37.133+0000] {processor.py:179} INFO - Processing /opt/airflow/dags/web_to_localDB.py took 1.130 seconds
[2023-08-24T23:53:07.261+0000] {processor.py:157} INFO - Started process (PID=571) to work on /opt/airflow/dags/web_to_localDB.py
[2023-08-24T23:53:07.262+0000] {processor.py:826} INFO - Processing file /opt/airflow/dags/web_to_localDB.py for tasks to queue
[2023-08-24T23:53:07.262+0000] {logging_mixin.py:150} INFO - [2023-08-24T23:53:07.262+0000] {dagbag.py:541} INFO - Filling up the DagBag from /opt/airflow/dags/web_to_localDB.py
[2023-08-24T23:53:07.698+0000] {processor.py:836} INFO - DAG(s) dict_keys(['LoadDataWebToDB']) retrieved from /opt/airflow/dags/web_to_localDB.py
[2023-08-24T23:53:07.727+0000] {logging_mixin.py:150} INFO - [2023-08-24T23:53:07.727+0000] {dag.py:2742} INFO - Sync 1 DAGs
[2023-08-24T23:53:07.754+0000] {logging_mixin.py:150} INFO - [2023-08-24T23:53:07.754+0000] {dag.py:3508} INFO - Setting next_dagrun for LoadDataWebToDB to 2021-01-02T06:00:00+00:00, run_after=2021-02-02T06:00:00+00:00
[2023-08-24T23:53:07.820+0000] {processor.py:179} INFO - Processing /opt/airflow/dags/web_to_localDB.py took 0.562 seconds
[2023-08-24T23:53:41.416+0000] {processor.py:157} INFO - Started process (PID=583) to work on /opt/airflow/dags/web_to_localDB.py
[2023-08-24T23:53:41.697+0000] {processor.py:826} INFO - Processing file /opt/airflow/dags/web_to_localDB.py for tasks to queue
[2023-08-24T23:53:41.698+0000] {logging_mixin.py:150} INFO - [2023-08-24T23:53:41.698+0000] {dagbag.py:541} INFO - Filling up the DagBag from /opt/airflow/dags/web_to_localDB.py
[2023-08-24T23:53:49.850+0000] {processor.py:836} INFO - DAG(s) dict_keys(['LoadDataWebToDB']) retrieved from /opt/airflow/dags/web_to_localDB.py
[2023-08-24T23:53:52.366+0000] {logging_mixin.py:150} INFO - [2023-08-24T23:53:52.366+0000] {dag.py:2742} INFO - Sync 1 DAGs
[2023-08-24T23:53:52.590+0000] {logging_mixin.py:150} INFO - [2023-08-24T23:53:52.590+0000] {dag.py:3508} INFO - Setting next_dagrun for LoadDataWebToDB to 2021-01-02T06:00:00+00:00, run_after=2021-02-02T06:00:00+00:00
[2023-08-24T23:53:53.062+0000] {processor.py:179} INFO - Processing /opt/airflow/dags/web_to_localDB.py took 12.731 seconds
[2023-08-24T23:54:23.913+0000] {processor.py:157} INFO - Started process (PID=595) to work on /opt/airflow/dags/web_to_localDB.py
[2023-08-24T23:54:24.706+0000] {processor.py:826} INFO - Processing file /opt/airflow/dags/web_to_localDB.py for tasks to queue
[2023-08-24T23:54:24.708+0000] {logging_mixin.py:150} INFO - [2023-08-24T23:54:24.707+0000] {dagbag.py:541} INFO - Filling up the DagBag from /opt/airflow/dags/web_to_localDB.py
[2023-08-24T23:54:48.552+0000] {processor.py:836} INFO - DAG(s) dict_keys(['LoadDataWebToDB']) retrieved from /opt/airflow/dags/web_to_localDB.py
[2023-08-24T23:54:48.584+0000] {logging_mixin.py:150} INFO - [2023-08-24T23:54:48.584+0000] {dag.py:2742} INFO - Sync 1 DAGs
[2023-08-24T23:54:48.828+0000] {logging_mixin.py:150} INFO - [2023-08-24T23:54:48.828+0000] {dag.py:3508} INFO - Setting next_dagrun for LoadDataWebToDB to 2021-01-02T06:00:00+00:00, run_after=2021-02-02T06:00:00+00:00
[2023-08-24T23:54:49.178+0000] {processor.py:179} INFO - Processing /opt/airflow/dags/web_to_localDB.py took 25.428 seconds
[2023-08-24T23:55:20.188+0000] {processor.py:157} INFO - Started process (PID=608) to work on /opt/airflow/dags/web_to_localDB.py
[2023-08-24T23:55:20.327+0000] {processor.py:826} INFO - Processing file /opt/airflow/dags/web_to_localDB.py for tasks to queue
[2023-08-24T23:55:20.328+0000] {logging_mixin.py:150} INFO - [2023-08-24T23:55:20.328+0000] {dagbag.py:541} INFO - Filling up the DagBag from /opt/airflow/dags/web_to_localDB.py
[2023-08-24T23:55:23.033+0000] {processor.py:836} INFO - DAG(s) dict_keys(['LoadDataWebToDB']) retrieved from /opt/airflow/dags/web_to_localDB.py
[2023-08-24T23:55:23.292+0000] {logging_mixin.py:150} INFO - [2023-08-24T23:55:23.292+0000] {dag.py:2742} INFO - Sync 1 DAGs
[2023-08-24T23:55:23.372+0000] {logging_mixin.py:150} INFO - [2023-08-24T23:55:23.372+0000] {dag.py:3508} INFO - Setting next_dagrun for LoadDataWebToDB to 2021-01-02T06:00:00+00:00, run_after=2021-02-02T06:00:00+00:00
[2023-08-24T23:55:23.949+0000] {processor.py:179} INFO - Processing /opt/airflow/dags/web_to_localDB.py took 3.768 seconds
[2023-08-24T23:55:54.110+0000] {processor.py:157} INFO - Started process (PID=626) to work on /opt/airflow/dags/web_to_localDB.py
[2023-08-24T23:55:54.143+0000] {processor.py:826} INFO - Processing file /opt/airflow/dags/web_to_localDB.py for tasks to queue
[2023-08-24T23:55:54.144+0000] {logging_mixin.py:150} INFO - [2023-08-24T23:55:54.144+0000] {dagbag.py:541} INFO - Filling up the DagBag from /opt/airflow/dags/web_to_localDB.py
[2023-08-24T23:55:55.014+0000] {processor.py:836} INFO - DAG(s) dict_keys(['LoadDataWebToDB']) retrieved from /opt/airflow/dags/web_to_localDB.py
[2023-08-24T23:55:55.056+0000] {logging_mixin.py:150} INFO - [2023-08-24T23:55:55.056+0000] {dag.py:2742} INFO - Sync 1 DAGs
[2023-08-24T23:55:55.287+0000] {logging_mixin.py:150} INFO - [2023-08-24T23:55:55.286+0000] {dag.py:3508} INFO - Setting next_dagrun for LoadDataWebToDB to 2021-01-02T06:00:00+00:00, run_after=2021-02-02T06:00:00+00:00
[2023-08-24T23:55:55.582+0000] {processor.py:179} INFO - Processing /opt/airflow/dags/web_to_localDB.py took 1.477 seconds
[2023-08-24T23:56:25.771+0000] {processor.py:157} INFO - Started process (PID=631) to work on /opt/airflow/dags/web_to_localDB.py
[2023-08-24T23:56:25.772+0000] {processor.py:826} INFO - Processing file /opt/airflow/dags/web_to_localDB.py for tasks to queue
[2023-08-24T23:56:25.777+0000] {logging_mixin.py:150} INFO - [2023-08-24T23:56:25.774+0000] {dagbag.py:541} INFO - Filling up the DagBag from /opt/airflow/dags/web_to_localDB.py
[2023-08-24T23:56:26.263+0000] {processor.py:836} INFO - DAG(s) dict_keys(['LoadDataWebToDB']) retrieved from /opt/airflow/dags/web_to_localDB.py
[2023-08-24T23:56:26.293+0000] {logging_mixin.py:150} INFO - [2023-08-24T23:56:26.293+0000] {dag.py:2742} INFO - Sync 1 DAGs
[2023-08-24T23:56:26.856+0000] {processor.py:179} INFO - Processing /opt/airflow/dags/web_to_localDB.py took 1.090 seconds
[2023-08-24T23:56:57.243+0000] {processor.py:157} INFO - Started process (PID=643) to work on /opt/airflow/dags/web_to_localDB.py
[2023-08-24T23:56:57.244+0000] {processor.py:826} INFO - Processing file /opt/airflow/dags/web_to_localDB.py for tasks to queue
[2023-08-24T23:56:57.245+0000] {logging_mixin.py:150} INFO - [2023-08-24T23:56:57.245+0000] {dagbag.py:541} INFO - Filling up the DagBag from /opt/airflow/dags/web_to_localDB.py
[2023-08-24T23:56:57.777+0000] {processor.py:836} INFO - DAG(s) dict_keys(['LoadDataWebToDB']) retrieved from /opt/airflow/dags/web_to_localDB.py
[2023-08-24T23:56:57.826+0000] {logging_mixin.py:150} INFO - [2023-08-24T23:56:57.826+0000] {dag.py:2742} INFO - Sync 1 DAGs
[2023-08-24T23:56:58.289+0000] {processor.py:179} INFO - Processing /opt/airflow/dags/web_to_localDB.py took 1.049 seconds
[2023-08-24T23:57:28.404+0000] {processor.py:157} INFO - Started process (PID=655) to work on /opt/airflow/dags/web_to_localDB.py
[2023-08-24T23:57:28.405+0000] {processor.py:826} INFO - Processing file /opt/airflow/dags/web_to_localDB.py for tasks to queue
[2023-08-24T23:57:28.406+0000] {logging_mixin.py:150} INFO - [2023-08-24T23:57:28.406+0000] {dagbag.py:541} INFO - Filling up the DagBag from /opt/airflow/dags/web_to_localDB.py
[2023-08-24T23:57:28.937+0000] {processor.py:836} INFO - DAG(s) dict_keys(['LoadDataWebToDB']) retrieved from /opt/airflow/dags/web_to_localDB.py
[2023-08-24T23:57:28.981+0000] {logging_mixin.py:150} INFO - [2023-08-24T23:57:28.980+0000] {dag.py:2742} INFO - Sync 1 DAGs
[2023-08-24T23:57:29.125+0000] {processor.py:179} INFO - Processing /opt/airflow/dags/web_to_localDB.py took 0.724 seconds
[2023-08-24T23:57:59.330+0000] {processor.py:157} INFO - Started process (PID=667) to work on /opt/airflow/dags/web_to_localDB.py
[2023-08-24T23:57:59.331+0000] {processor.py:826} INFO - Processing file /opt/airflow/dags/web_to_localDB.py for tasks to queue
[2023-08-24T23:57:59.332+0000] {logging_mixin.py:150} INFO - [2023-08-24T23:57:59.332+0000] {dagbag.py:541} INFO - Filling up the DagBag from /opt/airflow/dags/web_to_localDB.py
[2023-08-24T23:57:59.860+0000] {processor.py:836} INFO - DAG(s) dict_keys(['LoadDataWebToDB']) retrieved from /opt/airflow/dags/web_to_localDB.py
[2023-08-24T23:57:59.895+0000] {logging_mixin.py:150} INFO - [2023-08-24T23:57:59.895+0000] {dag.py:2742} INFO - Sync 1 DAGs
[2023-08-24T23:58:00.778+0000] {processor.py:179} INFO - Processing /opt/airflow/dags/web_to_localDB.py took 1.451 seconds
[2023-08-24T23:58:31.023+0000] {processor.py:157} INFO - Started process (PID=679) to work on /opt/airflow/dags/web_to_localDB.py
[2023-08-24T23:58:31.037+0000] {processor.py:826} INFO - Processing file /opt/airflow/dags/web_to_localDB.py for tasks to queue
[2023-08-24T23:58:31.039+0000] {logging_mixin.py:150} INFO - [2023-08-24T23:58:31.038+0000] {dagbag.py:541} INFO - Filling up the DagBag from /opt/airflow/dags/web_to_localDB.py
[2023-08-24T23:58:31.977+0000] {processor.py:836} INFO - DAG(s) dict_keys(['LoadDataWebToDB']) retrieved from /opt/airflow/dags/web_to_localDB.py
[2023-08-24T23:58:32.036+0000] {logging_mixin.py:150} INFO - [2023-08-24T23:58:32.035+0000] {dag.py:2742} INFO - Sync 1 DAGs
[2023-08-24T23:58:32.333+0000] {processor.py:179} INFO - Processing /opt/airflow/dags/web_to_localDB.py took 1.314 seconds
[2023-08-24T23:59:02.567+0000] {processor.py:157} INFO - Started process (PID=690) to work on /opt/airflow/dags/web_to_localDB.py
[2023-08-24T23:59:02.718+0000] {processor.py:826} INFO - Processing file /opt/airflow/dags/web_to_localDB.py for tasks to queue
[2023-08-24T23:59:02.719+0000] {logging_mixin.py:150} INFO - [2023-08-24T23:59:02.719+0000] {dagbag.py:541} INFO - Filling up the DagBag from /opt/airflow/dags/web_to_localDB.py
[2023-08-24T23:59:13.996+0000] {processor.py:836} INFO - DAG(s) dict_keys(['LoadDataWebToDB']) retrieved from /opt/airflow/dags/web_to_localDB.py
[2023-08-24T23:59:14.505+0000] {logging_mixin.py:150} INFO - [2023-08-24T23:59:14.505+0000] {dag.py:2742} INFO - Sync 1 DAGs
[2023-08-24T23:59:15.704+0000] {processor.py:179} INFO - Processing /opt/airflow/dags/web_to_localDB.py took 13.140 seconds
[2023-08-24T23:59:45.901+0000] {processor.py:157} INFO - Started process (PID=702) to work on /opt/airflow/dags/web_to_localDB.py
[2023-08-24T23:59:46.029+0000] {processor.py:826} INFO - Processing file /opt/airflow/dags/web_to_localDB.py for tasks to queue
[2023-08-24T23:59:46.030+0000] {logging_mixin.py:150} INFO - [2023-08-24T23:59:46.030+0000] {dagbag.py:541} INFO - Filling up the DagBag from /opt/airflow/dags/web_to_localDB.py
[2023-08-24T23:59:48.004+0000] {processor.py:836} INFO - DAG(s) dict_keys(['LoadDataWebToDB']) retrieved from /opt/airflow/dags/web_to_localDB.py
[2023-08-24T23:59:48.032+0000] {logging_mixin.py:150} INFO - [2023-08-24T23:59:48.032+0000] {dag.py:2742} INFO - Sync 1 DAGs
[2023-08-24T23:59:48.178+0000] {processor.py:179} INFO - Processing /opt/airflow/dags/web_to_localDB.py took 2.280 seconds
