[2023-10-02T00:03:43.204+0000] {taskinstance.py:1103} INFO - Dependencies all met for dep_context=non-requeueable deps ti=<TaskInstance: Load-Green-Taxi-Data-Web-To-GCS-To-Postgres.extract_to_gcs scheduled__2019-03-02T06:00:00+00:00 [queued]>
[2023-10-02T00:03:43.217+0000] {taskinstance.py:1103} INFO - Dependencies all met for dep_context=requeueable deps ti=<TaskInstance: Load-Green-Taxi-Data-Web-To-GCS-To-Postgres.extract_to_gcs scheduled__2019-03-02T06:00:00+00:00 [queued]>
[2023-10-02T00:03:43.217+0000] {taskinstance.py:1308} INFO - Starting attempt 1 of 3
[2023-10-02T00:03:43.260+0000] {taskinstance.py:1327} INFO - Executing <Task(WebToGCSHKOperator): extract_to_gcs> on 2019-03-02 06:00:00+00:00
[2023-10-02T00:03:43.270+0000] {standard_task_runner.py:57} INFO - Started process 297 to run task
[2023-10-02T00:03:43.274+0000] {standard_task_runner.py:84} INFO - Running: ['***', 'tasks', 'run', 'Load-Green-Taxi-Data-Web-To-GCS-To-Postgres', 'extract_to_gcs', 'scheduled__2019-03-02T06:00:00+00:00', '--job-id', '652', '--raw', '--subdir', 'DAGS_FOLDER/web_gcs_pg.py', '--cfg-path', '/tmp/tmp4r8qdqn5']
[2023-10-02T00:03:43.278+0000] {standard_task_runner.py:85} INFO - Job 652: Subtask extract_to_gcs
[2023-10-02T00:03:43.379+0000] {task_command.py:410} INFO - Running <TaskInstance: Load-Green-Taxi-Data-Web-To-GCS-To-Postgres.extract_to_gcs scheduled__2019-03-02T06:00:00+00:00 [running]> on host 537710aea1a2
[2023-10-02T00:03:43.675+0000] {taskinstance.py:1547} INFO - Exporting env vars: AIRFLOW_CTX_DAG_EMAIL='' AIRFLOW_CTX_DAG_OWNER='***' AIRFLOW_CTX_DAG_ID='Load-Green-Taxi-Data-Web-To-GCS-To-Postgres' AIRFLOW_CTX_TASK_ID='extract_to_gcs' AIRFLOW_CTX_EXECUTION_DATE='2019-03-02T06:00:00+00:00' AIRFLOW_CTX_TRY_NUMBER='1' AIRFLOW_CTX_DAG_RUN_ID='scheduled__2019-03-02T06:00:00+00:00'
[2023-10-02T00:03:43.676+0000] {crypto.py:83} WARNING - empty cryptography key - values will not be stored encrypted.
[2023-10-02T00:03:43.677+0000] {base.py:73} INFO - Using connection ID 'google_cloud_default' for task execution.
[2023-10-02T00:03:43.677+0000] {Web_To_GCS_Hook.py:67} INFO - Execute downloading of file from https://github.com/DataTalksClub/nyc-tlc-data/releases/download/green/green_tripdata_2019-03.csv.gz to gs://practice18//green_tripdata_2019-03.csv.gz
[2023-10-02T00:03:50.469+0000] {Web_To_GCS_Hook.py:79} INFO - File written to temporary directory: /tmp/tmp1qedvhy3/green_tripdata_2019-03.csv.gz
[2023-10-02T00:03:59.814+0000] {logging_mixin.py:150} INFO -    VendorID lpep_pickup_datetime  ... trip_type congestion_surcharge
0         2  2019-03-01 00:02:21  ...         1                  0.0
1         2  2019-03-01 00:42:31  ...         1                  0.0
2         1  2019-03-01 00:15:53  ...         1                  0.0
3         2  2019-02-28 23:55:58  ...         1                  0.0
4         2  2019-03-01 00:55:58  ...         1                  0.0

[5 rows x 20 columns]
[2023-10-02T00:03:59.814+0000] {logging_mixin.py:150} INFO - (601102, 20)
[2023-10-02T00:04:05.683+0000] {Web_To_GCS_Hook.py:90} INFO - Parquet: green_tripdata_2019-03.csv
[2023-10-02T00:04:42.528+0000] {gcs.py:538} INFO - File /tmp/tmp1qedvhy3/green_tripdata_2019-03.csv uploaded to green/green_tripdata_2019-03.csv in practice18 bucket
[2023-10-02T00:04:42.659+0000] {Web_To_GCS_Hook.py:105} INFO - Loaded file from https://github.com/DataTalksClub/nyc-tlc-data/releases/download/green/green_tripdata_2019-03.csv.gz to gs://practice18//green/green_tripdata_2019-03.csv
[2023-10-02T00:04:42.716+0000] {taskinstance.py:1350} INFO - Marking task as SUCCESS. dag_id=Load-Green-Taxi-Data-Web-To-GCS-To-Postgres, task_id=extract_to_gcs, execution_date=20190302T060000, start_date=20231002T000343, end_date=20231002T000442
[2023-10-02T00:04:43.039+0000] {local_task_job_runner.py:225} INFO - Task exited with return code 0
[2023-10-02T00:04:43.075+0000] {taskinstance.py:2653} INFO - 1 downstream tasks scheduled from follow-on schedule check
[2023-10-02T12:01:23.151+0000] {taskinstance.py:1103} INFO - Dependencies all met for dep_context=non-requeueable deps ti=<TaskInstance: Load-Green-Taxi-Data-Web-To-GCS-To-Postgres.extract_to_gcs scheduled__2019-03-02T06:00:00+00:00 [queued]>
[2023-10-02T12:01:23.182+0000] {taskinstance.py:1103} INFO - Dependencies all met for dep_context=requeueable deps ti=<TaskInstance: Load-Green-Taxi-Data-Web-To-GCS-To-Postgres.extract_to_gcs scheduled__2019-03-02T06:00:00+00:00 [queued]>
[2023-10-02T12:01:23.182+0000] {taskinstance.py:1308} INFO - Starting attempt 1 of 3
[2023-10-02T12:01:23.227+0000] {taskinstance.py:1327} INFO - Executing <Task(WebToGCSHKOperator): extract_to_gcs> on 2019-03-02 06:00:00+00:00
[2023-10-02T12:01:23.235+0000] {standard_task_runner.py:57} INFO - Started process 2386 to run task
[2023-10-02T12:01:23.238+0000] {standard_task_runner.py:84} INFO - Running: ['***', 'tasks', 'run', 'Load-Green-Taxi-Data-Web-To-GCS-To-Postgres', 'extract_to_gcs', 'scheduled__2019-03-02T06:00:00+00:00', '--job-id', '844', '--raw', '--subdir', 'DAGS_FOLDER/web_gcs_pg.py', '--cfg-path', '/tmp/tmpodwebw39']
[2023-10-02T12:01:23.241+0000] {standard_task_runner.py:85} INFO - Job 844: Subtask extract_to_gcs
[2023-10-02T12:01:23.303+0000] {task_command.py:410} INFO - Running <TaskInstance: Load-Green-Taxi-Data-Web-To-GCS-To-Postgres.extract_to_gcs scheduled__2019-03-02T06:00:00+00:00 [running]> on host 537710aea1a2
[2023-10-02T12:01:23.595+0000] {taskinstance.py:1547} INFO - Exporting env vars: AIRFLOW_CTX_DAG_EMAIL='' AIRFLOW_CTX_DAG_OWNER='***' AIRFLOW_CTX_DAG_ID='Load-Green-Taxi-Data-Web-To-GCS-To-Postgres' AIRFLOW_CTX_TASK_ID='extract_to_gcs' AIRFLOW_CTX_EXECUTION_DATE='2019-03-02T06:00:00+00:00' AIRFLOW_CTX_TRY_NUMBER='1' AIRFLOW_CTX_DAG_RUN_ID='scheduled__2019-03-02T06:00:00+00:00'
[2023-10-02T12:01:23.597+0000] {crypto.py:83} WARNING - empty cryptography key - values will not be stored encrypted.
[2023-10-02T12:01:23.598+0000] {base.py:73} INFO - Using connection ID 'google_cloud_default' for task execution.
[2023-10-02T12:01:23.598+0000] {Web_To_GCS_Hook.py:67} INFO - Execute downloading of file from https://github.com/DataTalksClub/nyc-tlc-data/releases/download/green/green_tripdata_2019-03.csv.gz to gs://practice18//green_tripdata_2019-03.csv.gz
[2023-10-02T12:01:59.833+0000] {Web_To_GCS_Hook.py:79} INFO - File written to temporary directory: /tmp/tmp5bdhe6hl/green_tripdata_2019-03.csv.gz
[2023-10-02T12:02:01.939+0000] {logging_mixin.py:150} INFO -    VendorID lpep_pickup_datetime  ... trip_type congestion_surcharge
0         2  2019-03-01 00:02:21  ...         1                  0.0
1         2  2019-03-01 00:42:31  ...         1                  0.0
2         1  2019-03-01 00:15:53  ...         1                  0.0
3         2  2019-02-28 23:55:58  ...         1                  0.0
4         2  2019-03-01 00:55:58  ...         1                  0.0

[5 rows x 20 columns]
[2023-10-02T12:02:01.939+0000] {logging_mixin.py:150} INFO - (601102, 20)
[2023-10-02T12:02:06.774+0000] {Web_To_GCS_Hook.py:90} INFO - Parquet: green_tripdata_2019-03.csv
[2023-10-02T12:02:29.533+0000] {gcs.py:538} INFO - File /tmp/tmp5bdhe6hl/green_tripdata_2019-03.csv uploaded to green/green_tripdata_2019-03.csv in practice18 bucket
[2023-10-02T12:02:29.534+0000] {Web_To_GCS_Hook.py:105} INFO - Loaded file from https://github.com/DataTalksClub/nyc-tlc-data/releases/download/green/green_tripdata_2019-03.csv.gz to gs://practice18//green/green_tripdata_2019-03.csv
[2023-10-02T12:02:29.628+0000] {taskinstance.py:1350} INFO - Marking task as SUCCESS. dag_id=Load-Green-Taxi-Data-Web-To-GCS-To-Postgres, task_id=extract_to_gcs, execution_date=20190302T060000, start_date=20231002T120123, end_date=20231002T120229
[2023-10-02T12:02:29.672+0000] {local_task_job_runner.py:225} INFO - Task exited with return code 0
[2023-10-02T12:02:29.705+0000] {taskinstance.py:2653} INFO - 1 downstream tasks scheduled from follow-on schedule check
